[ 2013-09-26T10:38:36+08:00 ] 0.0.0.0 /robot/
INFO: [ app_begin ] --START--
INFO: ReadHtmlCache Behavior ::run [ RunTime:0.000709s ]
INFO: [ app_begin ] --END-- [ RunTime:0.000865s ]
INFO: [ view_parse ] --START--
NOTIC: [8] Use of undefined constant input - assumed 'input' D:\wamp\www\robot\app\Runtime\Cache\3f6448edb80585dfae75998878cf29ba.php 第 5 行.
NOTIC: [8] Undefined index: out D:\wamp\www\robot\app\Lib\Widget\LesscWidget.class.php 第 10 行.
NOTIC: [8] Use of undefined constant id - assumed 'id' D:\wamp\www\robot\app\Runtime\Cache\3f6448edb80585dfae75998878cf29ba.php 第 61 行.
NOTIC: [8] Use of undefined constant id - assumed 'id' D:\wamp\www\robot\app\Runtime\Cache\3f6448edb80585dfae75998878cf29ba.php 第 62 行.
NOTIC: [8] Use of undefined constant id - assumed 'id' D:\wamp\www\robot\app\Runtime\Cache\3f6448edb80585dfae75998878cf29ba.php 第 63 行.
NOTIC: [8] Use of undefined constant id - assumed 'id' D:\wamp\www\robot\app\Runtime\Cache\3f6448edb80585dfae75998878cf29ba.php 第 64 行.
NOTIC: [8] Use of undefined constant id - assumed 'id' D:\wamp\www\robot\app\Runtime\Cache\3f6448edb80585dfae75998878cf29ba.php 第 65 行.
NOTIC: [8] Use of undefined constant id - assumed 'id' D:\wamp\www\robot\app\Runtime\Cache\3f6448edb80585dfae75998878cf29ba.php 第 71 行.
NOTIC: [8] Use of undefined constant id - assumed 'id' D:\wamp\www\robot\app\Runtime\Cache\3f6448edb80585dfae75998878cf29ba.php 第 72 行.
NOTIC: [8] Use of undefined constant id - assumed 'id' D:\wamp\www\robot\app\Runtime\Cache\3f6448edb80585dfae75998878cf29ba.php 第 73 行.
NOTIC: [8] Use of undefined constant id - assumed 'id' D:\wamp\www\robot\app\Runtime\Cache\3f6448edb80585dfae75998878cf29ba.php 第 193 行.
NOTIC: [8] Use of undefined constant id - assumed 'id' D:\wamp\www\robot\app\Runtime\Cache\3f6448edb80585dfae75998878cf29ba.php 第 194 行.
NOTIC: [8] Use of undefined constant id - assumed 'id' D:\wamp\www\robot\app\Runtime\Cache\3f6448edb80585dfae75998878cf29ba.php 第 195 行.
NOTIC: [8] Use of undefined constant id - assumed 'id' D:\wamp\www\robot\app\Runtime\Cache\3f6448edb80585dfae75998878cf29ba.php 第 196 行.
NOTIC: [8] Use of undefined constant id - assumed 'id' D:\wamp\www\robot\app\Runtime\Cache\3f6448edb80585dfae75998878cf29ba.php 第 197 行.
NOTIC: [8] Use of undefined constant id - assumed 'id' D:\wamp\www\robot\app\Runtime\Cache\3f6448edb80585dfae75998878cf29ba.php 第 201 行.
NOTIC: [8] Use of undefined constant id - assumed 'id' D:\wamp\www\robot\app\Runtime\Cache\3f6448edb80585dfae75998878cf29ba.php 第 202 行.
NOTIC: [8] Use of undefined constant id - assumed 'id' D:\wamp\www\robot\app\Runtime\Cache\3f6448edb80585dfae75998878cf29ba.php 第 203 行.
INFO: ParseTemplate Behavior ::run [ RunTime:1.247870s ]
INFO: [ view_parse ] --END-- [ RunTime:1.248010s ]
INFO: [ view_filter ] --START--
INFO: ContentReplace Behavior ::run [ RunTime:0.000834s ]
INFO: TokenBuild Behavior ::run [ RunTime:0.000511s ]
INFO: WriteHtmlCache Behavior ::run [ RunTime:0.000364s ]
INFO: ShowRuntime Behavior ::run [ RunTime:0.000628s ]
INFO: [ view_filter ] --END-- [ RunTime:0.002681s ]
INFO: [ view_end ] --START--
INFO: ShowPageTrace Behavior ::run [ RunTime:0.000698s ]
INFO: [ view_end ] --END-- [ RunTime:0.000827s ]

