[ 2013-09-24T10:32:11+08:00 ] 0.0.0.0 /robot/
INFO: [ app_begin ] --START--
INFO: ReadHtmlCache Behavior ::run [ RunTime:0.000716s ]
INFO: [ app_begin ] --END-- [ RunTime:0.000872s ]
INFO: [ view_parse ] --START--
NOTIC: [8] Use of undefined constant input - assumed 'input' D:\wamp\www\robot\app\Runtime\Cache\3f6448edb80585dfae75998878cf29ba.php 第 5 行.
NOTIC: [8] Undefined index: out D:\wamp\www\robot\app\Lib\Widget\LesscWidget.class.php 第 10 行.
INFO: ParseTemplate Behavior ::run [ RunTime:0.839431s ]
INFO: [ view_parse ] --END-- [ RunTime:0.839586s ]
INFO: [ view_filter ] --START--
INFO: ContentReplace Behavior ::run [ RunTime:0.000809s ]
INFO: TokenBuild Behavior ::run [ RunTime:0.000519s ]
INFO: WriteHtmlCache Behavior ::run [ RunTime:0.000364s ]
INFO: ShowRuntime Behavior ::run [ RunTime:0.000637s ]
INFO: [ view_filter ] --END-- [ RunTime:0.002671s ]
INFO: [ view_end ] --START--
INFO: ShowPageTrace Behavior ::run [ RunTime:0.000637s ]
INFO: [ view_end ] --END-- [ RunTime:0.000761s ]

[ 2013-09-24T10:32:34+08:00 ] 0.0.0.0 /robot/
INFO: [ app_begin ] --START--
INFO: ReadHtmlCache Behavior ::run [ RunTime:0.000740s ]
INFO: [ app_begin ] --END-- [ RunTime:0.000888s ]
INFO: [ view_parse ] --START--
NOTIC: [8] Use of undefined constant input - assumed 'input' D:\wamp\www\robot\app\Runtime\Cache\3f6448edb80585dfae75998878cf29ba.php 第 5 行.
NOTIC: [8] Undefined index: out D:\wamp\www\robot\app\Lib\Widget\LesscWidget.class.php 第 10 行.
INFO: ParseTemplate Behavior ::run [ RunTime:0.909888s ]
INFO: [ view_parse ] --END-- [ RunTime:0.910071s ]
INFO: [ view_filter ] --START--
INFO: ContentReplace Behavior ::run [ RunTime:0.000814s ]
INFO: TokenBuild Behavior ::run [ RunTime:0.000537s ]
INFO: WriteHtmlCache Behavior ::run [ RunTime:0.000381s ]
INFO: ShowRuntime Behavior ::run [ RunTime:0.000658s ]
INFO: [ view_filter ] --END-- [ RunTime:0.002746s ]
INFO: [ view_end ] --START--
INFO: ShowPageTrace Behavior ::run [ RunTime:0.000652s ]
INFO: [ view_end ] --END-- [ RunTime:0.000781s ]

[ 2013-09-24T10:33:50+08:00 ] 0.0.0.0 /robot/
INFO: [ app_begin ] --START--
INFO: ReadHtmlCache Behavior ::run [ RunTime:0.000710s ]
INFO: [ app_begin ] --END-- [ RunTime:0.000850s ]
INFO: [ view_parse ] --START--
NOTIC: [8] Use of undefined constant input - assumed 'input' D:\wamp\www\robot\app\Runtime\Cache\3f6448edb80585dfae75998878cf29ba.php 第 5 行.
NOTIC: [8] Undefined index: out D:\wamp\www\robot\app\Lib\Widget\LesscWidget.class.php 第 10 行.
INFO: ParseTemplate Behavior ::run [ RunTime:0.912368s ]
INFO: [ view_parse ] --END-- [ RunTime:0.912536s ]
INFO: [ view_filter ] --START--
INFO: ContentReplace Behavior ::run [ RunTime:0.000976s ]
INFO: TokenBuild Behavior ::run [ RunTime:0.000528s ]
INFO: WriteHtmlCache Behavior ::run [ RunTime:0.000378s ]
INFO: ShowRuntime Behavior ::run [ RunTime:0.000640s ]
INFO: [ view_filter ] --END-- [ RunTime:0.002871s ]
INFO: [ view_end ] --START--
INFO: ShowPageTrace Behavior ::run [ RunTime:0.000659s ]
INFO: [ view_end ] --END-- [ RunTime:0.000785s ]

[ 2013-09-24T10:34:01+08:00 ] 0.0.0.0 /robot/
INFO: [ app_begin ] --START--
INFO: ReadHtmlCache Behavior ::run [ RunTime:0.000764s ]
INFO: [ app_begin ] --END-- [ RunTime:0.000911s ]
INFO: [ view_parse ] --START--
NOTIC: [8] Use of undefined constant input - assumed 'input' D:\wamp\www\robot\app\Runtime\Cache\3f6448edb80585dfae75998878cf29ba.php 第 5 行.
NOTIC: [8] Undefined index: out D:\wamp\www\robot\app\Lib\Widget\LesscWidget.class.php 第 10 行.
INFO: ParseTemplate Behavior ::run [ RunTime:0.892501s ]
INFO: [ view_parse ] --END-- [ RunTime:0.892660s ]
INFO: [ view_filter ] --START--
INFO: ContentReplace Behavior ::run [ RunTime:0.000831s ]
INFO: TokenBuild Behavior ::run [ RunTime:0.000523s ]
INFO: WriteHtmlCache Behavior ::run [ RunTime:0.000371s ]
INFO: ShowRuntime Behavior ::run [ RunTime:0.000638s ]
INFO: [ view_filter ] --END-- [ RunTime:0.002706s ]
INFO: [ view_end ] --START--
INFO: ShowPageTrace Behavior ::run [ RunTime:0.000641s ]
INFO: [ view_end ] --END-- [ RunTime:0.000769s ]

[ 2013-09-24T10:34:13+08:00 ] 0.0.0.0 /robot/
INFO: [ app_begin ] --START--
INFO: ReadHtmlCache Behavior ::run [ RunTime:0.000733s ]
INFO: [ app_begin ] --END-- [ RunTime:0.000915s ]
INFO: [ view_parse ] --START--
NOTIC: [8] Use of undefined constant input - assumed 'input' D:\wamp\www\robot\app\Runtime\Cache\3f6448edb80585dfae75998878cf29ba.php 第 5 行.
NOTIC: [8] Undefined index: out D:\wamp\www\robot\app\Lib\Widget\LesscWidget.class.php 第 10 行.
INFO: ParseTemplate Behavior ::run [ RunTime:0.910966s ]
INFO: [ view_parse ] --END-- [ RunTime:0.911129s ]
INFO: [ view_filter ] --START--
INFO: ContentReplace Behavior ::run [ RunTime:0.000810s ]
INFO: TokenBuild Behavior ::run [ RunTime:0.000528s ]
INFO: WriteHtmlCache Behavior ::run [ RunTime:0.000365s ]
INFO: ShowRuntime Behavior ::run [ RunTime:0.000662s ]
INFO: [ view_filter ] --END-- [ RunTime:0.002737s ]
INFO: [ view_end ] --START--
INFO: ShowPageTrace Behavior ::run [ RunTime:0.000648s ]
INFO: [ view_end ] --END-- [ RunTime:0.000775s ]

[ 2013-09-24T10:34:21+08:00 ] 0.0.0.0 /robot/index.php/Index/about.html
INFO: [ route_check ] --START--
INFO: CheckRoute Behavior ::run [ RunTime:0.017632s ]
INFO: [ route_check ] --END-- [ RunTime:0.017782s ]
INFO: [ app_begin ] --START--
INFO: ReadHtmlCache Behavior ::run [ RunTime:0.000648s ]
INFO: [ app_begin ] --END-- [ RunTime:0.000774s ]
INFO: [ view_parse ] --START--
NOTIC: [8] Use of undefined constant input - assumed 'input' D:\wamp\www\robot\app\Runtime\Cache\2e02511801faa7a8371babbb4a3920f0.php 第 5 行.
NOTIC: [8] Undefined index: out D:\wamp\www\robot\app\Lib\Widget\LesscWidget.class.php 第 10 行.
INFO: ParseTemplate Behavior ::run [ RunTime:0.925859s ]
INFO: [ view_parse ] --END-- [ RunTime:0.926023s ]
INFO: [ view_filter ] --START--
INFO: ContentReplace Behavior ::run [ RunTime:0.000851s ]
INFO: TokenBuild Behavior ::run [ RunTime:0.000675s ]
INFO: WriteHtmlCache Behavior ::run [ RunTime:0.000381s ]
INFO: ShowRuntime Behavior ::run [ RunTime:0.000677s ]
INFO: [ view_filter ] --END-- [ RunTime:0.003045s ]
INFO: [ view_end ] --START--
INFO: ShowPageTrace Behavior ::run [ RunTime:0.000654s ]
INFO: [ view_end ] --END-- [ RunTime:0.000782s ]

[ 2013-09-24T10:34:36+08:00 ] 0.0.0.0 /robot/index.php/Index/join.html
INFO: [ route_check ] --START--
INFO: CheckRoute Behavior ::run [ RunTime:0.000856s ]
INFO: [ route_check ] --END-- [ RunTime:0.001016s ]
INFO: [ app_begin ] --START--
INFO: ReadHtmlCache Behavior ::run [ RunTime:0.000730s ]
INFO: [ app_begin ] --END-- [ RunTime:0.000855s ]
INFO: [ view_parse ] --START--
NOTIC: [8] Use of undefined constant input - assumed 'input' D:\wamp\www\robot\app\Runtime\Cache\fc07ceeef3170a4b03050a9c1e6e1a29.php 第 5 行.
NOTIC: [8] Undefined index: out D:\wamp\www\robot\app\Lib\Widget\LesscWidget.class.php 第 10 行.
INFO: ParseTemplate Behavior ::run [ RunTime:0.897846s ]
INFO: [ view_parse ] --END-- [ RunTime:0.897995s ]
INFO: [ view_filter ] --START--
INFO: ContentReplace Behavior ::run [ RunTime:0.000780s ]
INFO: TokenBuild Behavior ::run [ RunTime:0.000520s ]
INFO: WriteHtmlCache Behavior ::run [ RunTime:0.000378s ]
INFO: ShowRuntime Behavior ::run [ RunTime:0.000642s ]
INFO: [ view_filter ] --END-- [ RunTime:0.002657s ]
INFO: [ view_end ] --START--
INFO: ShowPageTrace Behavior ::run [ RunTime:0.000662s ]
INFO: [ view_end ] --END-- [ RunTime:0.000788s ]

[ 2013-09-24T10:35:01+08:00 ] 0.0.0.0 /robot/index.php/Index/join.html
INFO: [ route_check ] --START--
INFO: CheckRoute Behavior ::run [ RunTime:0.000783s ]
INFO: [ route_check ] --END-- [ RunTime:0.000923s ]
INFO: [ app_begin ] --START--
INFO: ReadHtmlCache Behavior ::run [ RunTime:0.000620s ]
INFO: [ app_begin ] --END-- [ RunTime:0.000778s ]
INFO: [ view_parse ] --START--
NOTIC: [8] Use of undefined constant input - assumed 'input' D:\wamp\www\robot\app\Runtime\Cache\fc07ceeef3170a4b03050a9c1e6e1a29.php 第 5 行.
NOTIC: [8] Undefined index: out D:\wamp\www\robot\app\Lib\Widget\LesscWidget.class.php 第 10 行.
INFO: ParseTemplate Behavior ::run [ RunTime:0.907944s ]
INFO: [ view_parse ] --END-- [ RunTime:0.908108s ]
INFO: [ view_filter ] --START--
INFO: ContentReplace Behavior ::run [ RunTime:0.000848s ]
INFO: TokenBuild Behavior ::run [ RunTime:0.000560s ]
INFO: WriteHtmlCache Behavior ::run [ RunTime:0.000381s ]
INFO: ShowRuntime Behavior ::run [ RunTime:0.000674s ]
INFO: [ view_filter ] --END-- [ RunTime:0.002845s ]
INFO: [ view_end ] --START--
INFO: ShowPageTrace Behavior ::run [ RunTime:0.000639s ]
INFO: [ view_end ] --END-- [ RunTime:0.000766s ]

[ 2013-09-24T10:35:26+08:00 ] 0.0.0.0 /robot/index.php/Index/join.html
INFO: [ route_check ] --START--
INFO: CheckRoute Behavior ::run [ RunTime:0.000861s ]
INFO: [ route_check ] --END-- [ RunTime:0.001008s ]
INFO: [ app_begin ] --START--
INFO: ReadHtmlCache Behavior ::run [ RunTime:0.000625s ]
INFO: [ app_begin ] --END-- [ RunTime:0.000753s ]
INFO: [ view_parse ] --START--
NOTIC: [8] Use of undefined constant input - assumed 'input' D:\wamp\www\robot\app\Runtime\Cache\fc07ceeef3170a4b03050a9c1e6e1a29.php 第 5 行.
NOTIC: [8] Undefined index: out D:\wamp\www\robot\app\Lib\Widget\LesscWidget.class.php 第 10 行.
INFO: ParseTemplate Behavior ::run [ RunTime:0.889773s ]
INFO: [ view_parse ] --END-- [ RunTime:0.890302s ]
INFO: [ view_filter ] --START--
INFO: ContentReplace Behavior ::run [ RunTime:0.001308s ]
INFO: TokenBuild Behavior ::run [ RunTime:0.000549s ]
INFO: WriteHtmlCache Behavior ::run [ RunTime:0.000373s ]
INFO: ShowRuntime Behavior ::run [ RunTime:0.000652s ]
INFO: [ view_filter ] --END-- [ RunTime:0.003235s ]
INFO: [ view_end ] --START--
INFO: ShowPageTrace Behavior ::run [ RunTime:0.000647s ]
INFO: [ view_end ] --END-- [ RunTime:0.000787s ]

[ 2013-09-24T10:35:39+08:00 ] 0.0.0.0 /robot/index.php/Index/join.html
INFO: [ route_check ] --START--
INFO: CheckRoute Behavior ::run [ RunTime:0.000791s ]
INFO: [ route_check ] --END-- [ RunTime:0.000934s ]
INFO: [ app_begin ] --START--
INFO: ReadHtmlCache Behavior ::run [ RunTime:0.000687s ]
INFO: [ app_begin ] --END-- [ RunTime:0.000829s ]
INFO: [ view_parse ] --START--
NOTIC: [8] Use of undefined constant input - assumed 'input' D:\wamp\www\robot\app\Runtime\Cache\fc07ceeef3170a4b03050a9c1e6e1a29.php 第 5 行.
NOTIC: [8] Undefined index: out D:\wamp\www\robot\app\Lib\Widget\LesscWidget.class.php 第 10 行.
INFO: ParseTemplate Behavior ::run [ RunTime:0.948487s ]
INFO: [ view_parse ] --END-- [ RunTime:0.948638s ]
INFO: [ view_filter ] --START--
INFO: ContentReplace Behavior ::run [ RunTime:0.000800s ]
INFO: TokenBuild Behavior ::run [ RunTime:0.000542s ]
INFO: WriteHtmlCache Behavior ::run [ RunTime:0.000377s ]
INFO: ShowRuntime Behavior ::run [ RunTime:0.000657s ]
INFO: [ view_filter ] --END-- [ RunTime:0.002727s ]
INFO: [ view_end ] --START--
INFO: ShowPageTrace Behavior ::run [ RunTime:0.000650s ]
INFO: [ view_end ] --END-- [ RunTime:0.000793s ]

[ 2013-09-24T10:35:49+08:00 ] 0.0.0.0 /robot/index.php/Index/join.html
INFO: [ route_check ] --START--
INFO: CheckRoute Behavior ::run [ RunTime:0.000812s ]
INFO: [ route_check ] --END-- [ RunTime:0.000958s ]
INFO: [ app_begin ] --START--
INFO: ReadHtmlCache Behavior ::run [ RunTime:0.000618s ]
INFO: [ app_begin ] --END-- [ RunTime:0.000751s ]
INFO: [ view_parse ] --START--
NOTIC: [8] Use of undefined constant input - assumed 'input' D:\wamp\www\robot\app\Runtime\Cache\fc07ceeef3170a4b03050a9c1e6e1a29.php 第 5 行.
NOTIC: [8] Undefined index: out D:\wamp\www\robot\app\Lib\Widget\LesscWidget.class.php 第 10 行.
INFO: ParseTemplate Behavior ::run [ RunTime:0.884185s ]
INFO: [ view_parse ] --END-- [ RunTime:0.884336s ]
INFO: [ view_filter ] --START--
INFO: ContentReplace Behavior ::run [ RunTime:0.000783s ]
INFO: TokenBuild Behavior ::run [ RunTime:0.000519s ]
INFO: WriteHtmlCache Behavior ::run [ RunTime:0.000370s ]
INFO: ShowRuntime Behavior ::run [ RunTime:0.000621s ]
INFO: [ view_filter ] --END-- [ RunTime:0.002628s ]
INFO: [ view_end ] --START--
INFO: ShowPageTrace Behavior ::run [ RunTime:0.000933s ]
INFO: [ view_end ] --END-- [ RunTime:0.001062s ]

[ 2013-09-24T10:35:54+08:00 ] 0.0.0.0 /robot/index.php/Index/join.html
INFO: [ route_check ] --START--
INFO: CheckRoute Behavior ::run [ RunTime:0.000782s ]
INFO: [ route_check ] --END-- [ RunTime:0.000926s ]
INFO: [ app_begin ] --START--
INFO: ReadHtmlCache Behavior ::run [ RunTime:0.000653s ]
INFO: [ app_begin ] --END-- [ RunTime:0.000795s ]
INFO: [ view_parse ] --START--
NOTIC: [8] Use of undefined constant input - assumed 'input' D:\wamp\www\robot\app\Runtime\Cache\fc07ceeef3170a4b03050a9c1e6e1a29.php 第 5 行.
NOTIC: [8] Undefined index: out D:\wamp\www\robot\app\Lib\Widget\LesscWidget.class.php 第 10 行.
INFO: ParseTemplate Behavior ::run [ RunTime:0.914067s ]
INFO: [ view_parse ] --END-- [ RunTime:0.914236s ]
INFO: [ view_filter ] --START--
INFO: ContentReplace Behavior ::run [ RunTime:0.000785s ]
INFO: TokenBuild Behavior ::run [ RunTime:0.000537s ]
INFO: WriteHtmlCache Behavior ::run [ RunTime:0.000381s ]
INFO: ShowRuntime Behavior ::run [ RunTime:0.000644s ]
INFO: [ view_filter ] --END-- [ RunTime:0.002740s ]
INFO: [ view_end ] --START--
INFO: ShowPageTrace Behavior ::run [ RunTime:0.000651s ]
INFO: [ view_end ] --END-- [ RunTime:0.000778s ]

[ 2013-09-24T10:39:03+08:00 ] 0.0.0.0 /robot/index.php/Index/join.html
INFO: [ route_check ] --START--
INFO: CheckRoute Behavior ::run [ RunTime:0.000921s ]
INFO: [ route_check ] --END-- [ RunTime:0.001067s ]
INFO: [ app_begin ] --START--
INFO: ReadHtmlCache Behavior ::run [ RunTime:0.000657s ]
INFO: [ app_begin ] --END-- [ RunTime:0.000795s ]
INFO: [ view_parse ] --START--
NOTIC: [8] Use of undefined constant input - assumed 'input' D:\wamp\www\robot\app\Runtime\Cache\fc07ceeef3170a4b03050a9c1e6e1a29.php 第 5 行.
NOTIC: [8] Undefined index: out D:\wamp\www\robot\app\Lib\Widget\LesscWidget.class.php 第 10 行.
INFO: ParseTemplate Behavior ::run [ RunTime:0.939008s ]
INFO: [ view_parse ] --END-- [ RunTime:0.939187s ]
INFO: [ view_filter ] --START--
INFO: ContentReplace Behavior ::run [ RunTime:0.000812s ]
INFO: TokenBuild Behavior ::run [ RunTime:0.000546s ]
INFO: WriteHtmlCache Behavior ::run [ RunTime:0.000384s ]
INFO: ShowRuntime Behavior ::run [ RunTime:0.000641s ]
INFO: [ view_filter ] --END-- [ RunTime:0.002780s ]
INFO: [ view_end ] --START--
INFO: ShowPageTrace Behavior ::run [ RunTime:0.000645s ]
INFO: [ view_end ] --END-- [ RunTime:0.000774s ]

[ 2013-09-24T10:39:15+08:00 ] 0.0.0.0 /robot/index.php/Index/join.html
INFO: [ route_check ] --START--
INFO: CheckRoute Behavior ::run [ RunTime:0.000784s ]
INFO: [ route_check ] --END-- [ RunTime:0.000928s ]
INFO: [ app_begin ] --START--
INFO: ReadHtmlCache Behavior ::run [ RunTime:0.000651s ]
INFO: [ app_begin ] --END-- [ RunTime:0.000789s ]
INFO: [ view_parse ] --START--
NOTIC: [8] Use of undefined constant input - assumed 'input' D:\wamp\www\robot\app\Runtime\Cache\fc07ceeef3170a4b03050a9c1e6e1a29.php 第 5 行.
NOTIC: [8] Undefined index: out D:\wamp\www\robot\app\Lib\Widget\LesscWidget.class.php 第 10 行.
INFO: ParseTemplate Behavior ::run [ RunTime:0.946081s ]
INFO: [ view_parse ] --END-- [ RunTime:0.946236s ]
INFO: [ view_filter ] --START--
INFO: ContentReplace Behavior ::run [ RunTime:0.000822s ]
INFO: TokenBuild Behavior ::run [ RunTime:0.000617s ]
INFO: WriteHtmlCache Behavior ::run [ RunTime:0.000440s ]
INFO: ShowRuntime Behavior ::run [ RunTime:0.000684s ]
INFO: [ view_filter ] --END-- [ RunTime:0.002924s ]
INFO: [ view_end ] --START--
INFO: ShowPageTrace Behavior ::run [ RunTime:0.000746s ]
INFO: [ view_end ] --END-- [ RunTime:0.000890s ]

[ 2013-09-24T10:39:46+08:00 ] 0.0.0.0 /robot/index.php/Index/join.html
INFO: [ route_check ] --START--
INFO: CheckRoute Behavior ::run [ RunTime:0.000889s ]
INFO: [ route_check ] --END-- [ RunTime:0.001039s ]
INFO: [ app_begin ] --START--
INFO: ReadHtmlCache Behavior ::run [ RunTime:0.000700s ]
INFO: [ app_begin ] --END-- [ RunTime:0.000838s ]
INFO: [ view_parse ] --START--
NOTIC: [8] Use of undefined constant input - assumed 'input' D:\wamp\www\robot\app\Runtime\Cache\fc07ceeef3170a4b03050a9c1e6e1a29.php 第 5 行.
NOTIC: [8] Undefined index: out D:\wamp\www\robot\app\Lib\Widget\LesscWidget.class.php 第 10 行.
INFO: ParseTemplate Behavior ::run [ RunTime:0.958875s ]
INFO: [ view_parse ] --END-- [ RunTime:0.959034s ]
INFO: [ view_filter ] --START--
INFO: ContentReplace Behavior ::run [ RunTime:0.000805s ]
INFO: TokenBuild Behavior ::run [ RunTime:0.000555s ]
INFO: WriteHtmlCache Behavior ::run [ RunTime:0.000373s ]
INFO: ShowRuntime Behavior ::run [ RunTime:0.000662s ]
INFO: [ view_filter ] --END-- [ RunTime:0.002746s ]
INFO: [ view_end ] --START--
INFO: ShowPageTrace Behavior ::run [ RunTime:0.000681s ]
INFO: [ view_end ] --END-- [ RunTime:0.000825s ]

[ 2013-09-24T10:40:17+08:00 ] 0.0.0.0 /robot/index.php/Index/join.html
INFO: [ route_check ] --START--
INFO: CheckRoute Behavior ::run [ RunTime:0.000794s ]
INFO: [ route_check ] --END-- [ RunTime:0.001053s ]
INFO: [ app_begin ] --START--
INFO: ReadHtmlCache Behavior ::run [ RunTime:0.000646s ]
INFO: [ app_begin ] --END-- [ RunTime:0.000780s ]
INFO: [ view_parse ] --START--
NOTIC: [8] Use of undefined constant input - assumed 'input' D:\wamp\www\robot\app\Runtime\Cache\fc07ceeef3170a4b03050a9c1e6e1a29.php 第 5 行.
NOTIC: [8] Undefined index: out D:\wamp\www\robot\app\Lib\Widget\LesscWidget.class.php 第 10 行.
INFO: ParseTemplate Behavior ::run [ RunTime:0.954130s ]
INFO: [ view_parse ] --END-- [ RunTime:0.954287s ]
INFO: [ view_filter ] --START--
INFO: ContentReplace Behavior ::run [ RunTime:0.000797s ]
INFO: TokenBuild Behavior ::run [ RunTime:0.000546s ]
INFO: WriteHtmlCache Behavior ::run [ RunTime:0.000380s ]
INFO: ShowRuntime Behavior ::run [ RunTime:0.000673s ]
INFO: [ view_filter ] --END-- [ RunTime:0.002762s ]
INFO: [ view_end ] --START--
INFO: ShowPageTrace Behavior ::run [ RunTime:0.000653s ]
INFO: [ view_end ] --END-- [ RunTime:0.000796s ]

[ 2013-09-24T10:40:25+08:00 ] 0.0.0.0 /robot/index.php/Index/join.html
INFO: [ route_check ] --START--
INFO: CheckRoute Behavior ::run [ RunTime:0.000876s ]
INFO: [ route_check ] --END-- [ RunTime:0.001022s ]
INFO: [ app_begin ] --START--
INFO: ReadHtmlCache Behavior ::run [ RunTime:0.000624s ]
INFO: [ app_begin ] --END-- [ RunTime:0.000754s ]
INFO: [ view_parse ] --START--
NOTIC: [8] Use of undefined constant input - assumed 'input' D:\wamp\www\robot\app\Runtime\Cache\fc07ceeef3170a4b03050a9c1e6e1a29.php 第 5 行.
NOTIC: [8] Undefined index: out D:\wamp\www\robot\app\Lib\Widget\LesscWidget.class.php 第 10 行.
INFO: ParseTemplate Behavior ::run [ RunTime:0.906579s ]
INFO: [ view_parse ] --END-- [ RunTime:0.906728s ]
INFO: [ view_filter ] --START--
INFO: ContentReplace Behavior ::run [ RunTime:0.000785s ]
INFO: TokenBuild Behavior ::run [ RunTime:0.000531s ]
INFO: WriteHtmlCache Behavior ::run [ RunTime:0.000375s ]
INFO: ShowRuntime Behavior ::run [ RunTime:0.000633s ]
INFO: [ view_filter ] --END-- [ RunTime:0.002671s ]
INFO: [ view_end ] --START--
INFO: ShowPageTrace Behavior ::run [ RunTime:0.000642s ]
INFO: [ view_end ] --END-- [ RunTime:0.000771s ]

[ 2013-09-24T10:40:50+08:00 ] 0.0.0.0 /robot/index.php/Index/about.html
INFO: [ route_check ] --START--
INFO: CheckRoute Behavior ::run [ RunTime:0.000784s ]
INFO: [ route_check ] --END-- [ RunTime:0.000924s ]
INFO: [ app_begin ] --START--
INFO: ReadHtmlCache Behavior ::run [ RunTime:0.000707s ]
INFO: [ app_begin ] --END-- [ RunTime:0.000845s ]
INFO: [ view_parse ] --START--
NOTIC: [8] Use of undefined constant input - assumed 'input' D:\wamp\www\robot\app\Runtime\Cache\2e02511801faa7a8371babbb4a3920f0.php 第 5 行.
NOTIC: [8] Undefined index: out D:\wamp\www\robot\app\Lib\Widget\LesscWidget.class.php 第 10 行.
INFO: ParseTemplate Behavior ::run [ RunTime:0.921655s ]
INFO: [ view_parse ] --END-- [ RunTime:0.921825s ]
INFO: [ view_filter ] --START--
INFO: ContentReplace Behavior ::run [ RunTime:0.000830s ]
INFO: TokenBuild Behavior ::run [ RunTime:0.000579s ]
INFO: WriteHtmlCache Behavior ::run [ RunTime:0.000386s ]
INFO: ShowRuntime Behavior ::run [ RunTime:0.000656s ]
INFO: [ view_filter ] --END-- [ RunTime:0.002851s ]
INFO: [ view_end ] --START--
INFO: ShowPageTrace Behavior ::run [ RunTime:0.000767s ]
INFO: [ view_end ] --END-- [ RunTime:0.000897s ]

[ 2013-09-24T10:53:39+08:00 ] 0.0.0.0 /robot/index.php/Index/join.html
INFO: [ route_check ] --START--
INFO: CheckRoute Behavior ::run [ RunTime:0.000893s ]
INFO: [ route_check ] --END-- [ RunTime:0.001045s ]
INFO: [ app_begin ] --START--
INFO: ReadHtmlCache Behavior ::run [ RunTime:0.000649s ]
INFO: [ app_begin ] --END-- [ RunTime:0.000784s ]
INFO: [ view_parse ] --START--
NOTIC: [8] Use of undefined constant input - assumed 'input' D:\wamp\www\robot\app\Runtime\Cache\fc07ceeef3170a4b03050a9c1e6e1a29.php 第 5 行.
NOTIC: [8] Undefined index: out D:\wamp\www\robot\app\Lib\Widget\LesscWidget.class.php 第 10 行.
INFO: ParseTemplate Behavior ::run [ RunTime:0.946621s ]
INFO: [ view_parse ] --END-- [ RunTime:0.946777s ]
INFO: [ view_filter ] --START--
INFO: ContentReplace Behavior ::run [ RunTime:0.000817s ]
INFO: TokenBuild Behavior ::run [ RunTime:0.000557s ]
INFO: WriteHtmlCache Behavior ::run [ RunTime:0.000388s ]
INFO: ShowRuntime Behavior ::run [ RunTime:0.000685s ]
INFO: [ view_filter ] --END-- [ RunTime:0.002801s ]
INFO: [ view_end ] --START--
INFO: ShowPageTrace Behavior ::run [ RunTime:0.000661s ]
INFO: [ view_end ] --END-- [ RunTime:0.000806s ]

[ 2013-09-24T10:56:05+08:00 ] 0.0.0.0 /robot/index.php/Index/join.html
INFO: [ route_check ] --START--
INFO: CheckRoute Behavior ::run [ RunTime:0.000902s ]
INFO: [ route_check ] --END-- [ RunTime:0.001054s ]
INFO: [ app_begin ] --START--
INFO: ReadHtmlCache Behavior ::run [ RunTime:0.000652s ]
INFO: [ app_begin ] --END-- [ RunTime:0.000787s ]
INFO: [ view_parse ] --START--
NOTIC: [8] Use of undefined constant input - assumed 'input' D:\wamp\www\robot\app\Runtime\Cache\fc07ceeef3170a4b03050a9c1e6e1a29.php 第 5 行.
NOTIC: [8] Undefined index: out D:\wamp\www\robot\app\Lib\Widget\LesscWidget.class.php 第 10 行.
INFO: ParseTemplate Behavior ::run [ RunTime:0.948407s ]
INFO: [ view_parse ] --END-- [ RunTime:0.948561s ]
INFO: [ view_filter ] --START--
INFO: ContentReplace Behavior ::run [ RunTime:0.000822s ]
INFO: TokenBuild Behavior ::run [ RunTime:0.000547s ]
INFO: WriteHtmlCache Behavior ::run [ RunTime:0.000376s ]
INFO: ShowRuntime Behavior ::run [ RunTime:0.000663s ]
INFO: [ view_filter ] --END-- [ RunTime:0.002768s ]
INFO: [ view_end ] --START--
INFO: ShowPageTrace Behavior ::run [ RunTime:0.000651s ]
INFO: [ view_end ] --END-- [ RunTime:0.000801s ]

[ 2013-09-24T11:00:40+08:00 ] 0.0.0.0 /robot/index.php/Index/about.html
INFO: [ route_check ] --START--
INFO: CheckRoute Behavior ::run [ RunTime:0.000893s ]
INFO: [ route_check ] --END-- [ RunTime:0.001043s ]
INFO: [ app_begin ] --START--
INFO: ReadHtmlCache Behavior ::run [ RunTime:0.000648s ]
INFO: [ app_begin ] --END-- [ RunTime:0.000782s ]
INFO: [ view_parse ] --START--
NOTIC: [8] Use of undefined constant input - assumed 'input' D:\wamp\www\robot\app\Runtime\Cache\2e02511801faa7a8371babbb4a3920f0.php 第 5 行.
NOTIC: [8] Undefined index: out D:\wamp\www\robot\app\Lib\Widget\LesscWidget.class.php 第 10 行.
INFO: ParseTemplate Behavior ::run [ RunTime:0.969554s ]
INFO: [ view_parse ] --END-- [ RunTime:0.969710s ]
INFO: [ view_filter ] --START--
INFO: ContentReplace Behavior ::run [ RunTime:0.000869s ]
INFO: TokenBuild Behavior ::run [ RunTime:0.000555s ]
INFO: WriteHtmlCache Behavior ::run [ RunTime:0.000404s ]
INFO: ShowRuntime Behavior ::run [ RunTime:0.000672s ]
INFO: [ view_filter ] --END-- [ RunTime:0.002856s ]
INFO: [ view_end ] --START--
INFO: ShowPageTrace Behavior ::run [ RunTime:0.000672s ]
INFO: [ view_end ] --END-- [ RunTime:0.000818s ]

[ 2013-09-24T11:00:42+08:00 ] 0.0.0.0 /robot/index.php/Index/join.html
INFO: [ route_check ] --START--
INFO: CheckRoute Behavior ::run [ RunTime:0.000880s ]
INFO: [ route_check ] --END-- [ RunTime:0.001029s ]
INFO: [ app_begin ] --START--
INFO: ReadHtmlCache Behavior ::run [ RunTime:0.000621s ]
INFO: [ app_begin ] --END-- [ RunTime:0.000763s ]
INFO: [ view_parse ] --START--
NOTIC: [8] Use of undefined constant input - assumed 'input' D:\wamp\www\robot\app\Runtime\Cache\fc07ceeef3170a4b03050a9c1e6e1a29.php 第 5 行.
NOTIC: [8] Undefined index: out D:\wamp\www\robot\app\Lib\Widget\LesscWidget.class.php 第 10 行.
INFO: ParseTemplate Behavior ::run [ RunTime:0.939883s ]
INFO: [ view_parse ] --END-- [ RunTime:0.940045s ]
INFO: [ view_filter ] --START--
INFO: ContentReplace Behavior ::run [ RunTime:0.000832s ]
INFO: TokenBuild Behavior ::run [ RunTime:0.000542s ]
INFO: WriteHtmlCache Behavior ::run [ RunTime:0.000388s ]
INFO: ShowRuntime Behavior ::run [ RunTime:0.000654s ]
INFO: [ view_filter ] --END-- [ RunTime:0.002778s ]
INFO: [ view_end ] --START--
INFO: ShowPageTrace Behavior ::run [ RunTime:0.000641s ]
INFO: [ view_end ] --END-- [ RunTime:0.000769s ]

[ 2013-09-24T11:02:00+08:00 ] 0.0.0.0 /robot/index.php/Index/join.html
INFO: [ route_check ] --START--
INFO: CheckRoute Behavior ::run [ RunTime:0.000800s ]
INFO: [ route_check ] --END-- [ RunTime:0.000949s ]
INFO: [ app_begin ] --START--
INFO: ReadHtmlCache Behavior ::run [ RunTime:0.000626s ]
INFO: [ app_begin ] --END-- [ RunTime:0.000770s ]
INFO: [ view_parse ] --START--
NOTIC: [8] Use of undefined constant input - assumed 'input' D:\wamp\www\robot\app\Runtime\Cache\fc07ceeef3170a4b03050a9c1e6e1a29.php 第 5 行.
NOTIC: [8] Undefined index: out D:\wamp\www\robot\app\Lib\Widget\LesscWidget.class.php 第 10 行.
INFO: ParseTemplate Behavior ::run [ RunTime:0.949737s ]
INFO: [ view_parse ] --END-- [ RunTime:0.949899s ]
INFO: [ view_filter ] --START--
INFO: ContentReplace Behavior ::run [ RunTime:0.000868s ]
INFO: TokenBuild Behavior ::run [ RunTime:0.000566s ]
INFO: WriteHtmlCache Behavior ::run [ RunTime:0.000394s ]
INFO: ShowRuntime Behavior ::run [ RunTime:0.000662s ]
INFO: [ view_filter ] --END-- [ RunTime:0.002847s ]
INFO: [ view_end ] --START--
INFO: ShowPageTrace Behavior ::run [ RunTime:0.000952s ]
INFO: [ view_end ] --END-- [ RunTime:0.001081s ]

[ 2013-09-24T11:02:20+08:00 ] 0.0.0.0 /robot/index.php/Index/join.html
INFO: [ route_check ] --START--
INFO: CheckRoute Behavior ::run [ RunTime:0.000884s ]
INFO: [ route_check ] --END-- [ RunTime:0.001028s ]
INFO: [ app_begin ] --START--
INFO: ReadHtmlCache Behavior ::run [ RunTime:0.000629s ]
INFO: [ app_begin ] --END-- [ RunTime:0.000757s ]
INFO: [ view_parse ] --START--
NOTIC: [8] Use of undefined constant input - assumed 'input' D:\wamp\www\robot\app\Runtime\Cache\fc07ceeef3170a4b03050a9c1e6e1a29.php 第 5 行.
NOTIC: [8] Undefined index: out D:\wamp\www\robot\app\Lib\Widget\LesscWidget.class.php 第 10 行.
INFO: ParseTemplate Behavior ::run [ RunTime:0.946444s ]
INFO: [ view_parse ] --END-- [ RunTime:0.946601s ]
INFO: [ view_filter ] --START--
INFO: ContentReplace Behavior ::run [ RunTime:0.000863s ]
INFO: TokenBuild Behavior ::run [ RunTime:0.000534s ]
INFO: WriteHtmlCache Behavior ::run [ RunTime:0.000515s ]
INFO: ShowRuntime Behavior ::run [ RunTime:0.000803s ]
INFO: [ view_filter ] --END-- [ RunTime:0.003079s ]
INFO: [ view_end ] --START--
INFO: ShowPageTrace Behavior ::run [ RunTime:0.000674s ]
INFO: [ view_end ] --END-- [ RunTime:0.000803s ]

[ 2013-09-24T11:02:49+08:00 ] 0.0.0.0 /robot/index.php/Index/join.html
INFO: [ route_check ] --START--
INFO: CheckRoute Behavior ::run [ RunTime:0.000902s ]
INFO: [ route_check ] --END-- [ RunTime:0.001054s ]
INFO: [ app_begin ] --START--
INFO: ReadHtmlCache Behavior ::run [ RunTime:0.000621s ]
INFO: [ app_begin ] --END-- [ RunTime:0.000763s ]
INFO: [ view_parse ] --START--
NOTIC: [8] Use of undefined constant input - assumed 'input' D:\wamp\www\robot\app\Runtime\Cache\fc07ceeef3170a4b03050a9c1e6e1a29.php 第 5 行.
NOTIC: [8] Undefined index: out D:\wamp\www\robot\app\Lib\Widget\LesscWidget.class.php 第 10 行.
INFO: ParseTemplate Behavior ::run [ RunTime:0.957587s ]
INFO: [ view_parse ] --END-- [ RunTime:0.957745s ]
INFO: [ view_filter ] --START--
INFO: ContentReplace Behavior ::run [ RunTime:0.000808s ]
INFO: TokenBuild Behavior ::run [ RunTime:0.000542s ]
INFO: WriteHtmlCache Behavior ::run [ RunTime:0.000377s ]
INFO: ShowRuntime Behavior ::run [ RunTime:0.000650s ]
INFO: [ view_filter ] --END-- [ RunTime:0.002755s ]
INFO: [ view_end ] --START--
INFO: ShowPageTrace Behavior ::run [ RunTime:0.000647s ]
INFO: [ view_end ] --END-- [ RunTime:0.000775s ]

[ 2013-09-24T11:03:07+08:00 ] 0.0.0.0 /robot/index.php/Index/join.html
INFO: [ route_check ] --START--
INFO: CheckRoute Behavior ::run [ RunTime:0.000881s ]
INFO: [ route_check ] --END-- [ RunTime:0.001037s ]
INFO: [ app_begin ] --START--
INFO: ReadHtmlCache Behavior ::run [ RunTime:0.000695s ]
INFO: [ app_begin ] --END-- [ RunTime:0.000827s ]
INFO: [ view_parse ] --START--
NOTIC: [8] Use of undefined constant input - assumed 'input' D:\wamp\www\robot\app\Runtime\Cache\fc07ceeef3170a4b03050a9c1e6e1a29.php 第 5 行.
NOTIC: [8] Undefined index: out D:\wamp\www\robot\app\Lib\Widget\LesscWidget.class.php 第 10 行.
INFO: ParseTemplate Behavior ::run [ RunTime:0.938522s ]
INFO: [ view_parse ] --END-- [ RunTime:0.938695s ]
INFO: [ view_filter ] --START--
INFO: ContentReplace Behavior ::run [ RunTime:0.000816s ]
INFO: TokenBuild Behavior ::run [ RunTime:0.000552s ]
INFO: WriteHtmlCache Behavior ::run [ RunTime:0.000377s ]
INFO: ShowRuntime Behavior ::run [ RunTime:0.000636s ]
INFO: [ view_filter ] --END-- [ RunTime:0.002771s ]
INFO: [ view_end ] --START--
INFO: ShowPageTrace Behavior ::run [ RunTime:0.000719s ]
INFO: [ view_end ] --END-- [ RunTime:0.000849s ]

[ 2013-09-24T11:04:48+08:00 ] 0.0.0.0 /robot/index.php/Index/join.html
INFO: [ route_check ] --START--
INFO: CheckRoute Behavior ::run [ RunTime:0.000902s ]
INFO: [ route_check ] --END-- [ RunTime:0.001047s ]
INFO: [ app_begin ] --START--
INFO: ReadHtmlCache Behavior ::run [ RunTime:0.000620s ]
INFO: [ app_begin ] --END-- [ RunTime:0.000751s ]
INFO: [ view_parse ] --START--
NOTIC: [8] Use of undefined constant input - assumed 'input' D:\wamp\www\robot\app\Runtime\Cache\fc07ceeef3170a4b03050a9c1e6e1a29.php 第 5 行.
NOTIC: [8] Undefined index: out D:\wamp\www\robot\app\Lib\Widget\LesscWidget.class.php 第 10 行.
INFO: ParseTemplate Behavior ::run [ RunTime:0.930638s ]
INFO: [ view_parse ] --END-- [ RunTime:0.930793s ]
INFO: [ view_filter ] --START--
INFO: ContentReplace Behavior ::run [ RunTime:0.000794s ]
INFO: TokenBuild Behavior ::run [ RunTime:0.000521s ]
INFO: WriteHtmlCache Behavior ::run [ RunTime:0.000370s ]
INFO: ShowRuntime Behavior ::run [ RunTime:0.000643s ]
INFO: [ view_filter ] --END-- [ RunTime:0.002667s ]
INFO: [ view_end ] --START--
INFO: ShowPageTrace Behavior ::run [ RunTime:0.000654s ]
INFO: [ view_end ] --END-- [ RunTime:0.000777s ]

[ 2013-09-24T11:04:54+08:00 ] 0.0.0.0 /robot/index.php/Index/join.html
INFO: [ route_check ] --START--
INFO: CheckRoute Behavior ::run [ RunTime:0.000895s ]
INFO: [ route_check ] --END-- [ RunTime:0.001047s ]
INFO: [ app_begin ] --START--
INFO: ReadHtmlCache Behavior ::run [ RunTime:0.000641s ]
INFO: [ app_begin ] --END-- [ RunTime:0.000781s ]
INFO: [ view_parse ] --START--
NOTIC: [8] Use of undefined constant input - assumed 'input' D:\wamp\www\robot\app\Runtime\Cache\fc07ceeef3170a4b03050a9c1e6e1a29.php 第 5 行.
NOTIC: [8] Undefined index: out D:\wamp\www\robot\app\Lib\Widget\LesscWidget.class.php 第 10 行.
INFO: ParseTemplate Behavior ::run [ RunTime:0.984715s ]
INFO: [ view_parse ] --END-- [ RunTime:0.984871s ]
INFO: [ view_filter ] --START--
INFO: ContentReplace Behavior ::run [ RunTime:0.000824s ]
INFO: TokenBuild Behavior ::run [ RunTime:0.000540s ]
INFO: WriteHtmlCache Behavior ::run [ RunTime:0.000376s ]
INFO: ShowRuntime Behavior ::run [ RunTime:0.000659s ]
INFO: [ view_filter ] --END-- [ RunTime:0.002746s ]
INFO: [ view_end ] --START--
INFO: ShowPageTrace Behavior ::run [ RunTime:0.000667s ]
INFO: [ view_end ] --END-- [ RunTime:0.000811s ]

[ 2013-09-24T11:05:04+08:00 ] 0.0.0.0 /robot/index.php/Index/join.html
INFO: [ route_check ] --START--
INFO: CheckRoute Behavior ::run [ RunTime:0.000778s ]
INFO: [ route_check ] --END-- [ RunTime:0.000917s ]
INFO: [ app_begin ] --START--
INFO: ReadHtmlCache Behavior ::run [ RunTime:0.000608s ]
INFO: [ app_begin ] --END-- [ RunTime:0.000738s ]
INFO: [ view_parse ] --START--
NOTIC: [8] Use of undefined constant input - assumed 'input' D:\wamp\www\robot\app\Runtime\Cache\fc07ceeef3170a4b03050a9c1e6e1a29.php 第 5 行.
NOTIC: [8] Undefined index: out D:\wamp\www\robot\app\Lib\Widget\LesscWidget.class.php 第 10 行.
INFO: ParseTemplate Behavior ::run [ RunTime:0.936512s ]
INFO: [ view_parse ] --END-- [ RunTime:0.936664s ]
INFO: [ view_filter ] --START--
INFO: ContentReplace Behavior ::run [ RunTime:0.000862s ]
INFO: TokenBuild Behavior ::run [ RunTime:0.000522s ]
INFO: WriteHtmlCache Behavior ::run [ RunTime:0.000368s ]
INFO: ShowRuntime Behavior ::run [ RunTime:0.000614s ]
INFO: [ view_filter ] --END-- [ RunTime:0.002706s ]
INFO: [ view_end ] --START--
INFO: ShowPageTrace Behavior ::run [ RunTime:0.000639s ]
INFO: [ view_end ] --END-- [ RunTime:0.000764s ]

[ 2013-09-24T11:05:09+08:00 ] 0.0.0.0 /robot/index.php/Index/join.html
INFO: [ route_check ] --START--
INFO: CheckRoute Behavior ::run [ RunTime:0.000810s ]
INFO: [ route_check ] --END-- [ RunTime:0.000956s ]
INFO: [ app_begin ] --START--
INFO: ReadHtmlCache Behavior ::run [ RunTime:0.000652s ]
INFO: [ app_begin ] --END-- [ RunTime:0.000785s ]
INFO: [ view_parse ] --START--
NOTIC: [8] Use of undefined constant input - assumed 'input' D:\wamp\www\robot\app\Runtime\Cache\fc07ceeef3170a4b03050a9c1e6e1a29.php 第 5 行.
NOTIC: [8] Undefined index: out D:\wamp\www\robot\app\Lib\Widget\LesscWidget.class.php 第 10 行.
INFO: ParseTemplate Behavior ::run [ RunTime:0.932435s ]
INFO: [ view_parse ] --END-- [ RunTime:0.932591s ]
INFO: [ view_filter ] --START--
INFO: ContentReplace Behavior ::run [ RunTime:0.000795s ]
INFO: TokenBuild Behavior ::run [ RunTime:0.000522s ]
INFO: WriteHtmlCache Behavior ::run [ RunTime:0.000366s ]
INFO: ShowRuntime Behavior ::run [ RunTime:0.000623s ]
INFO: [ view_filter ] --END-- [ RunTime:0.002650s ]
INFO: [ view_end ] --START--
INFO: ShowPageTrace Behavior ::run [ RunTime:0.000666s ]
INFO: [ view_end ] --END-- [ RunTime:0.000790s ]

[ 2013-09-24T11:06:18+08:00 ] 0.0.0.0 /robot/index.php/Index/join.html
INFO: [ route_check ] --START--
INFO: CheckRoute Behavior ::run [ RunTime:0.001044s ]
INFO: [ route_check ] --END-- [ RunTime:0.001226s ]
INFO: [ app_begin ] --START--
INFO: ReadHtmlCache Behavior ::run [ RunTime:0.000636s ]
INFO: [ app_begin ] --END-- [ RunTime:0.000775s ]
INFO: [ view_parse ] --START--
NOTIC: [8] Use of undefined constant input - assumed 'input' D:\wamp\www\robot\app\Runtime\Cache\fc07ceeef3170a4b03050a9c1e6e1a29.php 第 5 行.
NOTIC: [8] Undefined index: out D:\wamp\www\robot\app\Lib\Widget\LesscWidget.class.php 第 10 行.
INFO: ParseTemplate Behavior ::run [ RunTime:0.977111s ]
INFO: [ view_parse ] --END-- [ RunTime:0.977260s ]
INFO: [ view_filter ] --START--
INFO: ContentReplace Behavior ::run [ RunTime:0.000816s ]
INFO: TokenBuild Behavior ::run [ RunTime:0.000547s ]
INFO: WriteHtmlCache Behavior ::run [ RunTime:0.000390s ]
INFO: ShowRuntime Behavior ::run [ RunTime:0.000639s ]
INFO: [ view_filter ] --END-- [ RunTime:0.002733s ]
INFO: [ view_end ] --START--
INFO: ShowPageTrace Behavior ::run [ RunTime:0.000768s ]
INFO: [ view_end ] --END-- [ RunTime:0.000894s ]

[ 2013-09-24T11:06:35+08:00 ] 0.0.0.0 /robot/index.php/Index/join.html
INFO: [ route_check ] --START--
INFO: CheckRoute Behavior ::run [ RunTime:0.000829s ]
INFO: [ route_check ] --END-- [ RunTime:0.001000s ]
INFO: [ app_begin ] --START--
INFO: ReadHtmlCache Behavior ::run [ RunTime:0.000623s ]
INFO: [ app_begin ] --END-- [ RunTime:0.000761s ]
INFO: [ view_parse ] --START--
NOTIC: [8] Use of undefined constant input - assumed 'input' D:\wamp\www\robot\app\Runtime\Cache\fc07ceeef3170a4b03050a9c1e6e1a29.php 第 5 行.
NOTIC: [8] Undefined index: out D:\wamp\www\robot\app\Lib\Widget\LesscWidget.class.php 第 10 行.
INFO: ParseTemplate Behavior ::run [ RunTime:0.980080s ]
INFO: [ view_parse ] --END-- [ RunTime:0.980241s ]
INFO: [ view_filter ] --START--
INFO: ContentReplace Behavior ::run [ RunTime:0.000841s ]
INFO: TokenBuild Behavior ::run [ RunTime:0.000529s ]
INFO: WriteHtmlCache Behavior ::run [ RunTime:0.000395s ]
INFO: ShowRuntime Behavior ::run [ RunTime:0.000621s ]
INFO: [ view_filter ] --END-- [ RunTime:0.002730s ]
INFO: [ view_end ] --START--
INFO: ShowPageTrace Behavior ::run [ RunTime:0.000641s ]
INFO: [ view_end ] --END-- [ RunTime:0.000766s ]

[ 2013-09-24T11:08:01+08:00 ] 0.0.0.0 /robot/index.php/Index/join.html
INFO: [ route_check ] --START--
INFO: CheckRoute Behavior ::run [ RunTime:0.000898s ]
INFO: [ route_check ] --END-- [ RunTime:0.001060s ]
INFO: [ app_begin ] --START--
INFO: ReadHtmlCache Behavior ::run [ RunTime:0.000639s ]
INFO: [ app_begin ] --END-- [ RunTime:0.000777s ]
INFO: [ view_parse ] --START--
NOTIC: [8] Use of undefined constant input - assumed 'input' D:\wamp\www\robot\app\Runtime\Cache\fc07ceeef3170a4b03050a9c1e6e1a29.php 第 5 行.
NOTIC: [8] Undefined index: out D:\wamp\www\robot\app\Lib\Widget\LesscWidget.class.php 第 10 行.
INFO: ParseTemplate Behavior ::run [ RunTime:0.989848s ]
INFO: [ view_parse ] --END-- [ RunTime:0.990007s ]
INFO: [ view_filter ] --START--
INFO: ContentReplace Behavior ::run [ RunTime:0.000823s ]
INFO: TokenBuild Behavior ::run [ RunTime:0.000544s ]
INFO: WriteHtmlCache Behavior ::run [ RunTime:0.000376s ]
INFO: ShowRuntime Behavior ::run [ RunTime:0.000653s ]
INFO: [ view_filter ] --END-- [ RunTime:0.002739s ]
INFO: [ view_end ] --START--
INFO: ShowPageTrace Behavior ::run [ RunTime:0.000678s ]
INFO: [ view_end ] --END-- [ RunTime:0.000821s ]

[ 2013-09-24T11:08:12+08:00 ] 0.0.0.0 /robot/index.php/Index/join.html
INFO: [ route_check ] --START--
INFO: CheckRoute Behavior ::run [ RunTime:0.000801s ]
INFO: [ route_check ] --END-- [ RunTime:0.000956s ]
INFO: [ app_begin ] --START--
INFO: ReadHtmlCache Behavior ::run [ RunTime:0.000636s ]
INFO: [ app_begin ] --END-- [ RunTime:0.000773s ]
INFO: [ view_parse ] --START--
NOTIC: [8] Use of undefined constant input - assumed 'input' D:\wamp\www\robot\app\Runtime\Cache\fc07ceeef3170a4b03050a9c1e6e1a29.php 第 5 行.
NOTIC: [8] Undefined index: out D:\wamp\www\robot\app\Lib\Widget\LesscWidget.class.php 第 10 行.
INFO: ParseTemplate Behavior ::run [ RunTime:0.980868s ]
INFO: [ view_parse ] --END-- [ RunTime:0.981026s ]
INFO: [ view_filter ] --START--
INFO: ContentReplace Behavior ::run [ RunTime:0.000847s ]
INFO: TokenBuild Behavior ::run [ RunTime:0.001831s ]
INFO: WriteHtmlCache Behavior ::run [ RunTime:0.000408s ]
INFO: ShowRuntime Behavior ::run [ RunTime:0.000677s ]
INFO: [ view_filter ] --END-- [ RunTime:0.004125s ]
INFO: [ view_end ] --START--
INFO: ShowPageTrace Behavior ::run [ RunTime:0.000677s ]
INFO: [ view_end ] --END-- [ RunTime:0.000829s ]

[ 2013-09-24T11:10:07+08:00 ] 0.0.0.0 /robot/index.php/Index/join.html
INFO: [ route_check ] --START--
INFO: CheckRoute Behavior ::run [ RunTime:0.000913s ]
INFO: [ route_check ] --END-- [ RunTime:0.001086s ]
INFO: [ app_begin ] --START--
INFO: ReadHtmlCache Behavior ::run [ RunTime:0.000637s ]
INFO: [ app_begin ] --END-- [ RunTime:0.000777s ]
INFO: [ view_parse ] --START--
NOTIC: [8] Use of undefined constant input - assumed 'input' D:\wamp\www\robot\app\Runtime\Cache\fc07ceeef3170a4b03050a9c1e6e1a29.php 第 5 行.
NOTIC: [8] Undefined index: out D:\wamp\www\robot\app\Lib\Widget\LesscWidget.class.php 第 10 行.
INFO: ParseTemplate Behavior ::run [ RunTime:0.990694s ]
INFO: [ view_parse ] --END-- [ RunTime:0.990846s ]
INFO: [ view_filter ] --START--
INFO: ContentReplace Behavior ::run [ RunTime:0.000795s ]
INFO: TokenBuild Behavior ::run [ RunTime:0.000520s ]
INFO: WriteHtmlCache Behavior ::run [ RunTime:0.000400s ]
INFO: ShowRuntime Behavior ::run [ RunTime:0.000642s ]
INFO: [ view_filter ] --END-- [ RunTime:0.002737s ]
INFO: [ view_end ] --START--
INFO: ShowPageTrace Behavior ::run [ RunTime:0.000668s ]
INFO: [ view_end ] --END-- [ RunTime:0.000793s ]

[ 2013-09-24T11:10:29+08:00 ] 0.0.0.0 /robot/index.php/Index/join.html
INFO: [ route_check ] --START--
INFO: CheckRoute Behavior ::run [ RunTime:0.000924s ]
INFO: [ route_check ] --END-- [ RunTime:0.001081s ]
INFO: [ app_begin ] --START--
INFO: ReadHtmlCache Behavior ::run [ RunTime:0.000643s ]
INFO: [ app_begin ] --END-- [ RunTime:0.000780s ]
INFO: [ view_parse ] --START--
NOTIC: [8] Use of undefined constant input - assumed 'input' D:\wamp\www\robot\app\Runtime\Cache\fc07ceeef3170a4b03050a9c1e6e1a29.php 第 5 行.
NOTIC: [8] Undefined index: out D:\wamp\www\robot\app\Lib\Widget\LesscWidget.class.php 第 10 行.
INFO: ParseTemplate Behavior ::run [ RunTime:1.011916s ]
INFO: [ view_parse ] --END-- [ RunTime:1.012089s ]
INFO: [ view_filter ] --START--
INFO: ContentReplace Behavior ::run [ RunTime:0.000824s ]
INFO: TokenBuild Behavior ::run [ RunTime:0.000535s ]
INFO: WriteHtmlCache Behavior ::run [ RunTime:0.000399s ]
INFO: ShowRuntime Behavior ::run [ RunTime:0.000732s ]
INFO: [ view_filter ] --END-- [ RunTime:0.002847s ]
INFO: [ view_end ] --START--
INFO: ShowPageTrace Behavior ::run [ RunTime:0.000686s ]
INFO: [ view_end ] --END-- [ RunTime:0.000833s ]

[ 2013-09-24T11:10:52+08:00 ] 0.0.0.0 /robot/index.php/Index/join.html
INFO: [ route_check ] --START--
INFO: CheckRoute Behavior ::run [ RunTime:0.000907s ]
INFO: [ route_check ] --END-- [ RunTime:0.001078s ]
INFO: [ app_begin ] --START--
INFO: ReadHtmlCache Behavior ::run [ RunTime:0.000614s ]
INFO: [ app_begin ] --END-- [ RunTime:0.000751s ]
INFO: [ view_parse ] --START--
NOTIC: [8] Use of undefined constant input - assumed 'input' D:\wamp\www\robot\app\Runtime\Cache\fc07ceeef3170a4b03050a9c1e6e1a29.php 第 5 行.
NOTIC: [8] Undefined index: out D:\wamp\www\robot\app\Lib\Widget\LesscWidget.class.php 第 10 行.
INFO: ParseTemplate Behavior ::run [ RunTime:0.976389s ]
INFO: [ view_parse ] --END-- [ RunTime:0.976538s ]
INFO: [ view_filter ] --START--
INFO: ContentReplace Behavior ::run [ RunTime:0.000809s ]
INFO: TokenBuild Behavior ::run [ RunTime:0.000545s ]
INFO: WriteHtmlCache Behavior ::run [ RunTime:0.000371s ]
INFO: ShowRuntime Behavior ::run [ RunTime:0.000616s ]
INFO: [ view_filter ] --END-- [ RunTime:0.002678s ]
INFO: [ view_end ] --START--
INFO: ShowPageTrace Behavior ::run [ RunTime:0.000656s ]
INFO: [ view_end ] --END-- [ RunTime:0.000779s ]

[ 2013-09-24T11:11:55+08:00 ] 0.0.0.0 /robot/index.php/Index/join.html
INFO: [ route_check ] --START--
INFO: CheckRoute Behavior ::run [ RunTime:0.000901s ]
INFO: [ route_check ] --END-- [ RunTime:0.001072s ]
INFO: [ app_begin ] --START--
INFO: ReadHtmlCache Behavior ::run [ RunTime:0.000625s ]
INFO: [ app_begin ] --END-- [ RunTime:0.000763s ]
INFO: [ view_parse ] --START--
NOTIC: [8] Use of undefined constant input - assumed 'input' D:\wamp\www\robot\app\Runtime\Cache\fc07ceeef3170a4b03050a9c1e6e1a29.php 第 5 行.
NOTIC: [8] Undefined index: out D:\wamp\www\robot\app\Lib\Widget\LesscWidget.class.php 第 10 行.
INFO: ParseTemplate Behavior ::run [ RunTime:1.004949s ]
INFO: [ view_parse ] --END-- [ RunTime:1.005096s ]
INFO: [ view_filter ] --START--
INFO: ContentReplace Behavior ::run [ RunTime:0.000992s ]
INFO: TokenBuild Behavior ::run [ RunTime:0.000530s ]
INFO: WriteHtmlCache Behavior ::run [ RunTime:0.000379s ]
INFO: ShowRuntime Behavior ::run [ RunTime:0.000618s ]
INFO: [ view_filter ] --END-- [ RunTime:0.002861s ]
INFO: [ view_end ] --START--
INFO: ShowPageTrace Behavior ::run [ RunTime:0.000663s ]
INFO: [ view_end ] --END-- [ RunTime:0.000786s ]

[ 2013-09-24T11:12:11+08:00 ] 0.0.0.0 /robot/index.php/Index/join.html
INFO: [ route_check ] --START--
INFO: CheckRoute Behavior ::run [ RunTime:0.000797s ]
INFO: [ route_check ] --END-- [ RunTime:0.000946s ]
INFO: [ app_begin ] --START--
INFO: ReadHtmlCache Behavior ::run [ RunTime:0.000639s ]
INFO: [ app_begin ] --END-- [ RunTime:0.000775s ]
INFO: [ view_parse ] --START--
NOTIC: [8] Use of undefined constant input - assumed 'input' D:\wamp\www\robot\app\Runtime\Cache\fc07ceeef3170a4b03050a9c1e6e1a29.php 第 5 行.
NOTIC: [8] Undefined index: out D:\wamp\www\robot\app\Lib\Widget\LesscWidget.class.php 第 10 行.
INFO: ParseTemplate Behavior ::run [ RunTime:1.022927s ]
INFO: [ view_parse ] --END-- [ RunTime:1.023110s ]
INFO: [ view_filter ] --START--
INFO: ContentReplace Behavior ::run [ RunTime:0.000810s ]
INFO: TokenBuild Behavior ::run [ RunTime:0.000603s ]
INFO: WriteHtmlCache Behavior ::run [ RunTime:0.000374s ]
INFO: ShowRuntime Behavior ::run [ RunTime:0.000650s ]
INFO: [ view_filter ] --END-- [ RunTime:0.002784s ]
INFO: [ view_end ] --START--
INFO: ShowPageTrace Behavior ::run [ RunTime:0.000674s ]
INFO: [ view_end ] --END-- [ RunTime:0.000817s ]

[ 2013-09-24T11:13:45+08:00 ] 0.0.0.0 /robot/index.php/Index/join.html
INFO: [ route_check ] --START--
INFO: CheckRoute Behavior ::run [ RunTime:0.000856s ]
INFO: [ route_check ] --END-- [ RunTime:0.001033s ]
INFO: [ app_begin ] --START--
INFO: ReadHtmlCache Behavior ::run [ RunTime:0.000645s ]
INFO: [ app_begin ] --END-- [ RunTime:0.000782s ]
INFO: [ view_parse ] --START--
NOTIC: [8] Use of undefined constant input - assumed 'input' D:\wamp\www\robot\app\Runtime\Cache\fc07ceeef3170a4b03050a9c1e6e1a29.php 第 5 行.
NOTIC: [8] Undefined index: out D:\wamp\www\robot\app\Lib\Widget\LesscWidget.class.php 第 10 行.
INFO: ParseTemplate Behavior ::run [ RunTime:0.961412s ]
INFO: [ view_parse ] --END-- [ RunTime:0.961567s ]
INFO: [ view_filter ] --START--
INFO: ContentReplace Behavior ::run [ RunTime:0.000857s ]
INFO: TokenBuild Behavior ::run [ RunTime:0.000533s ]
INFO: WriteHtmlCache Behavior ::run [ RunTime:0.000382s ]
INFO: ShowRuntime Behavior ::run [ RunTime:0.000624s ]
INFO: [ view_filter ] --END-- [ RunTime:0.002735s ]
INFO: [ view_end ] --START--
INFO: ShowPageTrace Behavior ::run [ RunTime:0.000662s ]
INFO: [ view_end ] --END-- [ RunTime:0.000787s ]

[ 2013-09-24T11:13:51+08:00 ] 0.0.0.0 /robot/index.php/Index/about.html
INFO: [ route_check ] --START--
INFO: CheckRoute Behavior ::run [ RunTime:0.000803s ]
INFO: [ route_check ] --END-- [ RunTime:0.000970s ]
INFO: [ app_begin ] --START--
INFO: ReadHtmlCache Behavior ::run [ RunTime:0.000829s ]
INFO: [ app_begin ] --END-- [ RunTime:0.000966s ]
INFO: [ view_parse ] --START--
NOTIC: [8] Use of undefined constant input - assumed 'input' D:\wamp\www\robot\app\Runtime\Cache\2e02511801faa7a8371babbb4a3920f0.php 第 5 行.
NOTIC: [8] Undefined index: out D:\wamp\www\robot\app\Lib\Widget\LesscWidget.class.php 第 10 行.
INFO: ParseTemplate Behavior ::run [ RunTime:0.973478s ]
INFO: [ view_parse ] --END-- [ RunTime:0.973627s ]
INFO: [ view_filter ] --START--
INFO: ContentReplace Behavior ::run [ RunTime:0.000840s ]
INFO: TokenBuild Behavior ::run [ RunTime:0.000527s ]
INFO: WriteHtmlCache Behavior ::run [ RunTime:0.000369s ]
INFO: ShowRuntime Behavior ::run [ RunTime:0.000634s ]
INFO: [ view_filter ] --END-- [ RunTime:0.002708s ]
INFO: [ view_end ] --START--
INFO: ShowPageTrace Behavior ::run [ RunTime:0.000662s ]
INFO: [ view_end ] --END-- [ RunTime:0.000787s ]

[ 2013-09-24T11:17:26+08:00 ] 0.0.0.0 /robot/index.php/Index/join.html
INFO: [ route_check ] --START--
INFO: CheckRoute Behavior ::run [ RunTime:0.000910s ]
INFO: [ route_check ] --END-- [ RunTime:0.001082s ]
INFO: [ app_begin ] --START--
INFO: ReadHtmlCache Behavior ::run [ RunTime:0.000638s ]
INFO: [ app_begin ] --END-- [ RunTime:0.000775s ]
INFO: [ view_parse ] --START--
NOTIC: [8] Use of undefined constant input - assumed 'input' D:\wamp\www\robot\app\Runtime\Cache\fc07ceeef3170a4b03050a9c1e6e1a29.php 第 5 行.
NOTIC: [8] Undefined index: out D:\wamp\www\robot\app\Lib\Widget\LesscWidget.class.php 第 10 行.
INFO: ParseTemplate Behavior ::run [ RunTime:0.974392s ]
INFO: [ view_parse ] --END-- [ RunTime:0.974542s ]
INFO: [ view_filter ] --START--
INFO: ContentReplace Behavior ::run [ RunTime:0.000807s ]
INFO: TokenBuild Behavior ::run [ RunTime:0.000533s ]
INFO: WriteHtmlCache Behavior ::run [ RunTime:0.000390s ]
INFO: ShowRuntime Behavior ::run [ RunTime:0.000622s ]
INFO: [ view_filter ] --END-- [ RunTime:0.002711s ]
INFO: [ view_end ] --START--
INFO: ShowPageTrace Behavior ::run [ RunTime:0.000699s ]
INFO: [ view_end ] --END-- [ RunTime:0.000833s ]

[ 2013-09-24T11:19:26+08:00 ] 0.0.0.0 /robot/index.php/Index/join.html
INFO: [ route_check ] --START--
INFO: CheckRoute Behavior ::run [ RunTime:0.000860s ]
INFO: [ route_check ] --END-- [ RunTime:0.001033s ]
INFO: [ app_begin ] --START--
INFO: ReadHtmlCache Behavior ::run [ RunTime:0.000652s ]
INFO: [ app_begin ] --END-- [ RunTime:0.000794s ]
INFO: [ view_parse ] --START--
NOTIC: [8] Use of undefined constant input - assumed 'input' D:\wamp\www\robot\app\Runtime\Cache\fc07ceeef3170a4b03050a9c1e6e1a29.php 第 5 行.
NOTIC: [8] Undefined index: out D:\wamp\www\robot\app\Lib\Widget\LesscWidget.class.php 第 10 行.
INFO: ParseTemplate Behavior ::run [ RunTime:0.972014s ]
INFO: [ view_parse ] --END-- [ RunTime:0.972163s ]
INFO: [ view_filter ] --START--
INFO: ContentReplace Behavior ::run [ RunTime:0.000809s ]
INFO: TokenBuild Behavior ::run [ RunTime:0.000704s ]
INFO: WriteHtmlCache Behavior ::run [ RunTime:0.000376s ]
INFO: ShowRuntime Behavior ::run [ RunTime:0.000636s ]
INFO: [ view_filter ] --END-- [ RunTime:0.002878s ]
INFO: [ view_end ] --START--
INFO: ShowPageTrace Behavior ::run [ RunTime:0.000660s ]
INFO: [ view_end ] --END-- [ RunTime:0.000786s ]

[ 2013-09-24T11:19:48+08:00 ] 0.0.0.0 /robot/index.php/Index/join.html
INFO: [ route_check ] --START--
INFO: CheckRoute Behavior ::run [ RunTime:0.000808s ]
INFO: [ route_check ] --END-- [ RunTime:0.000971s ]
INFO: [ app_begin ] --START--
INFO: ReadHtmlCache Behavior ::run [ RunTime:0.000653s ]
INFO: [ app_begin ] --END-- [ RunTime:0.000793s ]
INFO: [ view_parse ] --START--
NOTIC: [8] Use of undefined constant input - assumed 'input' D:\wamp\www\robot\app\Runtime\Cache\fc07ceeef3170a4b03050a9c1e6e1a29.php 第 5 行.
NOTIC: [8] Undefined index: out D:\wamp\www\robot\app\Lib\Widget\LesscWidget.class.php 第 10 行.
INFO: ParseTemplate Behavior ::run [ RunTime:1.002943s ]
INFO: [ view_parse ] --END-- [ RunTime:1.003092s ]
INFO: [ view_filter ] --START--
INFO: ContentReplace Behavior ::run [ RunTime:0.000798s ]
INFO: TokenBuild Behavior ::run [ RunTime:0.000519s ]
INFO: WriteHtmlCache Behavior ::run [ RunTime:0.000400s ]
INFO: ShowRuntime Behavior ::run [ RunTime:0.000627s ]
INFO: [ view_filter ] --END-- [ RunTime:0.002683s ]
INFO: [ view_end ] --START--
INFO: ShowPageTrace Behavior ::run [ RunTime:0.000689s ]
INFO: [ view_end ] --END-- [ RunTime:0.000818s ]

[ 2013-09-24T11:20:33+08:00 ] 0.0.0.0 /robot/index.php/Index/join.html
INFO: [ route_check ] --START--
INFO: CheckRoute Behavior ::run [ RunTime:0.000940s ]
INFO: [ route_check ] --END-- [ RunTime:0.001120s ]
INFO: [ app_begin ] --START--
INFO: ReadHtmlCache Behavior ::run [ RunTime:0.000725s ]
INFO: [ app_begin ] --END-- [ RunTime:0.000866s ]
INFO: [ view_parse ] --START--
NOTIC: [8] Use of undefined constant input - assumed 'input' D:\wamp\www\robot\app\Runtime\Cache\fc07ceeef3170a4b03050a9c1e6e1a29.php 第 5 行.
NOTIC: [8] Undefined index: out D:\wamp\www\robot\app\Lib\Widget\LesscWidget.class.php 第 10 行.
INFO: ParseTemplate Behavior ::run [ RunTime:0.921911s ]
INFO: [ view_parse ] --END-- [ RunTime:0.922060s ]
INFO: [ view_filter ] --START--
INFO: ContentReplace Behavior ::run [ RunTime:0.000837s ]
INFO: TokenBuild Behavior ::run [ RunTime:0.000516s ]
INFO: WriteHtmlCache Behavior ::run [ RunTime:0.000367s ]
INFO: ShowRuntime Behavior ::run [ RunTime:0.000622s ]
INFO: [ view_filter ] --END-- [ RunTime:0.002680s ]
INFO: [ view_end ] --START--
INFO: ShowPageTrace Behavior ::run [ RunTime:0.000654s ]
INFO: [ view_end ] --END-- [ RunTime:0.000778s ]

[ 2013-09-24T11:20:55+08:00 ] 0.0.0.0 /robot/index.php/Index/join.html
INFO: [ route_check ] --START--
INFO: CheckRoute Behavior ::run [ RunTime:0.000938s ]
INFO: [ route_check ] --END-- [ RunTime:0.001086s ]
INFO: [ app_begin ] --START--
INFO: ReadHtmlCache Behavior ::run [ RunTime:0.000710s ]
INFO: [ app_begin ] --END-- [ RunTime:0.000842s ]
INFO: [ view_parse ] --START--
NOTIC: [8] Use of undefined constant input - assumed 'input' D:\wamp\www\robot\app\Runtime\Cache\fc07ceeef3170a4b03050a9c1e6e1a29.php 第 5 行.
NOTIC: [8] Undefined index: out D:\wamp\www\robot\app\Lib\Widget\LesscWidget.class.php 第 10 行.
INFO: ParseTemplate Behavior ::run [ RunTime:0.937856s ]
INFO: [ view_parse ] --END-- [ RunTime:0.938010s ]
INFO: [ view_filter ] --START--
INFO: ContentReplace Behavior ::run [ RunTime:0.000896s ]
INFO: TokenBuild Behavior ::run [ RunTime:0.000599s ]
INFO: WriteHtmlCache Behavior ::run [ RunTime:0.000373s ]
INFO: ShowRuntime Behavior ::run [ RunTime:0.000640s ]
INFO: [ view_filter ] --END-- [ RunTime:0.002851s ]
INFO: [ view_end ] --START--
INFO: ShowPageTrace Behavior ::run [ RunTime:0.000665s ]
INFO: [ view_end ] --END-- [ RunTime:0.000788s ]

[ 2013-09-24T11:22:01+08:00 ] 0.0.0.0 /robot/index.php/Index/join.html
INFO: [ route_check ] --START--
INFO: CheckRoute Behavior ::run [ RunTime:0.000914s ]
INFO: [ route_check ] --END-- [ RunTime:0.001079s ]
INFO: [ app_begin ] --START--
INFO: ReadHtmlCache Behavior ::run [ RunTime:0.000616s ]
INFO: [ app_begin ] --END-- [ RunTime:0.000752s ]
INFO: [ view_parse ] --START--
NOTIC: [8] Use of undefined constant input - assumed 'input' D:\wamp\www\robot\app\Runtime\Cache\fc07ceeef3170a4b03050a9c1e6e1a29.php 第 5 行.
NOTIC: [8] Undefined index: out D:\wamp\www\robot\app\Lib\Widget\LesscWidget.class.php 第 10 行.
INFO: ParseTemplate Behavior ::run [ RunTime:0.983658s ]
INFO: [ view_parse ] --END-- [ RunTime:0.983816s ]
INFO: [ view_filter ] --START--
INFO: ContentReplace Behavior ::run [ RunTime:0.000819s ]
INFO: TokenBuild Behavior ::run [ RunTime:0.000520s ]
INFO: WriteHtmlCache Behavior ::run [ RunTime:0.000374s ]
INFO: ShowRuntime Behavior ::run [ RunTime:0.000622s ]
INFO: [ view_filter ] --END-- [ RunTime:0.002706s ]
INFO: [ view_end ] --START--
INFO: ShowPageTrace Behavior ::run [ RunTime:0.000665s ]
INFO: [ view_end ] --END-- [ RunTime:0.000792s ]

[ 2013-09-24T11:22:24+08:00 ] 0.0.0.0 /robot/index.php/Index/join.html
INFO: [ route_check ] --START--
INFO: CheckRoute Behavior ::run [ RunTime:0.000805s ]
INFO: [ route_check ] --END-- [ RunTime:0.000971s ]
INFO: [ app_begin ] --START--
INFO: ReadHtmlCache Behavior ::run [ RunTime:0.000674s ]
INFO: [ app_begin ] --END-- [ RunTime:0.000816s ]
INFO: [ view_parse ] --START--
NOTIC: [8] Use of undefined constant input - assumed 'input' D:\wamp\www\robot\app\Runtime\Cache\fc07ceeef3170a4b03050a9c1e6e1a29.php 第 5 行.
NOTIC: [8] Undefined index: out D:\wamp\www\robot\app\Lib\Widget\LesscWidget.class.php 第 10 行.
INFO: ParseTemplate Behavior ::run [ RunTime:0.982294s ]
INFO: [ view_parse ] --END-- [ RunTime:0.982444s ]
INFO: [ view_filter ] --START--
INFO: ContentReplace Behavior ::run [ RunTime:0.001512s ]
INFO: TokenBuild Behavior ::run [ RunTime:0.000637s ]
INFO: WriteHtmlCache Behavior ::run [ RunTime:0.000388s ]
INFO: ShowRuntime Behavior ::run [ RunTime:0.000627s ]
INFO: [ view_filter ] --END-- [ RunTime:0.003513s ]
INFO: [ view_end ] --START--
INFO: ShowPageTrace Behavior ::run [ RunTime:0.000654s ]
INFO: [ view_end ] --END-- [ RunTime:0.000780s ]

[ 2013-09-24T11:27:46+08:00 ] 0.0.0.0 /robot/index.php/Index/join.html
INFO: [ route_check ] --START--
INFO: CheckRoute Behavior ::run [ RunTime:0.000904s ]
INFO: [ route_check ] --END-- [ RunTime:0.001072s ]
INFO: [ app_begin ] --START--
INFO: ReadHtmlCache Behavior ::run [ RunTime:0.000617s ]
INFO: [ app_begin ] --END-- [ RunTime:0.000766s ]
INFO: [ view_parse ] --START--
NOTIC: [8] Use of undefined constant input - assumed 'input' D:\wamp\www\robot\app\Runtime\Cache\fc07ceeef3170a4b03050a9c1e6e1a29.php 第 5 行.
NOTIC: [8] Undefined index: out D:\wamp\www\robot\app\Lib\Widget\LesscWidget.class.php 第 10 行.
INFO: ParseTemplate Behavior ::run [ RunTime:0.990260s ]
INFO: [ view_parse ] --END-- [ RunTime:0.990414s ]
INFO: [ view_filter ] --START--
INFO: ContentReplace Behavior ::run [ RunTime:0.000816s ]
INFO: TokenBuild Behavior ::run [ RunTime:0.000523s ]
INFO: WriteHtmlCache Behavior ::run [ RunTime:0.000370s ]
INFO: ShowRuntime Behavior ::run [ RunTime:0.000643s ]
INFO: [ view_filter ] --END-- [ RunTime:0.002690s ]
INFO: [ view_end ] --START--
INFO: ShowPageTrace Behavior ::run [ RunTime:0.000858s ]
INFO: [ view_end ] --END-- [ RunTime:0.000983s ]

[ 2013-09-24T11:28:00+08:00 ] 0.0.0.0 /robot/index.php/Index/join.html
INFO: [ route_check ] --START--
INFO: CheckRoute Behavior ::run [ RunTime:0.001080s ]
INFO: [ route_check ] --END-- [ RunTime:0.001232s ]
INFO: [ app_begin ] --START--
INFO: ReadHtmlCache Behavior ::run [ RunTime:0.000701s ]
INFO: [ app_begin ] --END-- [ RunTime:0.000832s ]
INFO: [ view_parse ] --START--
NOTIC: [8] Use of undefined constant input - assumed 'input' D:\wamp\www\robot\app\Runtime\Cache\fc07ceeef3170a4b03050a9c1e6e1a29.php 第 5 行.
NOTIC: [8] Undefined index: out D:\wamp\www\robot\app\Lib\Widget\LesscWidget.class.php 第 10 行.
INFO: ParseTemplate Behavior ::run [ RunTime:0.949565s ]
INFO: [ view_parse ] --END-- [ RunTime:0.949716s ]
INFO: [ view_filter ] --START--
INFO: ContentReplace Behavior ::run [ RunTime:0.000826s ]
INFO: TokenBuild Behavior ::run [ RunTime:0.000514s ]
INFO: WriteHtmlCache Behavior ::run [ RunTime:0.000366s ]
INFO: ShowRuntime Behavior ::run [ RunTime:0.000619s ]
INFO: [ view_filter ] --END-- [ RunTime:0.002662s ]
INFO: [ view_end ] --START--
INFO: ShowPageTrace Behavior ::run [ RunTime:0.000653s ]
INFO: [ view_end ] --END-- [ RunTime:0.000777s ]

[ 2013-09-24T11:28:12+08:00 ] 0.0.0.0 /robot/index.php/Index/join.html
INFO: [ route_check ] --START--
INFO: CheckRoute Behavior ::run [ RunTime:0.000888s ]
INFO: [ route_check ] --END-- [ RunTime:0.001044s ]
INFO: [ app_begin ] --START--
INFO: ReadHtmlCache Behavior ::run [ RunTime:0.000638s ]
INFO: [ app_begin ] --END-- [ RunTime:0.000777s ]
INFO: [ view_parse ] --START--
NOTIC: [8] Use of undefined constant input - assumed 'input' D:\wamp\www\robot\app\Runtime\Cache\fc07ceeef3170a4b03050a9c1e6e1a29.php 第 5 行.
NOTIC: [8] Undefined index: out D:\wamp\www\robot\app\Lib\Widget\LesscWidget.class.php 第 10 行.
INFO: ParseTemplate Behavior ::run [ RunTime:1.011148s ]
INFO: [ view_parse ] --END-- [ RunTime:1.011303s ]
INFO: [ view_filter ] --START--
INFO: ContentReplace Behavior ::run [ RunTime:0.000906s ]
INFO: TokenBuild Behavior ::run [ RunTime:0.000558s ]
INFO: WriteHtmlCache Behavior ::run [ RunTime:0.000375s ]
INFO: ShowRuntime Behavior ::run [ RunTime:0.000651s ]
INFO: [ view_filter ] --END-- [ RunTime:0.002834s ]
INFO: [ view_end ] --START--
INFO: ShowPageTrace Behavior ::run [ RunTime:0.000677s ]
INFO: [ view_end ] --END-- [ RunTime:0.000821s ]

[ 2013-09-24T11:29:45+08:00 ] 0.0.0.0 /robot/index.php/Index/join.html
INFO: [ route_check ] --START--
INFO: CheckRoute Behavior ::run [ RunTime:0.000805s ]
INFO: [ route_check ] --END-- [ RunTime:0.000974s ]
INFO: [ app_begin ] --START--
INFO: ReadHtmlCache Behavior ::run [ RunTime:0.000623s ]
INFO: [ app_begin ] --END-- [ RunTime:0.000767s ]
INFO: [ view_parse ] --START--
NOTIC: [8] Use of undefined constant input - assumed 'input' D:\wamp\www\robot\app\Runtime\Cache\fc07ceeef3170a4b03050a9c1e6e1a29.php 第 5 行.
NOTIC: [8] Undefined index: out D:\wamp\www\robot\app\Lib\Widget\LesscWidget.class.php 第 10 行.
INFO: ParseTemplate Behavior ::run [ RunTime:0.969173s ]
INFO: [ view_parse ] --END-- [ RunTime:0.969323s ]
INFO: [ view_filter ] --START--
INFO: ContentReplace Behavior ::run [ RunTime:0.000815s ]
INFO: TokenBuild Behavior ::run [ RunTime:0.000524s ]
INFO: WriteHtmlCache Behavior ::run [ RunTime:0.000452s ]
INFO: ShowRuntime Behavior ::run [ RunTime:0.000639s ]
INFO: [ view_filter ] --END-- [ RunTime:0.002768s ]
INFO: [ view_end ] --START--
INFO: ShowPageTrace Behavior ::run [ RunTime:0.000652s ]
INFO: [ view_end ] --END-- [ RunTime:0.000777s ]

[ 2013-09-24T11:30:30+08:00 ] 0.0.0.0 /robot/index.php/Index/join.html
INFO: [ route_check ] --START--
INFO: CheckRoute Behavior ::run [ RunTime:0.000935s ]
INFO: [ route_check ] --END-- [ RunTime:0.001098s ]
INFO: [ app_begin ] --START--
INFO: ReadHtmlCache Behavior ::run [ RunTime:0.000639s ]
INFO: [ app_begin ] --END-- [ RunTime:0.000777s ]
INFO: [ view_parse ] --START--
NOTIC: [8] Use of undefined constant input - assumed 'input' D:\wamp\www\robot\app\Runtime\Cache\fc07ceeef3170a4b03050a9c1e6e1a29.php 第 5 行.
NOTIC: [8] Undefined index: out D:\wamp\www\robot\app\Lib\Widget\LesscWidget.class.php 第 10 行.
INFO: ParseTemplate Behavior ::run [ RunTime:0.995396s ]
INFO: [ view_parse ] --END-- [ RunTime:0.995548s ]
INFO: [ view_filter ] --START--
INFO: ContentReplace Behavior ::run [ RunTime:0.000858s ]
INFO: TokenBuild Behavior ::run [ RunTime:0.000574s ]
INFO: WriteHtmlCache Behavior ::run [ RunTime:0.000367s ]
INFO: ShowRuntime Behavior ::run [ RunTime:0.000657s ]
INFO: [ view_filter ] --END-- [ RunTime:0.002837s ]
INFO: [ view_end ] --START--
INFO: ShowPageTrace Behavior ::run [ RunTime:0.000669s ]
INFO: [ view_end ] --END-- [ RunTime:0.000813s ]

[ 2013-09-24T11:31:01+08:00 ] 0.0.0.0 /robot/index.php/Index/join.html
INFO: [ route_check ] --START--
INFO: CheckRoute Behavior ::run [ RunTime:0.001061s ]
INFO: [ route_check ] --END-- [ RunTime:0.001211s ]
INFO: [ app_begin ] --START--
INFO: ReadHtmlCache Behavior ::run [ RunTime:0.000719s ]
INFO: [ app_begin ] --END-- [ RunTime:0.000851s ]
INFO: [ view_parse ] --START--
NOTIC: [8] Use of undefined constant input - assumed 'input' D:\wamp\www\robot\app\Runtime\Cache\fc07ceeef3170a4b03050a9c1e6e1a29.php 第 5 行.
NOTIC: [8] Undefined index: out D:\wamp\www\robot\app\Lib\Widget\LesscWidget.class.php 第 10 行.
INFO: ParseTemplate Behavior ::run [ RunTime:0.944373s ]
INFO: [ view_parse ] --END-- [ RunTime:0.944529s ]
INFO: [ view_filter ] --START--
INFO: ContentReplace Behavior ::run [ RunTime:0.000813s ]
INFO: TokenBuild Behavior ::run [ RunTime:0.000517s ]
INFO: WriteHtmlCache Behavior ::run [ RunTime:0.000572s ]
INFO: ShowRuntime Behavior ::run [ RunTime:0.000641s ]
INFO: [ view_filter ] --END-- [ RunTime:0.002974s ]
INFO: [ view_end ] --START--
INFO: ShowPageTrace Behavior ::run [ RunTime:0.000665s ]
INFO: [ view_end ] --END-- [ RunTime:0.000792s ]

[ 2013-09-24T11:31:10+08:00 ] 0.0.0.0 /robot/index.php/Index/join.html
INFO: [ route_check ] --START--
INFO: CheckRoute Behavior ::run [ RunTime:0.000791s ]
INFO: [ route_check ] --END-- [ RunTime:0.000947s ]
INFO: [ app_begin ] --START--
INFO: ReadHtmlCache Behavior ::run [ RunTime:0.000796s ]
INFO: [ app_begin ] --END-- [ RunTime:0.000935s ]
INFO: [ view_parse ] --START--
NOTIC: [8] Use of undefined constant input - assumed 'input' D:\wamp\www\robot\app\Runtime\Cache\fc07ceeef3170a4b03050a9c1e6e1a29.php 第 5 行.
NOTIC: [8] Undefined index: out D:\wamp\www\robot\app\Lib\Widget\LesscWidget.class.php 第 10 行.
INFO: ParseTemplate Behavior ::run [ RunTime:1.001670s ]
INFO: [ view_parse ] --END-- [ RunTime:1.001832s ]
INFO: [ view_filter ] --START--
INFO: ContentReplace Behavior ::run [ RunTime:0.000896s ]
INFO: TokenBuild Behavior ::run [ RunTime:0.000547s ]
INFO: WriteHtmlCache Behavior ::run [ RunTime:0.000377s ]
INFO: ShowRuntime Behavior ::run [ RunTime:0.000880s ]
INFO: [ view_filter ] --END-- [ RunTime:0.003113s ]
INFO: [ view_end ] --START--
INFO: ShowPageTrace Behavior ::run [ RunTime:0.000699s ]
INFO: [ view_end ] --END-- [ RunTime:0.000845s ]

[ 2013-09-24T11:32:15+08:00 ] 0.0.0.0 /robot/index.php/Index/join.html
INFO: [ route_check ] --START--
INFO: CheckRoute Behavior ::run [ RunTime:0.000812s ]
INFO: [ route_check ] --END-- [ RunTime:0.000975s ]
INFO: [ app_begin ] --START--
INFO: ReadHtmlCache Behavior ::run [ RunTime:0.000635s ]
INFO: [ app_begin ] --END-- [ RunTime:0.000772s ]
INFO: [ view_parse ] --START--
NOTIC: [8] Use of undefined constant input - assumed 'input' D:\wamp\www\robot\app\Runtime\Cache\fc07ceeef3170a4b03050a9c1e6e1a29.php 第 5 行.
NOTIC: [8] Undefined index: out D:\wamp\www\robot\app\Lib\Widget\LesscWidget.class.php 第 10 行.
INFO: ParseTemplate Behavior ::run [ RunTime:1.021181s ]
INFO: [ view_parse ] --END-- [ RunTime:1.021342s ]
INFO: [ view_filter ] --START--
INFO: ContentReplace Behavior ::run [ RunTime:0.000888s ]
INFO: TokenBuild Behavior ::run [ RunTime:0.000544s ]
INFO: WriteHtmlCache Behavior ::run [ RunTime:0.000367s ]
INFO: ShowRuntime Behavior ::run [ RunTime:0.000652s ]
INFO: [ view_filter ] --END-- [ RunTime:0.002795s ]
INFO: [ view_end ] --START--
INFO: ShowPageTrace Behavior ::run [ RunTime:0.000688s ]
INFO: [ view_end ] --END-- [ RunTime:0.000832s ]

[ 2013-09-24T11:32:25+08:00 ] 0.0.0.0 /robot/index.php/Index/join.html
INFO: [ route_check ] --START--
INFO: CheckRoute Behavior ::run [ RunTime:0.000789s ]
INFO: [ route_check ] --END-- [ RunTime:0.000966s ]
INFO: [ app_begin ] --START--
INFO: ReadHtmlCache Behavior ::run [ RunTime:0.000613s ]
INFO: [ app_begin ] --END-- [ RunTime:0.000742s ]
INFO: [ view_parse ] --START--
NOTIC: [8] Use of undefined constant input - assumed 'input' D:\wamp\www\robot\app\Runtime\Cache\fc07ceeef3170a4b03050a9c1e6e1a29.php 第 5 行.
NOTIC: [8] Undefined index: out D:\wamp\www\robot\app\Lib\Widget\LesscWidget.class.php 第 10 行.
INFO: ParseTemplate Behavior ::run [ RunTime:0.949997s ]
INFO: [ view_parse ] --END-- [ RunTime:0.950148s ]
INFO: [ view_filter ] --START--
INFO: ContentReplace Behavior ::run [ RunTime:0.000841s ]
INFO: TokenBuild Behavior ::run [ RunTime:0.000521s ]
INFO: WriteHtmlCache Behavior ::run [ RunTime:0.000365s ]
INFO: ShowRuntime Behavior ::run [ RunTime:0.000645s ]
INFO: [ view_filter ] --END-- [ RunTime:0.002712s ]
INFO: [ view_end ] --START--
INFO: ShowPageTrace Behavior ::run [ RunTime:0.000654s ]
INFO: [ view_end ] --END-- [ RunTime:0.000778s ]

[ 2013-09-24T11:32:41+08:00 ] 0.0.0.0 /robot/index.php/Index/join.html
INFO: [ route_check ] --START--
INFO: CheckRoute Behavior ::run [ RunTime:0.000911s ]
INFO: [ route_check ] --END-- [ RunTime:0.001074s ]
INFO: [ app_begin ] --START--
INFO: ReadHtmlCache Behavior ::run [ RunTime:0.000659s ]
INFO: [ app_begin ] --END-- [ RunTime:0.000796s ]
INFO: [ view_parse ] --START--
NOTIC: [8] Use of undefined constant input - assumed 'input' D:\wamp\www\robot\app\Runtime\Cache\fc07ceeef3170a4b03050a9c1e6e1a29.php 第 5 行.
NOTIC: [8] Undefined index: out D:\wamp\www\robot\app\Lib\Widget\LesscWidget.class.php 第 10 行.
INFO: ParseTemplate Behavior ::run [ RunTime:0.973703s ]
INFO: [ view_parse ] --END-- [ RunTime:0.973870s ]
INFO: [ view_filter ] --START--
INFO: ContentReplace Behavior ::run [ RunTime:0.000833s ]
INFO: TokenBuild Behavior ::run [ RunTime:0.000525s ]
INFO: WriteHtmlCache Behavior ::run [ RunTime:0.000444s ]
INFO: ShowRuntime Behavior ::run [ RunTime:0.000640s ]
INFO: [ view_filter ] --END-- [ RunTime:0.002847s ]
INFO: [ view_end ] --START--
INFO: ShowPageTrace Behavior ::run [ RunTime:0.000666s ]
INFO: [ view_end ] --END-- [ RunTime:0.000797s ]

[ 2013-09-24T11:32:49+08:00 ] 0.0.0.0 /robot/index.php/Index/join.html
INFO: [ route_check ] --START--
INFO: CheckRoute Behavior ::run [ RunTime:0.000811s ]
INFO: [ route_check ] --END-- [ RunTime:0.000967s ]
INFO: [ app_begin ] --START--
INFO: ReadHtmlCache Behavior ::run [ RunTime:0.000636s ]
INFO: [ app_begin ] --END-- [ RunTime:0.000785s ]
INFO: [ view_parse ] --START--
NOTIC: [8] Use of undefined constant input - assumed 'input' D:\wamp\www\robot\app\Runtime\Cache\fc07ceeef3170a4b03050a9c1e6e1a29.php 第 5 行.
NOTIC: [8] Undefined index: out D:\wamp\www\robot\app\Lib\Widget\LesscWidget.class.php 第 10 行.
INFO: ParseTemplate Behavior ::run [ RunTime:1.034512s ]
INFO: [ view_parse ] --END-- [ RunTime:1.034664s ]
INFO: [ view_filter ] --START--
INFO: ContentReplace Behavior ::run [ RunTime:0.000892s ]
INFO: TokenBuild Behavior ::run [ RunTime:0.000632s ]
INFO: WriteHtmlCache Behavior ::run [ RunTime:0.000373s ]
INFO: ShowRuntime Behavior ::run [ RunTime:0.000651s ]
INFO: [ view_filter ] --END-- [ RunTime:0.002903s ]
INFO: [ view_end ] --START--
INFO: ShowPageTrace Behavior ::run [ RunTime:0.000669s ]
INFO: [ view_end ] --END-- [ RunTime:0.000814s ]

[ 2013-09-24T11:33:09+08:00 ] 0.0.0.0 /robot/index.php/Index/join.html
INFO: [ route_check ] --START--
INFO: CheckRoute Behavior ::run [ RunTime:0.000780s ]
INFO: [ route_check ] --END-- [ RunTime:0.000924s ]
INFO: [ app_begin ] --START--
INFO: ReadHtmlCache Behavior ::run [ RunTime:0.000756s ]
INFO: [ app_begin ] --END-- [ RunTime:0.000916s ]
INFO: [ view_parse ] --START--
NOTIC: [8] Use of undefined constant input - assumed 'input' D:\wamp\www\robot\app\Runtime\Cache\fc07ceeef3170a4b03050a9c1e6e1a29.php 第 5 行.
NOTIC: [8] Undefined index: out D:\wamp\www\robot\app\Lib\Widget\LesscWidget.class.php 第 10 行.
INFO: ParseTemplate Behavior ::run [ RunTime:0.974343s ]
INFO: [ view_parse ] --END-- [ RunTime:0.974497s ]
INFO: [ view_filter ] --START--
INFO: ContentReplace Behavior ::run [ RunTime:0.000878s ]
INFO: TokenBuild Behavior ::run [ RunTime:0.000541s ]
INFO: WriteHtmlCache Behavior ::run [ RunTime:0.000377s ]
INFO: ShowRuntime Behavior ::run [ RunTime:0.000622s ]
INFO: [ view_filter ] --END-- [ RunTime:0.002760s ]
INFO: [ view_end ] --START--
INFO: ShowPageTrace Behavior ::run [ RunTime:0.000665s ]
INFO: [ view_end ] --END-- [ RunTime:0.000789s ]

[ 2013-09-24T11:35:17+08:00 ] 0.0.0.0 /robot/index.php/Index/join.html
INFO: [ route_check ] --START--
INFO: CheckRoute Behavior ::run [ RunTime:0.000878s ]
INFO: [ route_check ] --END-- [ RunTime:0.001021s ]
INFO: [ app_begin ] --START--
INFO: ReadHtmlCache Behavior ::run [ RunTime:0.000621s ]
INFO: [ app_begin ] --END-- [ RunTime:0.000752s ]
INFO: [ view_parse ] --START--
NOTIC: [8] Use of undefined constant input - assumed 'input' D:\wamp\www\robot\app\Runtime\Cache\fc07ceeef3170a4b03050a9c1e6e1a29.php 第 5 行.
NOTIC: [8] Undefined index: out D:\wamp\www\robot\app\Lib\Widget\LesscWidget.class.php 第 10 行.
INFO: ParseTemplate Behavior ::run [ RunTime:0.930085s ]
INFO: [ view_parse ] --END-- [ RunTime:0.930233s ]
INFO: [ view_filter ] --START--
INFO: ContentReplace Behavior ::run [ RunTime:0.000941s ]
INFO: TokenBuild Behavior ::run [ RunTime:0.000536s ]
INFO: WriteHtmlCache Behavior ::run [ RunTime:0.000383s ]
INFO: ShowRuntime Behavior ::run [ RunTime:0.000628s ]
INFO: [ view_filter ] --END-- [ RunTime:0.002850s ]
INFO: [ view_end ] --START--
INFO: ShowPageTrace Behavior ::run [ RunTime:0.000644s ]
INFO: [ view_end ] --END-- [ RunTime:0.000776s ]

[ 2013-09-24T11:38:56+08:00 ] 0.0.0.0 /robot/index.php/Index/join.html
INFO: [ route_check ] --START--
INFO: CheckRoute Behavior ::run [ RunTime:0.000925s ]
INFO: [ route_check ] --END-- [ RunTime:0.001087s ]
INFO: [ app_begin ] --START--
INFO: ReadHtmlCache Behavior ::run [ RunTime:0.000642s ]
INFO: [ app_begin ] --END-- [ RunTime:0.000780s ]
INFO: [ view_parse ] --START--
NOTIC: [8] Use of undefined constant input - assumed 'input' D:\wamp\www\robot\app\Runtime\Cache\fc07ceeef3170a4b03050a9c1e6e1a29.php 第 5 行.
NOTIC: [8] Undefined index: out D:\wamp\www\robot\app\Lib\Widget\LesscWidget.class.php 第 10 行.
INFO: ParseTemplate Behavior ::run [ RunTime:1.009549s ]
INFO: [ view_parse ] --END-- [ RunTime:1.009702s ]
INFO: [ view_filter ] --START--
INFO: ContentReplace Behavior ::run [ RunTime:0.000837s ]
INFO: TokenBuild Behavior ::run [ RunTime:0.000568s ]
INFO: WriteHtmlCache Behavior ::run [ RunTime:0.000370s ]
INFO: ShowRuntime Behavior ::run [ RunTime:0.000673s ]
INFO: [ view_filter ] --END-- [ RunTime:0.002805s ]
INFO: [ view_end ] --START--
INFO: ShowPageTrace Behavior ::run [ RunTime:0.000675s ]
INFO: [ view_end ] --END-- [ RunTime:0.000822s ]

[ 2013-09-24T11:39:07+08:00 ] 0.0.0.0 /robot/index.php/Index/join.html
INFO: [ route_check ] --START--
INFO: CheckRoute Behavior ::run [ RunTime:0.000878s ]
INFO: [ route_check ] --END-- [ RunTime:0.001026s ]
INFO: [ app_begin ] --START--
INFO: ReadHtmlCache Behavior ::run [ RunTime:0.000642s ]
INFO: [ app_begin ] --END-- [ RunTime:0.000773s ]
INFO: [ view_parse ] --START--
NOTIC: [8] Use of undefined constant input - assumed 'input' D:\wamp\www\robot\app\Runtime\Cache\fc07ceeef3170a4b03050a9c1e6e1a29.php 第 5 行.
NOTIC: [8] Undefined index: out D:\wamp\www\robot\app\Lib\Widget\LesscWidget.class.php 第 10 行.
INFO: ParseTemplate Behavior ::run [ RunTime:0.982930s ]
INFO: [ view_parse ] --END-- [ RunTime:0.983099s ]
INFO: [ view_filter ] --START--
INFO: ContentReplace Behavior ::run [ RunTime:0.000875s ]
INFO: TokenBuild Behavior ::run [ RunTime:0.000543s ]
INFO: WriteHtmlCache Behavior ::run [ RunTime:0.000373s ]
INFO: ShowRuntime Behavior ::run [ RunTime:0.000638s ]
INFO: [ view_filter ] --END-- [ RunTime:0.002826s ]
INFO: [ view_end ] --START--
INFO: ShowPageTrace Behavior ::run [ RunTime:0.001342s ]
INFO: [ view_end ] --END-- [ RunTime:0.001486s ]

[ 2013-09-24T11:40:28+08:00 ] 0.0.0.0 /robot/index.php/Index/join.html
INFO: [ route_check ] --START--
INFO: CheckRoute Behavior ::run [ RunTime:0.000903s ]
INFO: [ route_check ] --END-- [ RunTime:0.001071s ]
INFO: [ app_begin ] --START--
INFO: ReadHtmlCache Behavior ::run [ RunTime:0.000617s ]
INFO: [ app_begin ] --END-- [ RunTime:0.000753s ]
INFO: [ view_parse ] --START--
NOTIC: [8] Use of undefined constant input - assumed 'input' D:\wamp\www\robot\app\Runtime\Cache\fc07ceeef3170a4b03050a9c1e6e1a29.php 第 5 行.
NOTIC: [8] Undefined index: out D:\wamp\www\robot\app\Lib\Widget\LesscWidget.class.php 第 10 行.
INFO: ParseTemplate Behavior ::run [ RunTime:1.003677s ]
INFO: [ view_parse ] --END-- [ RunTime:1.003824s ]
INFO: [ view_filter ] --START--
INFO: ContentReplace Behavior ::run [ RunTime:0.000869s ]
INFO: TokenBuild Behavior ::run [ RunTime:0.000525s ]
INFO: WriteHtmlCache Behavior ::run [ RunTime:0.000367s ]
INFO: ShowRuntime Behavior ::run [ RunTime:0.000656s ]
INFO: [ view_filter ] --END-- [ RunTime:0.002766s ]
INFO: [ view_end ] --START--
INFO: ShowPageTrace Behavior ::run [ RunTime:0.000672s ]
INFO: [ view_end ] --END-- [ RunTime:0.000802s ]

[ 2013-09-24T11:40:45+08:00 ] 0.0.0.0 /robot/index.php/Index/join.html
INFO: [ route_check ] --START--
INFO: CheckRoute Behavior ::run [ RunTime:0.000868s ]
INFO: [ route_check ] --END-- [ RunTime:0.001022s ]
INFO: [ app_begin ] --START--
INFO: ReadHtmlCache Behavior ::run [ RunTime:0.000638s ]
INFO: [ app_begin ] --END-- [ RunTime:0.000776s ]
INFO: [ view_parse ] --START--
NOTIC: [8] Use of undefined constant input - assumed 'input' D:\wamp\www\robot\app\Runtime\Cache\fc07ceeef3170a4b03050a9c1e6e1a29.php 第 5 行.
NOTIC: [8] Undefined index: out D:\wamp\www\robot\app\Lib\Widget\LesscWidget.class.php 第 10 行.
INFO: ParseTemplate Behavior ::run [ RunTime:1.014541s ]
INFO: [ view_parse ] --END-- [ RunTime:1.014696s ]
INFO: [ view_filter ] --START--
INFO: ContentReplace Behavior ::run [ RunTime:0.000862s ]
INFO: TokenBuild Behavior ::run [ RunTime:0.000536s ]
INFO: WriteHtmlCache Behavior ::run [ RunTime:0.000366s ]
INFO: ShowRuntime Behavior ::run [ RunTime:0.000656s ]
INFO: [ view_filter ] --END-- [ RunTime:0.002934s ]
INFO: [ view_end ] --START--
INFO: ShowPageTrace Behavior ::run [ RunTime:0.000740s ]
INFO: [ view_end ] --END-- [ RunTime:0.000891s ]

[ 2013-09-24T11:41:07+08:00 ] 0.0.0.0 /robot/index.php/Index/join.html
INFO: [ route_check ] --START--
INFO: CheckRoute Behavior ::run [ RunTime:0.000816s ]
INFO: [ route_check ] --END-- [ RunTime:0.000986s ]
INFO: [ app_begin ] --START--
INFO: ReadHtmlCache Behavior ::run [ RunTime:0.000609s ]
INFO: [ app_begin ] --END-- [ RunTime:0.000744s ]
INFO: [ view_parse ] --START--
NOTIC: [8] Use of undefined constant input - assumed 'input' D:\wamp\www\robot\app\Runtime\Cache\fc07ceeef3170a4b03050a9c1e6e1a29.php 第 5 行.
NOTIC: [8] Undefined index: out D:\wamp\www\robot\app\Lib\Widget\LesscWidget.class.php 第 10 行.
INFO: ParseTemplate Behavior ::run [ RunTime:1.009417s ]
INFO: [ view_parse ] --END-- [ RunTime:1.009567s ]
INFO: [ view_filter ] --START--
INFO: ContentReplace Behavior ::run [ RunTime:0.000876s ]
INFO: TokenBuild Behavior ::run [ RunTime:0.000539s ]
INFO: WriteHtmlCache Behavior ::run [ RunTime:0.000370s ]
INFO: ShowRuntime Behavior ::run [ RunTime:0.000646s ]
INFO: [ view_filter ] --END-- [ RunTime:0.002784s ]
INFO: [ view_end ] --START--
INFO: ShowPageTrace Behavior ::run [ RunTime:0.000647s ]
INFO: [ view_end ] --END-- [ RunTime:0.000774s ]

[ 2013-09-24T11:41:54+08:00 ] 0.0.0.0 /robot/index.php/Index/join.html
INFO: [ route_check ] --START--
INFO: CheckRoute Behavior ::run [ RunTime:0.000813s ]
INFO: [ route_check ] --END-- [ RunTime:0.000981s ]
INFO: [ app_begin ] --START--
INFO: ReadHtmlCache Behavior ::run [ RunTime:0.000613s ]
INFO: [ app_begin ] --END-- [ RunTime:0.000749s ]
INFO: [ view_parse ] --START--
NOTIC: [8] Use of undefined constant input - assumed 'input' D:\wamp\www\robot\app\Runtime\Cache\fc07ceeef3170a4b03050a9c1e6e1a29.php 第 5 行.
NOTIC: [8] Undefined index: out D:\wamp\www\robot\app\Lib\Widget\LesscWidget.class.php 第 10 行.
INFO: ParseTemplate Behavior ::run [ RunTime:0.998811s ]
INFO: [ view_parse ] --END-- [ RunTime:0.998958s ]
INFO: [ view_filter ] --START--
INFO: ContentReplace Behavior ::run [ RunTime:0.000817s ]
INFO: TokenBuild Behavior ::run [ RunTime:0.000521s ]
INFO: WriteHtmlCache Behavior ::run [ RunTime:0.000366s ]
INFO: ShowRuntime Behavior ::run [ RunTime:0.000619s ]
INFO: [ view_filter ] --END-- [ RunTime:0.002658s ]
INFO: [ view_end ] --START--
INFO: ShowPageTrace Behavior ::run [ RunTime:0.000648s ]
INFO: [ view_end ] --END-- [ RunTime:0.000773s ]

[ 2013-09-24T11:42:14+08:00 ] 0.0.0.0 /robot/index.php/Index/join.html
INFO: [ route_check ] --START--
INFO: CheckRoute Behavior ::run [ RunTime:0.000868s ]
INFO: [ route_check ] --END-- [ RunTime:0.001010s ]
INFO: [ app_begin ] --START--
INFO: ReadHtmlCache Behavior ::run [ RunTime:0.000615s ]
INFO: [ app_begin ] --END-- [ RunTime:0.000744s ]
INFO: [ view_parse ] --START--
NOTIC: [8] Use of undefined constant input - assumed 'input' D:\wamp\www\robot\app\Runtime\Cache\fc07ceeef3170a4b03050a9c1e6e1a29.php 第 5 行.
NOTIC: [8] Undefined index: out D:\wamp\www\robot\app\Lib\Widget\LesscWidget.class.php 第 10 行.
INFO: ParseTemplate Behavior ::run [ RunTime:0.940760s ]
INFO: [ view_parse ] --END-- [ RunTime:0.940909s ]
INFO: [ view_filter ] --START--
INFO: ContentReplace Behavior ::run [ RunTime:0.000841s ]
INFO: TokenBuild Behavior ::run [ RunTime:0.000670s ]
INFO: WriteHtmlCache Behavior ::run [ RunTime:0.000366s ]
INFO: ShowRuntime Behavior ::run [ RunTime:0.000629s ]
INFO: [ view_filter ] --END-- [ RunTime:0.002859s ]
INFO: [ view_end ] --START--
INFO: ShowPageTrace Behavior ::run [ RunTime:0.000719s ]
INFO: [ view_end ] --END-- [ RunTime:0.000847s ]

[ 2013-09-24T11:42:35+08:00 ] 0.0.0.0 /robot/index.php/Index/join.html
INFO: [ route_check ] --START--
INFO: CheckRoute Behavior ::run [ RunTime:0.000865s ]
INFO: [ route_check ] --END-- [ RunTime:0.001011s ]
INFO: [ app_begin ] --START--
INFO: ReadHtmlCache Behavior ::run [ RunTime:0.000641s ]
INFO: [ app_begin ] --END-- [ RunTime:0.000772s ]
INFO: [ view_parse ] --START--
NOTIC: [8] Use of undefined constant input - assumed 'input' D:\wamp\www\robot\app\Runtime\Cache\fc07ceeef3170a4b03050a9c1e6e1a29.php 第 5 行.
NOTIC: [8] Undefined index: out D:\wamp\www\robot\app\Lib\Widget\LesscWidget.class.php 第 10 行.
INFO: ParseTemplate Behavior ::run [ RunTime:0.984156s ]
INFO: [ view_parse ] --END-- [ RunTime:0.984331s ]
INFO: [ view_filter ] --START--
INFO: ContentReplace Behavior ::run [ RunTime:0.000871s ]
INFO: TokenBuild Behavior ::run [ RunTime:0.000537s ]
INFO: WriteHtmlCache Behavior ::run [ RunTime:0.000372s ]
INFO: ShowRuntime Behavior ::run [ RunTime:0.000642s ]
INFO: [ view_filter ] --END-- [ RunTime:0.002827s ]
INFO: [ view_end ] --START--
INFO: ShowPageTrace Behavior ::run [ RunTime:0.000723s ]
INFO: [ view_end ] --END-- [ RunTime:0.000958s ]

[ 2013-09-24T11:42:45+08:00 ] 0.0.0.0 /robot/index.php/Index/join.html
INFO: [ route_check ] --START--
INFO: CheckRoute Behavior ::run [ RunTime:0.000805s ]
INFO: [ route_check ] --END-- [ RunTime:0.000968s ]
INFO: [ app_begin ] --START--
INFO: ReadHtmlCache Behavior ::run [ RunTime:0.000640s ]
INFO: [ app_begin ] --END-- [ RunTime:0.000783s ]
INFO: [ view_parse ] --START--
NOTIC: [8] Use of undefined constant input - assumed 'input' D:\wamp\www\robot\app\Runtime\Cache\fc07ceeef3170a4b03050a9c1e6e1a29.php 第 5 行.
NOTIC: [8] Undefined index: out D:\wamp\www\robot\app\Lib\Widget\LesscWidget.class.php 第 10 行.
INFO: ParseTemplate Behavior ::run [ RunTime:0.992452s ]
INFO: [ view_parse ] --END-- [ RunTime:0.992600s ]
INFO: [ view_filter ] --START--
INFO: ContentReplace Behavior ::run [ RunTime:0.000817s ]
INFO: TokenBuild Behavior ::run [ RunTime:0.000519s ]
INFO: WriteHtmlCache Behavior ::run [ RunTime:0.000367s ]
INFO: ShowRuntime Behavior ::run [ RunTime:0.000683s ]
INFO: [ view_filter ] --END-- [ RunTime:0.002734s ]
INFO: [ view_end ] --START--
INFO: ShowPageTrace Behavior ::run [ RunTime:0.000717s ]
INFO: [ view_end ] --END-- [ RunTime:0.000885s ]

[ 2013-09-24T11:42:55+08:00 ] 0.0.0.0 /robot/index.php/Index/join.html
INFO: [ route_check ] --START--
INFO: CheckRoute Behavior ::run [ RunTime:0.000909s ]
INFO: [ route_check ] --END-- [ RunTime:0.001072s ]
INFO: [ app_begin ] --START--
INFO: ReadHtmlCache Behavior ::run [ RunTime:0.000719s ]
INFO: [ app_begin ] --END-- [ RunTime:0.000899s ]
INFO: [ view_parse ] --START--
NOTIC: [8] Use of undefined constant input - assumed 'input' D:\wamp\www\robot\app\Runtime\Cache\fc07ceeef3170a4b03050a9c1e6e1a29.php 第 5 行.
NOTIC: [8] Undefined index: out D:\wamp\www\robot\app\Lib\Widget\LesscWidget.class.php 第 10 行.
INFO: ParseTemplate Behavior ::run [ RunTime:1.000388s ]
INFO: [ view_parse ] --END-- [ RunTime:1.000547s ]
INFO: [ view_filter ] --START--
INFO: ContentReplace Behavior ::run [ RunTime:0.000843s ]
INFO: TokenBuild Behavior ::run [ RunTime:0.000536s ]
INFO: WriteHtmlCache Behavior ::run [ RunTime:0.000370s ]
INFO: ShowRuntime Behavior ::run [ RunTime:0.000669s ]
INFO: [ view_filter ] --END-- [ RunTime:0.002775s ]
INFO: [ view_end ] --START--
INFO: ShowPageTrace Behavior ::run [ RunTime:0.000651s ]
INFO: [ view_end ] --END-- [ RunTime:0.000796s ]

[ 2013-09-24T11:43:26+08:00 ] 0.0.0.0 /robot/index.php/Index/join.html
INFO: [ route_check ] --START--
INFO: CheckRoute Behavior ::run [ RunTime:0.000800s ]
INFO: [ route_check ] --END-- [ RunTime:0.000956s ]
INFO: [ app_begin ] --START--
INFO: ReadHtmlCache Behavior ::run [ RunTime:0.000638s ]
INFO: [ app_begin ] --END-- [ RunTime:0.000775s ]
INFO: [ view_parse ] --START--
NOTIC: [8] Use of undefined constant input - assumed 'input' D:\wamp\www\robot\app\Runtime\Cache\fc07ceeef3170a4b03050a9c1e6e1a29.php 第 5 行.
NOTIC: [8] Undefined index: out D:\wamp\www\robot\app\Lib\Widget\LesscWidget.class.php 第 10 行.
INFO: ParseTemplate Behavior ::run [ RunTime:1.019247s ]
INFO: [ view_parse ] --END-- [ RunTime:1.019398s ]
INFO: [ view_filter ] --START--
INFO: ContentReplace Behavior ::run [ RunTime:0.000841s ]
INFO: TokenBuild Behavior ::run [ RunTime:0.000556s ]
INFO: WriteHtmlCache Behavior ::run [ RunTime:0.000371s ]
INFO: ShowRuntime Behavior ::run [ RunTime:0.000674s ]
INFO: [ view_filter ] --END-- [ RunTime:0.002798s ]
INFO: [ view_end ] --START--
INFO: ShowPageTrace Behavior ::run [ RunTime:0.000658s ]
INFO: [ view_end ] --END-- [ RunTime:0.000802s ]

[ 2013-09-24T11:43:43+08:00 ] 0.0.0.0 /robot/index.php/Index/join.html
INFO: [ route_check ] --START--
INFO: CheckRoute Behavior ::run [ RunTime:0.000819s ]
INFO: [ route_check ] --END-- [ RunTime:0.000985s ]
INFO: [ app_begin ] --START--
INFO: ReadHtmlCache Behavior ::run [ RunTime:0.000614s ]
INFO: [ app_begin ] --END-- [ RunTime:0.000750s ]
INFO: [ view_parse ] --START--
NOTIC: [8] Use of undefined constant input - assumed 'input' D:\wamp\www\robot\app\Runtime\Cache\fc07ceeef3170a4b03050a9c1e6e1a29.php 第 5 行.
NOTIC: [8] Undefined index: out D:\wamp\www\robot\app\Lib\Widget\LesscWidget.class.php 第 10 行.
INFO: ParseTemplate Behavior ::run [ RunTime:0.979121s ]
INFO: [ view_parse ] --END-- [ RunTime:0.979280s ]
INFO: [ view_filter ] --START--
INFO: ContentReplace Behavior ::run [ RunTime:0.000988s ]
INFO: TokenBuild Behavior ::run [ RunTime:0.001776s ]
INFO: WriteHtmlCache Behavior ::run [ RunTime:0.000714s ]
INFO: ShowRuntime Behavior ::run [ RunTime:0.000659s ]
INFO: [ view_filter ] --END-- [ RunTime:0.004496s ]
INFO: [ view_end ] --START--
INFO: ShowPageTrace Behavior ::run [ RunTime:0.000659s ]
INFO: [ view_end ] --END-- [ RunTime:0.000821s ]

[ 2013-09-24T11:43:51+08:00 ] 0.0.0.0 /robot/index.php/Index/join.html
INFO: [ route_check ] --START--
INFO: CheckRoute Behavior ::run [ RunTime:0.000806s ]
INFO: [ route_check ] --END-- [ RunTime:0.000956s ]
INFO: [ app_begin ] --START--
INFO: ReadHtmlCache Behavior ::run [ RunTime:0.001415s ]
INFO: [ app_begin ] --END-- [ RunTime:0.001556s ]
INFO: [ view_parse ] --START--
NOTIC: [8] Use of undefined constant input - assumed 'input' D:\wamp\www\robot\app\Runtime\Cache\fc07ceeef3170a4b03050a9c1e6e1a29.php 第 5 行.
NOTIC: [8] Undefined index: out D:\wamp\www\robot\app\Lib\Widget\LesscWidget.class.php 第 10 行.
INFO: ParseTemplate Behavior ::run [ RunTime:0.948289s ]
INFO: [ view_parse ] --END-- [ RunTime:0.948458s ]
INFO: [ view_filter ] --START--
INFO: ContentReplace Behavior ::run [ RunTime:0.001075s ]
INFO: TokenBuild Behavior ::run [ RunTime:0.000561s ]
INFO: WriteHtmlCache Behavior ::run [ RunTime:0.007132s ]
INFO: ShowRuntime Behavior ::run [ RunTime:0.001492s ]
INFO: [ view_filter ] --END-- [ RunTime:0.010635s ]
INFO: [ view_end ] --START--
INFO: ShowPageTrace Behavior ::run [ RunTime:0.001597s ]
INFO: [ view_end ] --END-- [ RunTime:0.001724s ]

[ 2013-09-24T11:44:05+08:00 ] 0.0.0.0 /robot/index.php/Index/join.html
INFO: [ route_check ] --START--
INFO: CheckRoute Behavior ::run [ RunTime:0.000801s ]
INFO: [ route_check ] --END-- [ RunTime:0.000961s ]
INFO: [ app_begin ] --START--
INFO: ReadHtmlCache Behavior ::run [ RunTime:0.000613s ]
INFO: [ app_begin ] --END-- [ RunTime:0.000739s ]
INFO: [ view_parse ] --START--
NOTIC: [8] Use of undefined constant input - assumed 'input' D:\wamp\www\robot\app\Runtime\Cache\fc07ceeef3170a4b03050a9c1e6e1a29.php 第 5 行.
NOTIC: [8] Undefined index: out D:\wamp\www\robot\app\Lib\Widget\LesscWidget.class.php 第 10 行.
INFO: ParseTemplate Behavior ::run [ RunTime:0.953931s ]
INFO: [ view_parse ] --END-- [ RunTime:0.954090s ]
INFO: [ view_filter ] --START--
INFO: ContentReplace Behavior ::run [ RunTime:0.002177s ]
INFO: TokenBuild Behavior ::run [ RunTime:0.001225s ]
INFO: WriteHtmlCache Behavior ::run [ RunTime:0.000383s ]
INFO: ShowRuntime Behavior ::run [ RunTime:0.000640s ]
INFO: [ view_filter ] --END-- [ RunTime:0.004785s ]
INFO: [ view_end ] --START--
INFO: ShowPageTrace Behavior ::run [ RunTime:0.000668s ]
INFO: [ view_end ] --END-- [ RunTime:0.000796s ]

[ 2013-09-24T11:44:12+08:00 ] 0.0.0.0 /robot/index.php/Index/join.html
INFO: [ route_check ] --START--
INFO: CheckRoute Behavior ::run [ RunTime:0.000792s ]
INFO: [ route_check ] --END-- [ RunTime:0.000965s ]
INFO: [ app_begin ] --START--
INFO: ReadHtmlCache Behavior ::run [ RunTime:0.000670s ]
INFO: [ app_begin ] --END-- [ RunTime:0.000810s ]
INFO: [ view_parse ] --START--
NOTIC: [8] Use of undefined constant input - assumed 'input' D:\wamp\www\robot\app\Runtime\Cache\fc07ceeef3170a4b03050a9c1e6e1a29.php 第 5 行.
NOTIC: [8] Undefined index: out D:\wamp\www\robot\app\Lib\Widget\LesscWidget.class.php 第 10 行.
INFO: ParseTemplate Behavior ::run [ RunTime:1.036356s ]
INFO: [ view_parse ] --END-- [ RunTime:1.036517s ]
INFO: [ view_filter ] --START--
INFO: ContentReplace Behavior ::run [ RunTime:0.000836s ]
INFO: TokenBuild Behavior ::run [ RunTime:0.000545s ]
INFO: WriteHtmlCache Behavior ::run [ RunTime:0.000371s ]
INFO: ShowRuntime Behavior ::run [ RunTime:0.000727s ]
INFO: [ view_filter ] --END-- [ RunTime:0.002835s ]
INFO: [ view_end ] --START--
INFO: ShowPageTrace Behavior ::run [ RunTime:0.000690s ]
INFO: [ view_end ] --END-- [ RunTime:0.000839s ]

[ 2013-09-24T11:44:57+08:00 ] 0.0.0.0 /robot/index.php/Index/join.html
INFO: [ route_check ] --START--
INFO: CheckRoute Behavior ::run [ RunTime:0.000810s ]
INFO: [ route_check ] --END-- [ RunTime:0.000989s ]
INFO: [ app_begin ] --START--
INFO: ReadHtmlCache Behavior ::run [ RunTime:0.000664s ]
INFO: [ app_begin ] --END-- [ RunTime:0.000938s ]
INFO: [ view_parse ] --START--
NOTIC: [8] Use of undefined constant input - assumed 'input' D:\wamp\www\robot\app\Runtime\Cache\fc07ceeef3170a4b03050a9c1e6e1a29.php 第 5 行.
NOTIC: [8] Undefined index: out D:\wamp\www\robot\app\Lib\Widget\LesscWidget.class.php 第 10 行.
INFO: ParseTemplate Behavior ::run [ RunTime:0.989258s ]
INFO: [ view_parse ] --END-- [ RunTime:0.989420s ]
INFO: [ view_filter ] --START--
INFO: ContentReplace Behavior ::run [ RunTime:0.001502s ]
INFO: TokenBuild Behavior ::run [ RunTime:0.000545s ]
INFO: WriteHtmlCache Behavior ::run [ RunTime:0.000369s ]
INFO: ShowRuntime Behavior ::run [ RunTime:0.000631s ]
INFO: [ view_filter ] --END-- [ RunTime:0.003399s ]
INFO: [ view_end ] --START--
INFO: ShowPageTrace Behavior ::run [ RunTime:0.000636s ]
INFO: [ view_end ] --END-- [ RunTime:0.000763s ]

[ 2013-09-24T11:45:28+08:00 ] 0.0.0.0 /robot/index.php/Index/join.html
INFO: [ route_check ] --START--
INFO: CheckRoute Behavior ::run [ RunTime:0.000894s ]
INFO: [ route_check ] --END-- [ RunTime:0.001042s ]
INFO: [ app_begin ] --START--
INFO: ReadHtmlCache Behavior ::run [ RunTime:0.000639s ]
INFO: [ app_begin ] --END-- [ RunTime:0.000770s ]
INFO: [ view_parse ] --START--
NOTIC: [8] Use of undefined constant input - assumed 'input' D:\wamp\www\robot\app\Runtime\Cache\fc07ceeef3170a4b03050a9c1e6e1a29.php 第 5 行.
NOTIC: [8] Undefined index: out D:\wamp\www\robot\app\Lib\Widget\LesscWidget.class.php 第 10 行.
INFO: ParseTemplate Behavior ::run [ RunTime:0.991251s ]
INFO: [ view_parse ] --END-- [ RunTime:0.991428s ]
INFO: [ view_filter ] --START--
INFO: ContentReplace Behavior ::run [ RunTime:0.000954s ]
INFO: TokenBuild Behavior ::run [ RunTime:0.000546s ]
INFO: WriteHtmlCache Behavior ::run [ RunTime:0.000375s ]
INFO: ShowRuntime Behavior ::run [ RunTime:0.000644s ]
INFO: [ view_filter ] --END-- [ RunTime:0.002931s ]
INFO: [ view_end ] --START--
INFO: ShowPageTrace Behavior ::run [ RunTime:0.000667s ]
INFO: [ view_end ] --END-- [ RunTime:0.000797s ]

[ 2013-09-24T11:45:40+08:00 ] 0.0.0.0 /robot/index.php/Index/join.html
INFO: [ route_check ] --START--
INFO: CheckRoute Behavior ::run [ RunTime:0.000799s ]
INFO: [ route_check ] --END-- [ RunTime:0.000946s ]
INFO: [ app_begin ] --START--
INFO: ReadHtmlCache Behavior ::run [ RunTime:0.000615s ]
INFO: [ app_begin ] --END-- [ RunTime:0.000744s ]
INFO: [ view_parse ] --START--
NOTIC: [8] Use of undefined constant input - assumed 'input' D:\wamp\www\robot\app\Runtime\Cache\fc07ceeef3170a4b03050a9c1e6e1a29.php 第 5 行.
NOTIC: [8] Undefined index: out D:\wamp\www\robot\app\Lib\Widget\LesscWidget.class.php 第 10 行.
INFO: ParseTemplate Behavior ::run [ RunTime:0.970119s ]
INFO: [ view_parse ] --END-- [ RunTime:0.970268s ]
INFO: [ view_filter ] --START--
INFO: ContentReplace Behavior ::run [ RunTime:0.000825s ]
INFO: TokenBuild Behavior ::run [ RunTime:0.000526s ]
INFO: WriteHtmlCache Behavior ::run [ RunTime:0.000364s ]
INFO: ShowRuntime Behavior ::run [ RunTime:0.000657s ]
INFO: [ view_filter ] --END-- [ RunTime:0.002723s ]
INFO: [ view_end ] --START--
INFO: ShowPageTrace Behavior ::run [ RunTime:0.000654s ]
INFO: [ view_end ] --END-- [ RunTime:0.000778s ]

[ 2013-09-24T11:46:39+08:00 ] 0.0.0.0 /robot/index.php/Index/join.html
INFO: [ route_check ] --START--
INFO: CheckRoute Behavior ::run [ RunTime:0.001062s ]
INFO: [ route_check ] --END-- [ RunTime:0.001232s ]
INFO: [ app_begin ] --START--
INFO: ReadHtmlCache Behavior ::run [ RunTime:0.000652s ]
INFO: [ app_begin ] --END-- [ RunTime:0.000790s ]
INFO: [ view_parse ] --START--
NOTIC: [8] Use of undefined constant input - assumed 'input' D:\wamp\www\robot\app\Runtime\Cache\fc07ceeef3170a4b03050a9c1e6e1a29.php 第 5 行.
NOTIC: [8] Undefined index: out D:\wamp\www\robot\app\Lib\Widget\LesscWidget.class.php 第 10 行.
INFO: ParseTemplate Behavior ::run [ RunTime:1.030283s ]
INFO: [ view_parse ] --END-- [ RunTime:1.030446s ]
INFO: [ view_filter ] --START--
INFO: ContentReplace Behavior ::run [ RunTime:0.000907s ]
INFO: TokenBuild Behavior ::run [ RunTime:0.000544s ]
INFO: WriteHtmlCache Behavior ::run [ RunTime:0.000368s ]
INFO: ShowRuntime Behavior ::run [ RunTime:0.000675s ]
INFO: [ view_filter ] --END-- [ RunTime:0.002846s ]
INFO: [ view_end ] --START--
INFO: ShowPageTrace Behavior ::run [ RunTime:0.000651s ]
INFO: [ view_end ] --END-- [ RunTime:0.000795s ]

[ 2013-09-24T11:46:51+08:00 ] 0.0.0.0 /robot/index.php/Index/join.html
INFO: [ route_check ] --START--
INFO: CheckRoute Behavior ::run [ RunTime:0.000774s ]
INFO: [ route_check ] --END-- [ RunTime:0.000913s ]
INFO: [ app_begin ] --START--
INFO: ReadHtmlCache Behavior ::run [ RunTime:0.000615s ]
INFO: [ app_begin ] --END-- [ RunTime:0.000743s ]
INFO: [ view_parse ] --START--
NOTIC: [8] Use of undefined constant input - assumed 'input' D:\wamp\www\robot\app\Runtime\Cache\fc07ceeef3170a4b03050a9c1e6e1a29.php 第 5 行.
NOTIC: [8] Undefined index: out D:\wamp\www\robot\app\Lib\Widget\LesscWidget.class.php 第 10 行.
INFO: ParseTemplate Behavior ::run [ RunTime:0.961775s ]
INFO: [ view_parse ] --END-- [ RunTime:0.961923s ]
INFO: [ view_filter ] --START--
INFO: ContentReplace Behavior ::run [ RunTime:0.000819s ]
INFO: TokenBuild Behavior ::run [ RunTime:0.000526s ]
INFO: WriteHtmlCache Behavior ::run [ RunTime:0.000379s ]
INFO: ShowRuntime Behavior ::run [ RunTime:0.000631s ]
INFO: [ view_filter ] --END-- [ RunTime:0.002699s ]
INFO: [ view_end ] --START--
INFO: ShowPageTrace Behavior ::run [ RunTime:0.000634s ]
INFO: [ view_end ] --END-- [ RunTime:0.000759s ]

