[ 2013-09-23T10:54:35+08:00 ] 0.0.0.0 /robot/
INFO: [ app_begin ] --START--
INFO: ReadHtmlCache Behavior ::run [ RunTime:0.000819s ]
INFO: [ app_begin ] --END-- [ RunTime:0.000983s ]
INFO: [ view_parse ] --START--
NOTIC: [8] Use of undefined constant input - assumed 'input' D:\wamp\www\robot\app\Runtime\Cache\3f6448edb80585dfae75998878cf29ba.php 第 5 行.
NOTIC: [8] Undefined index: out D:\wamp\www\robot\app\Lib\Widget\LesscWidget.class.php 第 10 行.
INFO: ParseTemplate Behavior ::run [ RunTime:0.809904s ]
INFO: [ view_parse ] --END-- [ RunTime:0.810055s ]
INFO: [ view_filter ] --START--
INFO: ContentReplace Behavior ::run [ RunTime:0.000746s ]
INFO: TokenBuild Behavior ::run [ RunTime:0.000511s ]
INFO: WriteHtmlCache Behavior ::run [ RunTime:0.000364s ]
INFO: ShowRuntime Behavior ::run [ RunTime:0.000616s ]
INFO: [ view_filter ] --END-- [ RunTime:0.002577s ]
INFO: [ view_end ] --START--
INFO: ShowPageTrace Behavior ::run [ RunTime:0.000631s ]
INFO: [ view_end ] --END-- [ RunTime:0.000753s ]

[ 2013-09-23T10:55:43+08:00 ] 0.0.0.0 /robot/
INFO: [ app_begin ] --START--
INFO: ReadHtmlCache Behavior ::run [ RunTime:0.000623s ]
INFO: [ app_begin ] --END-- [ RunTime:0.000761s ]
INFO: [ view_parse ] --START--
NOTIC: [8] Use of undefined constant input - assumed 'input' D:\wamp\www\robot\app\Runtime\Cache\3f6448edb80585dfae75998878cf29ba.php 第 5 行.
NOTIC: [8] Undefined index: out D:\wamp\www\robot\app\Lib\Widget\LesscWidget.class.php 第 10 行.
INFO: ParseTemplate Behavior ::run [ RunTime:0.767916s ]
INFO: [ view_parse ] --END-- [ RunTime:0.768067s ]
INFO: [ view_filter ] --START--
INFO: ContentReplace Behavior ::run [ RunTime:0.000746s ]
INFO: TokenBuild Behavior ::run [ RunTime:0.000510s ]
INFO: WriteHtmlCache Behavior ::run [ RunTime:0.000365s ]
INFO: ShowRuntime Behavior ::run [ RunTime:0.000619s ]
INFO: [ view_filter ] --END-- [ RunTime:0.002577s ]
INFO: [ view_end ] --START--
INFO: ShowPageTrace Behavior ::run [ RunTime:0.000634s ]
INFO: [ view_end ] --END-- [ RunTime:0.000772s ]

[ 2013-09-23T10:55:51+08:00 ] 0.0.0.0 /robot/
INFO: [ app_begin ] --START--
INFO: ReadHtmlCache Behavior ::run [ RunTime:0.000811s ]
INFO: [ app_begin ] --END-- [ RunTime:0.000955s ]
INFO: [ view_parse ] --START--
NOTIC: [8] Use of undefined constant input - assumed 'input' D:\wamp\www\robot\app\Runtime\Cache\3f6448edb80585dfae75998878cf29ba.php 第 5 行.
NOTIC: [8] Undefined index: out D:\wamp\www\robot\app\Lib\Widget\LesscWidget.class.php 第 10 行.
INFO: ParseTemplate Behavior ::run [ RunTime:0.749835s ]
INFO: [ view_parse ] --END-- [ RunTime:0.749993s ]
INFO: [ view_filter ] --START--
INFO: ContentReplace Behavior ::run [ RunTime:0.000743s ]
INFO: TokenBuild Behavior ::run [ RunTime:0.000511s ]
INFO: WriteHtmlCache Behavior ::run [ RunTime:0.000367s ]
INFO: ShowRuntime Behavior ::run [ RunTime:0.000619s ]
INFO: [ view_filter ] --END-- [ RunTime:0.002579s ]
INFO: [ view_end ] --START--
INFO: ShowPageTrace Behavior ::run [ RunTime:0.000630s ]
INFO: [ view_end ] --END-- [ RunTime:0.000753s ]

[ 2013-09-23T10:55:55+08:00 ] 0.0.0.0 /robot/
INFO: [ app_begin ] --START--
INFO: ReadHtmlCache Behavior ::run [ RunTime:0.000618s ]
INFO: [ app_begin ] --END-- [ RunTime:0.000756s ]
INFO: [ view_parse ] --START--
NOTIC: [8] Use of undefined constant input - assumed 'input' D:\wamp\www\robot\app\Runtime\Cache\3f6448edb80585dfae75998878cf29ba.php 第 5 行.
NOTIC: [8] Undefined index: out D:\wamp\www\robot\app\Lib\Widget\LesscWidget.class.php 第 10 行.
INFO: ParseTemplate Behavior ::run [ RunTime:0.750063s ]
INFO: [ view_parse ] --END-- [ RunTime:0.750215s ]
INFO: [ view_filter ] --START--
INFO: ContentReplace Behavior ::run [ RunTime:0.000755s ]
INFO: TokenBuild Behavior ::run [ RunTime:0.000511s ]
INFO: WriteHtmlCache Behavior ::run [ RunTime:0.000367s ]
INFO: ShowRuntime Behavior ::run [ RunTime:0.000620s ]
INFO: [ view_filter ] --END-- [ RunTime:0.002589s ]
INFO: [ view_end ] --START--
INFO: ShowPageTrace Behavior ::run [ RunTime:0.000630s ]
INFO: [ view_end ] --END-- [ RunTime:0.000751s ]

[ 2013-09-23T10:55:59+08:00 ] 0.0.0.0 /robot/
INFO: [ app_begin ] --START--
INFO: ReadHtmlCache Behavior ::run [ RunTime:0.000725s ]
INFO: [ app_begin ] --END-- [ RunTime:0.000872s ]
INFO: [ view_parse ] --START--
NOTIC: [8] Use of undefined constant input - assumed 'input' D:\wamp\www\robot\app\Runtime\Cache\3f6448edb80585dfae75998878cf29ba.php 第 5 行.
NOTIC: [8] Undefined index: out D:\wamp\www\robot\app\Lib\Widget\LesscWidget.class.php 第 10 行.
INFO: ParseTemplate Behavior ::run [ RunTime:0.775879s ]
INFO: [ view_parse ] --END-- [ RunTime:0.776030s ]
INFO: [ view_filter ] --START--
INFO: ContentReplace Behavior ::run [ RunTime:0.000889s ]
INFO: TokenBuild Behavior ::run [ RunTime:0.000528s ]
INFO: WriteHtmlCache Behavior ::run [ RunTime:0.000368s ]
INFO: ShowRuntime Behavior ::run [ RunTime:0.000625s ]
INFO: [ view_filter ] --END-- [ RunTime:0.002751s ]
INFO: [ view_end ] --START--
INFO: ShowPageTrace Behavior ::run [ RunTime:0.000636s ]
INFO: [ view_end ] --END-- [ RunTime:0.000759s ]

[ 2013-09-23T10:57:01+08:00 ] 0.0.0.0 /robot/
INFO: [ app_begin ] --START--
INFO: ReadHtmlCache Behavior ::run [ RunTime:0.000794s ]
INFO: [ app_begin ] --END-- [ RunTime:0.001062s ]
INFO: [ view_parse ] --START--
NOTIC: [8] Use of undefined constant input - assumed 'input' D:\wamp\www\robot\app\Runtime\Cache\3f6448edb80585dfae75998878cf29ba.php 第 5 行.
NOTIC: [8] Undefined index: out D:\wamp\www\robot\app\Lib\Widget\LesscWidget.class.php 第 10 行.
INFO: ParseTemplate Behavior ::run [ RunTime:0.773759s ]
INFO: [ view_parse ] --END-- [ RunTime:0.773914s ]
INFO: [ view_filter ] --START--
INFO: ContentReplace Behavior ::run [ RunTime:0.000746s ]
INFO: TokenBuild Behavior ::run [ RunTime:0.000514s ]
INFO: WriteHtmlCache Behavior ::run [ RunTime:0.000364s ]
INFO: ShowRuntime Behavior ::run [ RunTime:0.000623s ]
INFO: [ view_filter ] --END-- [ RunTime:0.002584s ]
INFO: [ view_end ] --START--
INFO: ShowPageTrace Behavior ::run [ RunTime:0.000631s ]
INFO: [ view_end ] --END-- [ RunTime:0.000753s ]

[ 2013-09-23T10:57:10+08:00 ] 0.0.0.0 /robot/
INFO: [ app_begin ] --START--
INFO: ReadHtmlCache Behavior ::run [ RunTime:0.000667s ]
INFO: [ app_begin ] --END-- [ RunTime:0.000804s ]
INFO: [ view_parse ] --START--
NOTIC: [8] Use of undefined constant input - assumed 'input' D:\wamp\www\robot\app\Runtime\Cache\3f6448edb80585dfae75998878cf29ba.php 第 5 行.
NOTIC: [8] Undefined index: out D:\wamp\www\robot\app\Lib\Widget\LesscWidget.class.php 第 10 行.
INFO: ParseTemplate Behavior ::run [ RunTime:0.756703s ]
INFO: [ view_parse ] --END-- [ RunTime:0.756855s ]
INFO: [ view_filter ] --START--
INFO: ContentReplace Behavior ::run [ RunTime:0.000750s ]
INFO: TokenBuild Behavior ::run [ RunTime:0.000512s ]
INFO: WriteHtmlCache Behavior ::run [ RunTime:0.000362s ]
INFO: ShowRuntime Behavior ::run [ RunTime:0.000622s ]
INFO: [ view_filter ] --END-- [ RunTime:0.002582s ]
INFO: [ view_end ] --START--
INFO: ShowPageTrace Behavior ::run [ RunTime:0.000691s ]
INFO: [ view_end ] --END-- [ RunTime:0.000813s ]

[ 2013-09-23T10:57:30+08:00 ] 0.0.0.0 /robot/
INFO: [ app_begin ] --START--
INFO: ReadHtmlCache Behavior ::run [ RunTime:0.000758s ]
INFO: [ app_begin ] --END-- [ RunTime:0.000907s ]
INFO: [ view_parse ] --START--
NOTIC: [8] Use of undefined constant input - assumed 'input' D:\wamp\www\robot\app\Runtime\Cache\3f6448edb80585dfae75998878cf29ba.php 第 5 行.
NOTIC: [8] Undefined index: out D:\wamp\www\robot\app\Lib\Widget\LesscWidget.class.php 第 10 行.
INFO: ParseTemplate Behavior ::run [ RunTime:0.797231s ]
INFO: [ view_parse ] --END-- [ RunTime:0.797392s ]
INFO: [ view_filter ] --START--
INFO: ContentReplace Behavior ::run [ RunTime:0.000769s ]
INFO: TokenBuild Behavior ::run [ RunTime:0.000515s ]
INFO: WriteHtmlCache Behavior ::run [ RunTime:0.000366s ]
INFO: ShowRuntime Behavior ::run [ RunTime:0.000622s ]
INFO: [ view_filter ] --END-- [ RunTime:0.002612s ]
INFO: [ view_end ] --START--
INFO: ShowPageTrace Behavior ::run [ RunTime:0.000647s ]
INFO: [ view_end ] --END-- [ RunTime:0.000772s ]

[ 2013-09-23T10:57:31+08:00 ] 0.0.0.0 /robot/
INFO: [ app_begin ] --START--
INFO: ReadHtmlCache Behavior ::run [ RunTime:0.000799s ]
INFO: [ app_begin ] --END-- [ RunTime:0.000952s ]
INFO: [ view_parse ] --START--
NOTIC: [8] Use of undefined constant input - assumed 'input' D:\wamp\www\robot\app\Runtime\Cache\3f6448edb80585dfae75998878cf29ba.php 第 5 行.
NOTIC: [8] Undefined index: out D:\wamp\www\robot\app\Lib\Widget\LesscWidget.class.php 第 10 行.
INFO: ParseTemplate Behavior ::run [ RunTime:0.751581s ]
INFO: [ view_parse ] --END-- [ RunTime:0.751808s ]
INFO: [ view_filter ] --START--
INFO: ContentReplace Behavior ::run [ RunTime:0.000748s ]
INFO: TokenBuild Behavior ::run [ RunTime:0.000545s ]
INFO: WriteHtmlCache Behavior ::run [ RunTime:0.000365s ]
INFO: ShowRuntime Behavior ::run [ RunTime:0.000626s ]
INFO: [ view_filter ] --END-- [ RunTime:0.002626s ]
INFO: [ view_end ] --START--
INFO: ShowPageTrace Behavior ::run [ RunTime:0.000636s ]
INFO: [ view_end ] --END-- [ RunTime:0.000759s ]

[ 2013-09-23T10:57:45+08:00 ] 0.0.0.0 /robot/
INFO: [ app_begin ] --START--
INFO: ReadHtmlCache Behavior ::run [ RunTime:0.000618s ]
INFO: [ app_begin ] --END-- [ RunTime:0.000755s ]
INFO: [ view_parse ] --START--
NOTIC: [8] Use of undefined constant input - assumed 'input' D:\wamp\www\robot\app\Runtime\Cache\3f6448edb80585dfae75998878cf29ba.php 第 5 行.
NOTIC: [8] Undefined index: out D:\wamp\www\robot\app\Lib\Widget\LesscWidget.class.php 第 10 行.
INFO: ParseTemplate Behavior ::run [ RunTime:0.768833s ]
INFO: [ view_parse ] --END-- [ RunTime:0.768983s ]
INFO: [ view_filter ] --START--
INFO: ContentReplace Behavior ::run [ RunTime:0.000749s ]
INFO: TokenBuild Behavior ::run [ RunTime:0.000511s ]
INFO: WriteHtmlCache Behavior ::run [ RunTime:0.000496s ]
INFO: ShowRuntime Behavior ::run [ RunTime:0.000630s ]
INFO: [ view_filter ] --END-- [ RunTime:0.002734s ]
INFO: [ view_end ] --START--
INFO: ShowPageTrace Behavior ::run [ RunTime:0.000685s ]
INFO: [ view_end ] --END-- [ RunTime:0.000809s ]

[ 2013-09-23T11:12:31+08:00 ] 0.0.0.0 /robot/
INFO: [ app_begin ] --START--
INFO: ReadHtmlCache Behavior ::run [ RunTime:0.000719s ]
INFO: [ app_begin ] --END-- [ RunTime:0.000857s ]
INFO: [ view_parse ] --START--
NOTIC: [8] Use of undefined constant input - assumed 'input' D:\wamp\www\robot\app\Runtime\Cache\3f6448edb80585dfae75998878cf29ba.php 第 5 行.
NOTIC: [8] Undefined index: out D:\wamp\www\robot\app\Lib\Widget\LesscWidget.class.php 第 10 行.
INFO: ParseTemplate Behavior ::run [ RunTime:0.758833s ]
INFO: [ view_parse ] --END-- [ RunTime:0.758981s ]
INFO: [ view_filter ] --START--
INFO: ContentReplace Behavior ::run [ RunTime:0.000838s ]
INFO: TokenBuild Behavior ::run [ RunTime:0.000521s ]
INFO: WriteHtmlCache Behavior ::run [ RunTime:0.000372s ]
INFO: ShowRuntime Behavior ::run [ RunTime:0.000644s ]
INFO: [ view_filter ] --END-- [ RunTime:0.002718s ]
INFO: [ view_end ] --START--
INFO: ShowPageTrace Behavior ::run [ RunTime:0.000640s ]
INFO: [ view_end ] --END-- [ RunTime:0.000765s ]

[ 2013-09-23T11:12:58+08:00 ] 0.0.0.0 /robot/
INFO: [ app_begin ] --START--
INFO: ReadHtmlCache Behavior ::run [ RunTime:0.000715s ]
INFO: [ app_begin ] --END-- [ RunTime:0.000853s ]
INFO: [ view_parse ] --START--
NOTIC: [8] Use of undefined constant input - assumed 'input' D:\wamp\www\robot\app\Runtime\Cache\3f6448edb80585dfae75998878cf29ba.php 第 5 行.
NOTIC: [8] Undefined index: out D:\wamp\www\robot\app\Lib\Widget\LesscWidget.class.php 第 10 行.
INFO: ParseTemplate Behavior ::run [ RunTime:0.764198s ]
INFO: [ view_parse ] --END-- [ RunTime:0.764349s ]
INFO: [ view_filter ] --START--
INFO: ContentReplace Behavior ::run [ RunTime:0.000786s ]
INFO: TokenBuild Behavior ::run [ RunTime:0.000518s ]
INFO: WriteHtmlCache Behavior ::run [ RunTime:0.000362s ]
INFO: ShowRuntime Behavior ::run [ RunTime:0.000626s ]
INFO: [ view_filter ] --END-- [ RunTime:0.002630s ]
INFO: [ view_end ] --START--
INFO: ShowPageTrace Behavior ::run [ RunTime:0.000633s ]
INFO: [ view_end ] --END-- [ RunTime:0.000759s ]

[ 2013-09-23T11:13:42+08:00 ] 0.0.0.0 /robot/
INFO: [ app_begin ] --START--
INFO: ReadHtmlCache Behavior ::run [ RunTime:0.000951s ]
INFO: [ app_begin ] --END-- [ RunTime:0.001097s ]
INFO: [ view_parse ] --START--
NOTIC: [8] Use of undefined constant input - assumed 'input' D:\wamp\www\robot\app\Runtime\Cache\3f6448edb80585dfae75998878cf29ba.php 第 5 行.
NOTIC: [8] Undefined index: out D:\wamp\www\robot\app\Lib\Widget\LesscWidget.class.php 第 10 行.
INFO: ParseTemplate Behavior ::run [ RunTime:0.757606s ]
INFO: [ view_parse ] --END-- [ RunTime:0.757755s ]
INFO: [ view_filter ] --START--
INFO: ContentReplace Behavior ::run [ RunTime:0.000743s ]
INFO: TokenBuild Behavior ::run [ RunTime:0.000509s ]
INFO: WriteHtmlCache Behavior ::run [ RunTime:0.000372s ]
INFO: ShowRuntime Behavior ::run [ RunTime:0.000621s ]
INFO: [ view_filter ] --END-- [ RunTime:0.002584s ]
INFO: [ view_end ] --START--
INFO: ShowPageTrace Behavior ::run [ RunTime:0.000656s ]
INFO: [ view_end ] --END-- [ RunTime:0.000777s ]

[ 2013-09-23T11:13:56+08:00 ] 0.0.0.0 /robot/
INFO: [ app_begin ] --START--
INFO: ReadHtmlCache Behavior ::run [ RunTime:0.000616s ]
INFO: [ app_begin ] --END-- [ RunTime:0.000750s ]
INFO: [ view_parse ] --START--
NOTIC: [8] Use of undefined constant input - assumed 'input' D:\wamp\www\robot\app\Runtime\Cache\3f6448edb80585dfae75998878cf29ba.php 第 5 行.
NOTIC: [8] Undefined index: out D:\wamp\www\robot\app\Lib\Widget\LesscWidget.class.php 第 10 行.
INFO: ParseTemplate Behavior ::run [ RunTime:0.756284s ]
INFO: [ view_parse ] --END-- [ RunTime:0.756435s ]
INFO: [ view_filter ] --START--
INFO: ContentReplace Behavior ::run [ RunTime:0.000761s ]
INFO: TokenBuild Behavior ::run [ RunTime:0.000510s ]
INFO: WriteHtmlCache Behavior ::run [ RunTime:0.000382s ]
INFO: ShowRuntime Behavior ::run [ RunTime:0.000622s ]
INFO: [ view_filter ] --END-- [ RunTime:0.002613s ]
INFO: [ view_end ] --START--
INFO: ShowPageTrace Behavior ::run [ RunTime:0.000653s ]
INFO: [ view_end ] --END-- [ RunTime:0.000777s ]

[ 2013-09-23T11:14:12+08:00 ] 0.0.0.0 /robot/
INFO: [ app_begin ] --START--
INFO: ReadHtmlCache Behavior ::run [ RunTime:0.000626s ]
INFO: [ app_begin ] --END-- [ RunTime:0.000762s ]
INFO: [ view_parse ] --START--
NOTIC: [8] Use of undefined constant input - assumed 'input' D:\wamp\www\robot\app\Runtime\Cache\3f6448edb80585dfae75998878cf29ba.php 第 5 行.
NOTIC: [8] Undefined index: out D:\wamp\www\robot\app\Lib\Widget\LesscWidget.class.php 第 10 行.
INFO: ParseTemplate Behavior ::run [ RunTime:0.756870s ]
INFO: [ view_parse ] --END-- [ RunTime:0.757018s ]
INFO: [ view_filter ] --START--
INFO: ContentReplace Behavior ::run [ RunTime:0.000741s ]
INFO: TokenBuild Behavior ::run [ RunTime:0.000510s ]
INFO: WriteHtmlCache Behavior ::run [ RunTime:0.000393s ]
INFO: ShowRuntime Behavior ::run [ RunTime:0.000623s ]
INFO: [ view_filter ] --END-- [ RunTime:0.002611s ]
INFO: [ view_end ] --START--
INFO: ShowPageTrace Behavior ::run [ RunTime:0.000636s ]
INFO: [ view_end ] --END-- [ RunTime:0.000757s ]

[ 2013-09-23T11:14:21+08:00 ] 0.0.0.0 /robot/
INFO: [ app_begin ] --START--
INFO: ReadHtmlCache Behavior ::run [ RunTime:0.000620s ]
INFO: [ app_begin ] --END-- [ RunTime:0.000757s ]
INFO: [ view_parse ] --START--
NOTIC: [8] Use of undefined constant input - assumed 'input' D:\wamp\www\robot\app\Runtime\Cache\3f6448edb80585dfae75998878cf29ba.php 第 5 行.
NOTIC: [8] Undefined index: out D:\wamp\www\robot\app\Lib\Widget\LesscWidget.class.php 第 10 行.
INFO: ParseTemplate Behavior ::run [ RunTime:0.758858s ]
INFO: [ view_parse ] --END-- [ RunTime:0.759015s ]
INFO: [ view_filter ] --START--
INFO: ContentReplace Behavior ::run [ RunTime:0.000862s ]
INFO: TokenBuild Behavior ::run [ RunTime:0.000519s ]
INFO: WriteHtmlCache Behavior ::run [ RunTime:0.000366s ]
INFO: ShowRuntime Behavior ::run [ RunTime:0.000626s ]
INFO: [ view_filter ] --END-- [ RunTime:0.002725s ]
INFO: [ view_end ] --START--
INFO: ShowPageTrace Behavior ::run [ RunTime:0.000709s ]
INFO: [ view_end ] --END-- [ RunTime:0.000834s ]

[ 2013-09-23T11:14:56+08:00 ] 0.0.0.0 /robot/
INFO: [ app_begin ] --START--
INFO: ReadHtmlCache Behavior ::run [ RunTime:0.000636s ]
INFO: [ app_begin ] --END-- [ RunTime:0.000782s ]
INFO: [ view_parse ] --START--
NOTIC: [8] Use of undefined constant input - assumed 'input' D:\wamp\www\robot\app\Runtime\Cache\3f6448edb80585dfae75998878cf29ba.php 第 5 行.
NOTIC: [8] Undefined index: out D:\wamp\www\robot\app\Lib\Widget\LesscWidget.class.php 第 10 行.
INFO: ParseTemplate Behavior ::run [ RunTime:0.760821s ]
INFO: [ view_parse ] --END-- [ RunTime:0.760968s ]
INFO: [ view_filter ] --START--
INFO: ContentReplace Behavior ::run [ RunTime:0.000743s ]
INFO: TokenBuild Behavior ::run [ RunTime:0.000512s ]
INFO: WriteHtmlCache Behavior ::run [ RunTime:0.000365s ]
INFO: ShowRuntime Behavior ::run [ RunTime:0.000620s ]
INFO: [ view_filter ] --END-- [ RunTime:0.002577s ]
INFO: [ view_end ] --START--
INFO: ShowPageTrace Behavior ::run [ RunTime:0.000632s ]
INFO: [ view_end ] --END-- [ RunTime:0.000757s ]

[ 2013-09-23T11:15:16+08:00 ] 0.0.0.0 /robot/
INFO: [ app_begin ] --START--
INFO: ReadHtmlCache Behavior ::run [ RunTime:0.000627s ]
INFO: [ app_begin ] --END-- [ RunTime:0.000763s ]
INFO: [ view_parse ] --START--
NOTIC: [8] Use of undefined constant input - assumed 'input' D:\wamp\www\robot\app\Runtime\Cache\3f6448edb80585dfae75998878cf29ba.php 第 5 行.
NOTIC: [8] Undefined index: out D:\wamp\www\robot\app\Lib\Widget\LesscWidget.class.php 第 10 行.
INFO: ParseTemplate Behavior ::run [ RunTime:0.760908s ]
INFO: [ view_parse ] --END-- [ RunTime:0.761060s ]
INFO: [ view_filter ] --START--
INFO: ContentReplace Behavior ::run [ RunTime:0.000747s ]
INFO: TokenBuild Behavior ::run [ RunTime:0.000670s ]
INFO: WriteHtmlCache Behavior ::run [ RunTime:0.000371s ]
INFO: ShowRuntime Behavior ::run [ RunTime:0.000622s ]
INFO: [ view_filter ] --END-- [ RunTime:0.002749s ]
INFO: [ view_end ] --START--
INFO: ShowPageTrace Behavior ::run [ RunTime:0.000638s ]
INFO: [ view_end ] --END-- [ RunTime:0.000773s ]

[ 2013-09-23T11:15:23+08:00 ] 0.0.0.0 /robot/
INFO: [ app_begin ] --START--
INFO: ReadHtmlCache Behavior ::run [ RunTime:0.000616s ]
INFO: [ app_begin ] --END-- [ RunTime:0.000752s ]
INFO: [ view_parse ] --START--
NOTIC: [8] Use of undefined constant input - assumed 'input' D:\wamp\www\robot\app\Runtime\Cache\3f6448edb80585dfae75998878cf29ba.php 第 5 行.
NOTIC: [8] Undefined index: out D:\wamp\www\robot\app\Lib\Widget\LesscWidget.class.php 第 10 行.
INFO: ParseTemplate Behavior ::run [ RunTime:0.761723s ]
INFO: [ view_parse ] --END-- [ RunTime:0.761989s ]
INFO: [ view_filter ] --START--
INFO: ContentReplace Behavior ::run [ RunTime:0.000751s ]
INFO: TokenBuild Behavior ::run [ RunTime:0.000516s ]
INFO: WriteHtmlCache Behavior ::run [ RunTime:0.000363s ]
INFO: ShowRuntime Behavior ::run [ RunTime:0.000624s ]
INFO: [ view_filter ] --END-- [ RunTime:0.002590s ]
INFO: [ view_end ] --START--
INFO: ShowPageTrace Behavior ::run [ RunTime:0.000661s ]
INFO: [ view_end ] --END-- [ RunTime:0.000784s ]

[ 2013-09-23T11:19:40+08:00 ] 0.0.0.0 /robot/
INFO: [ app_begin ] --START--
INFO: ReadHtmlCache Behavior ::run [ RunTime:0.000709s ]
INFO: [ app_begin ] --END-- [ RunTime:0.000858s ]
INFO: [ view_parse ] --START--
NOTIC: [8] Use of undefined constant input - assumed 'input' D:\wamp\www\robot\app\Runtime\Cache\3f6448edb80585dfae75998878cf29ba.php 第 5 行.
NOTIC: [8] Undefined index: out D:\wamp\www\robot\app\Lib\Widget\LesscWidget.class.php 第 10 行.
INFO: ParseTemplate Behavior ::run [ RunTime:0.773269s ]
INFO: [ view_parse ] --END-- [ RunTime:0.773461s ]
INFO: [ view_filter ] --START--
INFO: ContentReplace Behavior ::run [ RunTime:0.000822s ]
INFO: TokenBuild Behavior ::run [ RunTime:0.000523s ]
INFO: WriteHtmlCache Behavior ::run [ RunTime:0.000363s ]
INFO: ShowRuntime Behavior ::run [ RunTime:0.000677s ]
INFO: [ view_filter ] --END-- [ RunTime:0.002750s ]
INFO: [ view_end ] --START--
INFO: ShowPageTrace Behavior ::run [ RunTime:0.000637s ]
INFO: [ view_end ] --END-- [ RunTime:0.000760s ]

[ 2013-09-23T11:22:52+08:00 ] 0.0.0.0 /robot/
INFO: [ app_begin ] --START--
INFO: ReadHtmlCache Behavior ::run [ RunTime:0.000716s ]
INFO: [ app_begin ] --END-- [ RunTime:0.000859s ]
INFO: [ view_parse ] --START--
NOTIC: [8] Use of undefined constant input - assumed 'input' D:\wamp\www\robot\app\Runtime\Cache\3f6448edb80585dfae75998878cf29ba.php 第 5 行.
NOTIC: [8] Undefined index: out D:\wamp\www\robot\app\Lib\Widget\LesscWidget.class.php 第 10 行.
INFO: ParseTemplate Behavior ::run [ RunTime:0.782208s ]
INFO: [ view_parse ] --END-- [ RunTime:0.782370s ]
INFO: [ view_filter ] --START--
INFO: ContentReplace Behavior ::run [ RunTime:0.000779s ]
INFO: TokenBuild Behavior ::run [ RunTime:0.000518s ]
INFO: WriteHtmlCache Behavior ::run [ RunTime:0.000363s ]
INFO: ShowRuntime Behavior ::run [ RunTime:0.000731s ]
INFO: [ view_filter ] --END-- [ RunTime:0.002782s ]
INFO: [ view_end ] --START--
INFO: ShowPageTrace Behavior ::run [ RunTime:0.000687s ]
INFO: [ view_end ] --END-- [ RunTime:0.000812s ]

[ 2013-09-23T11:23:22+08:00 ] 0.0.0.0 /robot/
INFO: [ app_begin ] --START--
INFO: ReadHtmlCache Behavior ::run [ RunTime:0.000763s ]
INFO: [ app_begin ] --END-- [ RunTime:0.000926s ]
INFO: [ view_parse ] --START--
NOTIC: [8] Use of undefined constant input - assumed 'input' D:\wamp\www\robot\app\Runtime\Cache\3f6448edb80585dfae75998878cf29ba.php 第 5 行.
NOTIC: [8] Undefined index: out D:\wamp\www\robot\app\Lib\Widget\LesscWidget.class.php 第 10 行.
INFO: ParseTemplate Behavior ::run [ RunTime:0.775826s ]
INFO: [ view_parse ] --END-- [ RunTime:0.775985s ]
INFO: [ view_filter ] --START--
INFO: ContentReplace Behavior ::run [ RunTime:0.000766s ]
INFO: TokenBuild Behavior ::run [ RunTime:0.000529s ]
INFO: WriteHtmlCache Behavior ::run [ RunTime:0.000374s ]
INFO: ShowRuntime Behavior ::run [ RunTime:0.000688s ]
INFO: [ view_filter ] --END-- [ RunTime:0.002743s ]
INFO: [ view_end ] --START--
INFO: ShowPageTrace Behavior ::run [ RunTime:0.000675s ]
INFO: [ view_end ] --END-- [ RunTime:0.000800s ]

[ 2013-09-23T11:23:48+08:00 ] 0.0.0.0 /robot/
INFO: [ app_begin ] --START--
INFO: ReadHtmlCache Behavior ::run [ RunTime:0.000724s ]
INFO: [ app_begin ] --END-- [ RunTime:0.000865s ]
INFO: [ view_parse ] --START--
NOTIC: [8] Use of undefined constant input - assumed 'input' D:\wamp\www\robot\app\Runtime\Cache\3f6448edb80585dfae75998878cf29ba.php 第 5 行.
NOTIC: [8] Undefined index: out D:\wamp\www\robot\app\Lib\Widget\LesscWidget.class.php 第 10 行.
INFO: ParseTemplate Behavior ::run [ RunTime:0.777616s ]
INFO: [ view_parse ] --END-- [ RunTime:0.777771s ]
INFO: [ view_filter ] --START--
INFO: ContentReplace Behavior ::run [ RunTime:0.000761s ]
INFO: TokenBuild Behavior ::run [ RunTime:0.000528s ]
INFO: WriteHtmlCache Behavior ::run [ RunTime:0.000371s ]
INFO: ShowRuntime Behavior ::run [ RunTime:0.000657s ]
INFO: [ view_filter ] --END-- [ RunTime:0.002660s ]
INFO: [ view_end ] --START--
INFO: ShowPageTrace Behavior ::run [ RunTime:0.000655s ]
INFO: [ view_end ] --END-- [ RunTime:0.000779s ]

[ 2013-09-23T11:32:18+08:00 ] 0.0.0.0 /robot/
INFO: [ app_begin ] --START--
INFO: ReadHtmlCache Behavior ::run [ RunTime:0.000952s ]
INFO: [ app_begin ] --END-- [ RunTime:0.001091s ]
INFO: [ view_parse ] --START--
NOTIC: [8] Use of undefined constant input - assumed 'input' D:\wamp\www\robot\app\Runtime\Cache\3f6448edb80585dfae75998878cf29ba.php 第 5 行.
NOTIC: [8] Undefined index: out D:\wamp\www\robot\app\Lib\Widget\LesscWidget.class.php 第 10 行.
INFO: ParseTemplate Behavior ::run [ RunTime:0.781560s ]
INFO: [ view_parse ] --END-- [ RunTime:0.781709s ]
INFO: [ view_filter ] --START--
INFO: ContentReplace Behavior ::run [ RunTime:0.000753s ]
INFO: TokenBuild Behavior ::run [ RunTime:0.000515s ]
INFO: WriteHtmlCache Behavior ::run [ RunTime:0.000363s ]
INFO: ShowRuntime Behavior ::run [ RunTime:0.000632s ]
INFO: [ view_filter ] --END-- [ RunTime:0.002600s ]
INFO: [ view_end ] --START--
INFO: ShowPageTrace Behavior ::run [ RunTime:0.000654s ]
INFO: [ view_end ] --END-- [ RunTime:0.000780s ]

[ 2013-09-23T11:33:34+08:00 ] 0.0.0.0 /robot/
INFO: [ app_begin ] --START--
INFO: ReadHtmlCache Behavior ::run [ RunTime:0.000630s ]
INFO: [ app_begin ] --END-- [ RunTime:0.000769s ]
INFO: [ view_parse ] --START--
NOTIC: [8] Use of undefined constant input - assumed 'input' D:\wamp\www\robot\app\Runtime\Cache\3f6448edb80585dfae75998878cf29ba.php 第 5 行.
NOTIC: [8] Undefined index: out D:\wamp\www\robot\app\Lib\Widget\LesscWidget.class.php 第 10 行.
INFO: ParseTemplate Behavior ::run [ RunTime:0.782494s ]
INFO: [ view_parse ] --END-- [ RunTime:0.782665s ]
INFO: [ view_filter ] --START--
INFO: ContentReplace Behavior ::run [ RunTime:0.001009s ]
INFO: TokenBuild Behavior ::run [ RunTime:0.000610s ]
INFO: WriteHtmlCache Behavior ::run [ RunTime:0.000373s ]
INFO: ShowRuntime Behavior ::run [ RunTime:0.000649s ]
INFO: [ view_filter ] --END-- [ RunTime:0.003256s ]
INFO: [ view_end ] --START--
INFO: ShowPageTrace Behavior ::run [ RunTime:0.000655s ]
INFO: [ view_end ] --END-- [ RunTime:0.000779s ]

[ 2013-09-23T11:33:54+08:00 ] 0.0.0.0 /robot/
INFO: [ app_begin ] --START--
INFO: ReadHtmlCache Behavior ::run [ RunTime:0.000637s ]
INFO: [ app_begin ] --END-- [ RunTime:0.000786s ]
INFO: [ view_parse ] --START--
NOTIC: [8] Use of undefined constant input - assumed 'input' D:\wamp\www\robot\app\Runtime\Cache\3f6448edb80585dfae75998878cf29ba.php 第 5 行.
NOTIC: [8] Undefined index: out D:\wamp\www\robot\app\Lib\Widget\LesscWidget.class.php 第 10 行.
INFO: ParseTemplate Behavior ::run [ RunTime:0.788103s ]
INFO: [ view_parse ] --END-- [ RunTime:0.788254s ]
INFO: [ view_filter ] --START--
INFO: ContentReplace Behavior ::run [ RunTime:0.000753s ]
INFO: TokenBuild Behavior ::run [ RunTime:0.000512s ]
INFO: WriteHtmlCache Behavior ::run [ RunTime:0.000395s ]
INFO: ShowRuntime Behavior ::run [ RunTime:0.000626s ]
INFO: [ view_filter ] --END-- [ RunTime:0.002657s ]
INFO: [ view_end ] --START--
INFO: ShowPageTrace Behavior ::run [ RunTime:0.000634s ]
INFO: [ view_end ] --END-- [ RunTime:0.000756s ]

[ 2013-09-23T11:34:12+08:00 ] 0.0.0.0 /robot/
INFO: [ app_begin ] --START--
INFO: ReadHtmlCache Behavior ::run [ RunTime:0.000727s ]
INFO: [ app_begin ] --END-- [ RunTime:0.000870s ]
INFO: [ view_parse ] --START--
NOTIC: [8] Use of undefined constant input - assumed 'input' D:\wamp\www\robot\app\Runtime\Cache\3f6448edb80585dfae75998878cf29ba.php 第 5 行.
NOTIC: [8] Undefined index: out D:\wamp\www\robot\app\Lib\Widget\LesscWidget.class.php 第 10 行.
INFO: ParseTemplate Behavior ::run [ RunTime:0.780681s ]
INFO: [ view_parse ] --END-- [ RunTime:0.780834s ]
INFO: [ view_filter ] --START--
INFO: ContentReplace Behavior ::run [ RunTime:0.000771s ]
INFO: TokenBuild Behavior ::run [ RunTime:0.000521s ]
INFO: WriteHtmlCache Behavior ::run [ RunTime:0.000363s ]
INFO: ShowRuntime Behavior ::run [ RunTime:0.000624s ]
INFO: [ view_filter ] --END-- [ RunTime:0.002618s ]
INFO: [ view_end ] --START--
INFO: ShowPageTrace Behavior ::run [ RunTime:0.000638s ]
INFO: [ view_end ] --END-- [ RunTime:0.000761s ]

[ 2013-09-23T11:35:12+08:00 ] 0.0.0.0 /robot/
INFO: [ app_begin ] --START--
INFO: ReadHtmlCache Behavior ::run [ RunTime:0.000648s ]
INFO: [ app_begin ] --END-- [ RunTime:0.000798s ]
INFO: [ view_parse ] --START--
NOTIC: [8] Use of undefined constant input - assumed 'input' D:\wamp\www\robot\app\Runtime\Cache\3f6448edb80585dfae75998878cf29ba.php 第 5 行.
NOTIC: [8] Undefined index: out D:\wamp\www\robot\app\Lib\Widget\LesscWidget.class.php 第 10 行.
INFO: ParseTemplate Behavior ::run [ RunTime:0.775297s ]
INFO: [ view_parse ] --END-- [ RunTime:0.775446s ]
INFO: [ view_filter ] --START--
INFO: ContentReplace Behavior ::run [ RunTime:0.000781s ]
INFO: TokenBuild Behavior ::run [ RunTime:0.000533s ]
INFO: WriteHtmlCache Behavior ::run [ RunTime:0.000371s ]
INFO: ShowRuntime Behavior ::run [ RunTime:0.000629s ]
INFO: [ view_filter ] --END-- [ RunTime:0.002648s ]
INFO: [ view_end ] --START--
INFO: ShowPageTrace Behavior ::run [ RunTime:0.000639s ]
INFO: [ view_end ] --END-- [ RunTime:0.000762s ]

[ 2013-09-23T11:35:20+08:00 ] 0.0.0.0 /robot/
INFO: [ app_begin ] --START--
INFO: ReadHtmlCache Behavior ::run [ RunTime:0.000643s ]
INFO: [ app_begin ] --END-- [ RunTime:0.000796s ]
INFO: [ view_parse ] --START--
NOTIC: [8] Use of undefined constant input - assumed 'input' D:\wamp\www\robot\app\Runtime\Cache\3f6448edb80585dfae75998878cf29ba.php 第 5 行.
NOTIC: [8] Undefined index: out D:\wamp\www\robot\app\Lib\Widget\LesscWidget.class.php 第 10 行.
INFO: ParseTemplate Behavior ::run [ RunTime:0.770967s ]
INFO: [ view_parse ] --END-- [ RunTime:0.771116s ]
INFO: [ view_filter ] --START--
INFO: ContentReplace Behavior ::run [ RunTime:0.000751s ]
INFO: TokenBuild Behavior ::run [ RunTime:0.000512s ]
INFO: WriteHtmlCache Behavior ::run [ RunTime:0.000367s ]
INFO: ShowRuntime Behavior ::run [ RunTime:0.000628s ]
INFO: [ view_filter ] --END-- [ RunTime:0.002594s ]
INFO: [ view_end ] --START--
INFO: ShowPageTrace Behavior ::run [ RunTime:0.000640s ]
INFO: [ view_end ] --END-- [ RunTime:0.000771s ]

[ 2013-09-23T11:35:36+08:00 ] 0.0.0.0 /robot/
INFO: [ app_begin ] --START--
INFO: ReadHtmlCache Behavior ::run [ RunTime:0.000623s ]
INFO: [ app_begin ] --END-- [ RunTime:0.000764s ]
INFO: [ view_parse ] --START--
NOTIC: [8] Use of undefined constant input - assumed 'input' D:\wamp\www\robot\app\Runtime\Cache\3f6448edb80585dfae75998878cf29ba.php 第 5 行.
NOTIC: [8] Undefined index: out D:\wamp\www\robot\app\Lib\Widget\LesscWidget.class.php 第 10 行.
INFO: ParseTemplate Behavior ::run [ RunTime:0.780646s ]
INFO: [ view_parse ] --END-- [ RunTime:0.780799s ]
INFO: [ view_filter ] --START--
INFO: ContentReplace Behavior ::run [ RunTime:0.000882s ]
INFO: TokenBuild Behavior ::run [ RunTime:0.000523s ]
INFO: WriteHtmlCache Behavior ::run [ RunTime:0.000365s ]
INFO: ShowRuntime Behavior ::run [ RunTime:0.000626s ]
INFO: [ view_filter ] --END-- [ RunTime:0.002732s ]
INFO: [ view_end ] --START--
INFO: ShowPageTrace Behavior ::run [ RunTime:0.000636s ]
INFO: [ view_end ] --END-- [ RunTime:0.000758s ]

[ 2013-09-23T11:35:54+08:00 ] 0.0.0.0 /robot/
INFO: [ app_begin ] --START--
INFO: ReadHtmlCache Behavior ::run [ RunTime:0.000816s ]
INFO: [ app_begin ] --END-- [ RunTime:0.000953s ]
INFO: [ view_parse ] --START--
NOTIC: [8] Use of undefined constant input - assumed 'input' D:\wamp\www\robot\app\Runtime\Cache\3f6448edb80585dfae75998878cf29ba.php 第 5 行.
NOTIC: [8] Undefined index: out D:\wamp\www\robot\app\Lib\Widget\LesscWidget.class.php 第 10 行.
INFO: ParseTemplate Behavior ::run [ RunTime:0.782944s ]
INFO: [ view_parse ] --END-- [ RunTime:0.783096s ]
INFO: [ view_filter ] --START--
INFO: ContentReplace Behavior ::run [ RunTime:0.000753s ]
INFO: TokenBuild Behavior ::run [ RunTime:0.000511s ]
INFO: WriteHtmlCache Behavior ::run [ RunTime:0.000361s ]
INFO: ShowRuntime Behavior ::run [ RunTime:0.000628s ]
INFO: [ view_filter ] --END-- [ RunTime:0.002589s ]
INFO: [ view_end ] --START--
INFO: ShowPageTrace Behavior ::run [ RunTime:0.000641s ]
INFO: [ view_end ] --END-- [ RunTime:0.000763s ]

[ 2013-09-23T11:36:27+08:00 ] 0.0.0.0 /robot/
INFO: [ app_begin ] --START--
INFO: ReadHtmlCache Behavior ::run [ RunTime:0.000619s ]
INFO: [ app_begin ] --END-- [ RunTime:0.000766s ]
INFO: [ view_parse ] --START--
NOTIC: [8] Use of undefined constant input - assumed 'input' D:\wamp\www\robot\app\Runtime\Cache\3f6448edb80585dfae75998878cf29ba.php 第 5 行.
NOTIC: [8] Undefined index: out D:\wamp\www\robot\app\Lib\Widget\LesscWidget.class.php 第 10 行.
INFO: ParseTemplate Behavior ::run [ RunTime:0.780737s ]
INFO: [ view_parse ] --END-- [ RunTime:0.780890s ]
INFO: [ view_filter ] --START--
INFO: ContentReplace Behavior ::run [ RunTime:0.000746s ]
INFO: TokenBuild Behavior ::run [ RunTime:0.000509s ]
INFO: WriteHtmlCache Behavior ::run [ RunTime:0.000505s ]
INFO: ShowRuntime Behavior ::run [ RunTime:0.000639s ]
INFO: [ view_filter ] --END-- [ RunTime:0.002738s ]
INFO: [ view_end ] --START--
INFO: ShowPageTrace Behavior ::run [ RunTime:0.000631s ]
INFO: [ view_end ] --END-- [ RunTime:0.000754s ]

[ 2013-09-23T11:37:07+08:00 ] 0.0.0.0 /robot/
INFO: [ app_begin ] --START--
INFO: ReadHtmlCache Behavior ::run [ RunTime:0.000613s ]
INFO: [ app_begin ] --END-- [ RunTime:0.000752s ]
INFO: [ view_parse ] --START--
NOTIC: [8] Use of undefined constant input - assumed 'input' D:\wamp\www\robot\app\Runtime\Cache\3f6448edb80585dfae75998878cf29ba.php 第 5 行.
NOTIC: [8] Undefined index: out D:\wamp\www\robot\app\Lib\Widget\LesscWidget.class.php 第 10 行.
INFO: ParseTemplate Behavior ::run [ RunTime:0.776134s ]
INFO: [ view_parse ] --END-- [ RunTime:0.776286s ]
INFO: [ view_filter ] --START--
INFO: ContentReplace Behavior ::run [ RunTime:0.000756s ]
INFO: TokenBuild Behavior ::run [ RunTime:0.000508s ]
INFO: WriteHtmlCache Behavior ::run [ RunTime:0.000361s ]
INFO: ShowRuntime Behavior ::run [ RunTime:0.000811s ]
INFO: [ view_filter ] --END-- [ RunTime:0.002773s ]
INFO: [ view_end ] --START--
INFO: ShowPageTrace Behavior ::run [ RunTime:0.000641s ]
INFO: [ view_end ] --END-- [ RunTime:0.000764s ]

[ 2013-09-23T11:37:24+08:00 ] 0.0.0.0 /robot/
INFO: [ app_begin ] --START--
INFO: ReadHtmlCache Behavior ::run [ RunTime:0.000631s ]
INFO: [ app_begin ] --END-- [ RunTime:0.000772s ]
INFO: [ view_parse ] --START--
NOTIC: [8] Use of undefined constant input - assumed 'input' D:\wamp\www\robot\app\Runtime\Cache\3f6448edb80585dfae75998878cf29ba.php 第 5 行.
NOTIC: [8] Undefined index: out D:\wamp\www\robot\app\Lib\Widget\LesscWidget.class.php 第 10 行.
INFO: ParseTemplate Behavior ::run [ RunTime:0.815005s ]
INFO: [ view_parse ] --END-- [ RunTime:0.815152s ]
INFO: [ view_filter ] --START--
INFO: ContentReplace Behavior ::run [ RunTime:0.000772s ]
INFO: TokenBuild Behavior ::run [ RunTime:0.000519s ]
INFO: WriteHtmlCache Behavior ::run [ RunTime:0.000374s ]
INFO: ShowRuntime Behavior ::run [ RunTime:0.000623s ]
INFO: [ view_filter ] --END-- [ RunTime:0.002625s ]
INFO: [ view_end ] --START--
INFO: ShowPageTrace Behavior ::run [ RunTime:0.000633s ]
INFO: [ view_end ] --END-- [ RunTime:0.000757s ]

[ 2013-09-23T11:37:47+08:00 ] 0.0.0.0 /robot/
INFO: [ app_begin ] --START--
INFO: ReadHtmlCache Behavior ::run [ RunTime:0.000619s ]
INFO: [ app_begin ] --END-- [ RunTime:0.000757s ]
INFO: [ view_parse ] --START--
NOTIC: [8] Use of undefined constant input - assumed 'input' D:\wamp\www\robot\app\Runtime\Cache\3f6448edb80585dfae75998878cf29ba.php 第 5 行.
NOTIC: [8] Undefined index: out D:\wamp\www\robot\app\Lib\Widget\LesscWidget.class.php 第 10 行.
INFO: ParseTemplate Behavior ::run [ RunTime:0.778292s ]
INFO: [ view_parse ] --END-- [ RunTime:0.778441s ]
INFO: [ view_filter ] --START--
INFO: ContentReplace Behavior ::run [ RunTime:0.000752s ]
INFO: TokenBuild Behavior ::run [ RunTime:0.000512s ]
INFO: WriteHtmlCache Behavior ::run [ RunTime:0.000360s ]
INFO: ShowRuntime Behavior ::run [ RunTime:0.000630s ]
INFO: [ view_filter ] --END-- [ RunTime:0.002589s ]
INFO: [ view_end ] --START--
INFO: ShowPageTrace Behavior ::run [ RunTime:0.000634s ]
INFO: [ view_end ] --END-- [ RunTime:0.000756s ]

[ 2013-09-23T11:38:03+08:00 ] 0.0.0.0 /robot/
INFO: [ app_begin ] --START--
INFO: ReadHtmlCache Behavior ::run [ RunTime:0.000623s ]
INFO: [ app_begin ] --END-- [ RunTime:0.000763s ]
INFO: [ view_parse ] --START--
NOTIC: [8] Use of undefined constant input - assumed 'input' D:\wamp\www\robot\app\Runtime\Cache\3f6448edb80585dfae75998878cf29ba.php 第 5 行.
NOTIC: [8] Undefined index: out D:\wamp\www\robot\app\Lib\Widget\LesscWidget.class.php 第 10 行.
INFO: ParseTemplate Behavior ::run [ RunTime:0.780313s ]
INFO: [ view_parse ] --END-- [ RunTime:0.780463s ]
INFO: [ view_filter ] --START--
INFO: ContentReplace Behavior ::run [ RunTime:0.000748s ]
INFO: TokenBuild Behavior ::run [ RunTime:0.000518s ]
INFO: WriteHtmlCache Behavior ::run [ RunTime:0.000538s ]
INFO: ShowRuntime Behavior ::run [ RunTime:0.000628s ]
INFO: [ view_filter ] --END-- [ RunTime:0.002766s ]
INFO: [ view_end ] --START--
INFO: ShowPageTrace Behavior ::run [ RunTime:0.000636s ]
INFO: [ view_end ] --END-- [ RunTime:0.000758s ]

[ 2013-09-23T11:38:36+08:00 ] 0.0.0.0 /robot/
INFO: [ app_begin ] --START--
INFO: ReadHtmlCache Behavior ::run [ RunTime:0.000617s ]
INFO: [ app_begin ] --END-- [ RunTime:0.000756s ]
INFO: [ view_parse ] --START--
NOTIC: [8] Use of undefined constant input - assumed 'input' D:\wamp\www\robot\app\Runtime\Cache\3f6448edb80585dfae75998878cf29ba.php 第 5 行.
NOTIC: [8] Undefined index: out D:\wamp\www\robot\app\Lib\Widget\LesscWidget.class.php 第 10 行.
INFO: ParseTemplate Behavior ::run [ RunTime:0.783519s ]
INFO: [ view_parse ] --END-- [ RunTime:0.783696s ]
INFO: [ view_filter ] --START--
INFO: ContentReplace Behavior ::run [ RunTime:0.000778s ]
INFO: TokenBuild Behavior ::run [ RunTime:0.000512s ]
INFO: WriteHtmlCache Behavior ::run [ RunTime:0.000368s ]
INFO: ShowRuntime Behavior ::run [ RunTime:0.000618s ]
INFO: [ view_filter ] --END-- [ RunTime:0.002629s ]
INFO: [ view_end ] --START--
INFO: ShowPageTrace Behavior ::run [ RunTime:0.000632s ]
INFO: [ view_end ] --END-- [ RunTime:0.000754s ]

[ 2013-09-23T11:39:01+08:00 ] 0.0.0.0 /robot/
INFO: [ app_begin ] --START--
INFO: ReadHtmlCache Behavior ::run [ RunTime:0.000621s ]
INFO: [ app_begin ] --END-- [ RunTime:0.000763s ]
INFO: [ view_parse ] --START--
NOTIC: [8] Use of undefined constant input - assumed 'input' D:\wamp\www\robot\app\Runtime\Cache\3f6448edb80585dfae75998878cf29ba.php 第 5 行.
NOTIC: [8] Undefined index: out D:\wamp\www\robot\app\Lib\Widget\LesscWidget.class.php 第 10 行.
INFO: ParseTemplate Behavior ::run [ RunTime:0.775343s ]
INFO: [ view_parse ] --END-- [ RunTime:0.775493s ]
INFO: [ view_filter ] --START--
INFO: ContentReplace Behavior ::run [ RunTime:0.000756s ]
INFO: TokenBuild Behavior ::run [ RunTime:0.000532s ]
INFO: WriteHtmlCache Behavior ::run [ RunTime:0.000370s ]
INFO: ShowRuntime Behavior ::run [ RunTime:0.000621s ]
INFO: [ view_filter ] --END-- [ RunTime:0.002616s ]
INFO: [ view_end ] --START--
INFO: ShowPageTrace Behavior ::run [ RunTime:0.000639s ]
INFO: [ view_end ] --END-- [ RunTime:0.000761s ]

[ 2013-09-23T11:39:03+08:00 ] 0.0.0.0 /robot/
INFO: [ app_begin ] --START--
INFO: ReadHtmlCache Behavior ::run [ RunTime:0.000611s ]
INFO: [ app_begin ] --END-- [ RunTime:0.000750s ]
INFO: [ view_parse ] --START--
NOTIC: [8] Use of undefined constant input - assumed 'input' D:\wamp\www\robot\app\Runtime\Cache\3f6448edb80585dfae75998878cf29ba.php 第 5 行.
NOTIC: [8] Undefined index: out D:\wamp\www\robot\app\Lib\Widget\LesscWidget.class.php 第 10 行.
INFO: ParseTemplate Behavior ::run [ RunTime:0.790697s ]
INFO: [ view_parse ] --END-- [ RunTime:0.790849s ]
INFO: [ view_filter ] --START--
INFO: ContentReplace Behavior ::run [ RunTime:0.000747s ]
INFO: TokenBuild Behavior ::run [ RunTime:0.000509s ]
INFO: WriteHtmlCache Behavior ::run [ RunTime:0.000361s ]
INFO: ShowRuntime Behavior ::run [ RunTime:0.000617s ]
INFO: [ view_filter ] --END-- [ RunTime:0.002583s ]
INFO: [ view_end ] --START--
INFO: ShowPageTrace Behavior ::run [ RunTime:0.000664s ]
INFO: [ view_end ] --END-- [ RunTime:0.000817s ]

[ 2013-09-23T11:39:06+08:00 ] 0.0.0.0 /robot/
INFO: [ app_begin ] --START--
INFO: ReadHtmlCache Behavior ::run [ RunTime:0.000611s ]
INFO: [ app_begin ] --END-- [ RunTime:0.000752s ]
INFO: [ view_parse ] --START--
NOTIC: [8] Use of undefined constant input - assumed 'input' D:\wamp\www\robot\app\Runtime\Cache\3f6448edb80585dfae75998878cf29ba.php 第 5 行.
NOTIC: [8] Undefined index: out D:\wamp\www\robot\app\Lib\Widget\LesscWidget.class.php 第 10 行.
INFO: ParseTemplate Behavior ::run [ RunTime:0.785974s ]
INFO: [ view_parse ] --END-- [ RunTime:0.786134s ]
INFO: [ view_filter ] --START--
INFO: ContentReplace Behavior ::run [ RunTime:0.001032s ]
INFO: TokenBuild Behavior ::run [ RunTime:0.000542s ]
INFO: WriteHtmlCache Behavior ::run [ RunTime:0.000365s ]
INFO: ShowRuntime Behavior ::run [ RunTime:0.000932s ]
INFO: [ view_filter ] --END-- [ RunTime:0.003229s ]
INFO: [ view_end ] --START--
INFO: ShowPageTrace Behavior ::run [ RunTime:0.000709s ]
INFO: [ view_end ] --END-- [ RunTime:0.000836s ]

[ 2013-09-23T11:39:08+08:00 ] 0.0.0.0 /robot/
INFO: [ app_begin ] --START--
INFO: ReadHtmlCache Behavior ::run [ RunTime:0.000619s ]
INFO: [ app_begin ] --END-- [ RunTime:0.000766s ]
INFO: [ view_parse ] --START--
NOTIC: [8] Use of undefined constant input - assumed 'input' D:\wamp\www\robot\app\Runtime\Cache\3f6448edb80585dfae75998878cf29ba.php 第 5 行.
NOTIC: [8] Undefined index: out D:\wamp\www\robot\app\Lib\Widget\LesscWidget.class.php 第 10 行.
INFO: ParseTemplate Behavior ::run [ RunTime:0.782245s ]
INFO: [ view_parse ] --END-- [ RunTime:0.782397s ]
INFO: [ view_filter ] --START--
INFO: ContentReplace Behavior ::run [ RunTime:0.000754s ]
INFO: TokenBuild Behavior ::run [ RunTime:0.000507s ]
INFO: WriteHtmlCache Behavior ::run [ RunTime:0.000364s ]
INFO: ShowRuntime Behavior ::run [ RunTime:0.000614s ]
INFO: [ view_filter ] --END-- [ RunTime:0.002578s ]
INFO: [ view_end ] --START--
INFO: ShowPageTrace Behavior ::run [ RunTime:0.000629s ]
INFO: [ view_end ] --END-- [ RunTime:0.000751s ]

[ 2013-09-23T11:39:11+08:00 ] 0.0.0.0 /robot/
INFO: [ app_begin ] --START--
INFO: ReadHtmlCache Behavior ::run [ RunTime:0.000621s ]
INFO: [ app_begin ] --END-- [ RunTime:0.000764s ]
INFO: [ view_parse ] --START--
NOTIC: [8] Use of undefined constant input - assumed 'input' D:\wamp\www\robot\app\Runtime\Cache\3f6448edb80585dfae75998878cf29ba.php 第 5 行.
NOTIC: [8] Undefined index: out D:\wamp\www\robot\app\Lib\Widget\LesscWidget.class.php 第 10 行.
INFO: ParseTemplate Behavior ::run [ RunTime:0.782295s ]
INFO: [ view_parse ] --END-- [ RunTime:0.782459s ]
INFO: [ view_filter ] --START--
INFO: ContentReplace Behavior ::run [ RunTime:0.000810s ]
INFO: TokenBuild Behavior ::run [ RunTime:0.000510s ]
INFO: WriteHtmlCache Behavior ::run [ RunTime:0.000391s ]
INFO: ShowRuntime Behavior ::run [ RunTime:0.000621s ]
INFO: [ view_filter ] --END-- [ RunTime:0.002681s ]
INFO: [ view_end ] --START--
INFO: ShowPageTrace Behavior ::run [ RunTime:0.000633s ]
INFO: [ view_end ] --END-- [ RunTime:0.000758s ]

[ 2013-09-23T11:39:13+08:00 ] 0.0.0.0 /robot/
INFO: [ app_begin ] --START--
INFO: ReadHtmlCache Behavior ::run [ RunTime:0.000625s ]
INFO: [ app_begin ] --END-- [ RunTime:0.000767s ]
INFO: [ view_parse ] --START--
NOTIC: [8] Use of undefined constant input - assumed 'input' D:\wamp\www\robot\app\Runtime\Cache\3f6448edb80585dfae75998878cf29ba.php 第 5 行.
NOTIC: [8] Undefined index: out D:\wamp\www\robot\app\Lib\Widget\LesscWidget.class.php 第 10 行.
INFO: ParseTemplate Behavior ::run [ RunTime:0.782898s ]
INFO: [ view_parse ] --END-- [ RunTime:0.783048s ]
INFO: [ view_filter ] --START--
INFO: ContentReplace Behavior ::run [ RunTime:0.000757s ]
INFO: TokenBuild Behavior ::run [ RunTime:0.000535s ]
INFO: WriteHtmlCache Behavior ::run [ RunTime:0.000380s ]
INFO: ShowRuntime Behavior ::run [ RunTime:0.000630s ]
INFO: [ view_filter ] --END-- [ RunTime:0.002642s ]
INFO: [ view_end ] --START--
INFO: ShowPageTrace Behavior ::run [ RunTime:0.000639s ]
INFO: [ view_end ] --END-- [ RunTime:0.000761s ]

[ 2013-09-23T11:39:15+08:00 ] 0.0.0.0 /robot/
INFO: [ app_begin ] --START--
INFO: ReadHtmlCache Behavior ::run [ RunTime:0.000616s ]
INFO: [ app_begin ] --END-- [ RunTime:0.000756s ]
INFO: [ view_parse ] --START--
NOTIC: [8] Use of undefined constant input - assumed 'input' D:\wamp\www\robot\app\Runtime\Cache\3f6448edb80585dfae75998878cf29ba.php 第 5 行.
NOTIC: [8] Undefined index: out D:\wamp\www\robot\app\Lib\Widget\LesscWidget.class.php 第 10 行.
INFO: ParseTemplate Behavior ::run [ RunTime:0.783503s ]
INFO: [ view_parse ] --END-- [ RunTime:0.783655s ]
INFO: [ view_filter ] --START--
INFO: ContentReplace Behavior ::run [ RunTime:0.000762s ]
INFO: TokenBuild Behavior ::run [ RunTime:0.000513s ]
INFO: WriteHtmlCache Behavior ::run [ RunTime:0.000359s ]
INFO: ShowRuntime Behavior ::run [ RunTime:0.000637s ]
INFO: [ view_filter ] --END-- [ RunTime:0.002610s ]
INFO: [ view_end ] --START--
INFO: ShowPageTrace Behavior ::run [ RunTime:0.000635s ]
INFO: [ view_end ] --END-- [ RunTime:0.000757s ]

[ 2013-09-23T11:39:47+08:00 ] 0.0.0.0 /robot/
INFO: [ app_begin ] --START--
INFO: ReadHtmlCache Behavior ::run [ RunTime:0.000618s ]
INFO: [ app_begin ] --END-- [ RunTime:0.000755s ]
INFO: [ view_parse ] --START--
NOTIC: [8] Use of undefined constant input - assumed 'input' D:\wamp\www\robot\app\Runtime\Cache\3f6448edb80585dfae75998878cf29ba.php 第 5 行.
NOTIC: [8] Undefined index: out D:\wamp\www\robot\app\Lib\Widget\LesscWidget.class.php 第 10 行.
INFO: ParseTemplate Behavior ::run [ RunTime:0.777211s ]
INFO: [ view_parse ] --END-- [ RunTime:0.777362s ]
INFO: [ view_filter ] --START--
INFO: ContentReplace Behavior ::run [ RunTime:0.000751s ]
INFO: TokenBuild Behavior ::run [ RunTime:0.000510s ]
INFO: WriteHtmlCache Behavior ::run [ RunTime:0.000361s ]
INFO: ShowRuntime Behavior ::run [ RunTime:0.000616s ]
INFO: [ view_filter ] --END-- [ RunTime:0.002575s ]
INFO: [ view_end ] --START--
INFO: ShowPageTrace Behavior ::run [ RunTime:0.000989s ]
INFO: [ view_end ] --END-- [ RunTime:0.001133s ]

[ 2013-09-23T11:40:04+08:00 ] 0.0.0.0 /robot/
INFO: [ app_begin ] --START--
INFO: ReadHtmlCache Behavior ::run [ RunTime:0.000615s ]
INFO: [ app_begin ] --END-- [ RunTime:0.000752s ]
INFO: [ view_parse ] --START--
NOTIC: [8] Use of undefined constant input - assumed 'input' D:\wamp\www\robot\app\Runtime\Cache\3f6448edb80585dfae75998878cf29ba.php 第 5 行.
NOTIC: [8] Undefined index: out D:\wamp\www\robot\app\Lib\Widget\LesscWidget.class.php 第 10 行.
INFO: ParseTemplate Behavior ::run [ RunTime:0.779263s ]
INFO: [ view_parse ] --END-- [ RunTime:0.779416s ]
INFO: [ view_filter ] --START--
INFO: ContentReplace Behavior ::run [ RunTime:0.000756s ]
INFO: TokenBuild Behavior ::run [ RunTime:0.000511s ]
INFO: WriteHtmlCache Behavior ::run [ RunTime:0.000360s ]
INFO: ShowRuntime Behavior ::run [ RunTime:0.000970s ]
INFO: [ view_filter ] --END-- [ RunTime:0.002935s ]
INFO: [ view_end ] --START--
INFO: ShowPageTrace Behavior ::run [ RunTime:0.000651s ]
INFO: [ view_end ] --END-- [ RunTime:0.000774s ]

[ 2013-09-23T11:40:43+08:00 ] 0.0.0.0 /robot/
INFO: [ app_begin ] --START--
INFO: ReadHtmlCache Behavior ::run [ RunTime:0.000633s ]
INFO: [ app_begin ] --END-- [ RunTime:0.000777s ]
INFO: [ view_parse ] --START--
NOTIC: [8] Use of undefined constant input - assumed 'input' D:\wamp\www\robot\app\Runtime\Cache\3f6448edb80585dfae75998878cf29ba.php 第 5 行.
NOTIC: [8] Undefined index: out D:\wamp\www\robot\app\Lib\Widget\LesscWidget.class.php 第 10 行.
INFO: ParseTemplate Behavior ::run [ RunTime:0.782911s ]
INFO: [ view_parse ] --END-- [ RunTime:0.783059s ]
INFO: [ view_filter ] --START--
INFO: ContentReplace Behavior ::run [ RunTime:0.000759s ]
INFO: TokenBuild Behavior ::run [ RunTime:0.000510s ]
INFO: WriteHtmlCache Behavior ::run [ RunTime:0.000366s ]
INFO: ShowRuntime Behavior ::run [ RunTime:0.000619s ]
INFO: [ view_filter ] --END-- [ RunTime:0.002588s ]
INFO: [ view_end ] --START--
INFO: ShowPageTrace Behavior ::run [ RunTime:0.000715s ]
INFO: [ view_end ] --END-- [ RunTime:0.000843s ]

[ 2013-09-23T11:40:55+08:00 ] 0.0.0.0 /robot/
INFO: [ app_begin ] --START--
INFO: ReadHtmlCache Behavior ::run [ RunTime:0.000616s ]
INFO: [ app_begin ] --END-- [ RunTime:0.000754s ]
INFO: [ view_parse ] --START--
NOTIC: [8] Use of undefined constant input - assumed 'input' D:\wamp\www\robot\app\Runtime\Cache\3f6448edb80585dfae75998878cf29ba.php 第 5 行.
NOTIC: [8] Undefined index: out D:\wamp\www\robot\app\Lib\Widget\LesscWidget.class.php 第 10 行.
INFO: ParseTemplate Behavior ::run [ RunTime:0.786230s ]
INFO: [ view_parse ] --END-- [ RunTime:0.786383s ]
INFO: [ view_filter ] --START--
INFO: ContentReplace Behavior ::run [ RunTime:0.000769s ]
INFO: TokenBuild Behavior ::run [ RunTime:0.000516s ]
INFO: WriteHtmlCache Behavior ::run [ RunTime:0.000361s ]
INFO: ShowRuntime Behavior ::run [ RunTime:0.000627s ]
INFO: [ view_filter ] --END-- [ RunTime:0.002613s ]
INFO: [ view_end ] --START--
INFO: ShowPageTrace Behavior ::run [ RunTime:0.000652s ]
INFO: [ view_end ] --END-- [ RunTime:0.000778s ]

[ 2013-09-23T11:41:04+08:00 ] 0.0.0.0 /robot/
INFO: [ app_begin ] --START--
INFO: ReadHtmlCache Behavior ::run [ RunTime:0.000638s ]
INFO: [ app_begin ] --END-- [ RunTime:0.000778s ]
INFO: [ view_parse ] --START--
NOTIC: [8] Use of undefined constant input - assumed 'input' D:\wamp\www\robot\app\Runtime\Cache\3f6448edb80585dfae75998878cf29ba.php 第 5 行.
NOTIC: [8] Undefined index: out D:\wamp\www\robot\app\Lib\Widget\LesscWidget.class.php 第 10 行.
INFO: ParseTemplate Behavior ::run [ RunTime:0.782094s ]
INFO: [ view_parse ] --END-- [ RunTime:0.782242s ]
INFO: [ view_filter ] --START--
INFO: ContentReplace Behavior ::run [ RunTime:0.000766s ]
INFO: TokenBuild Behavior ::run [ RunTime:0.000727s ]
INFO: WriteHtmlCache Behavior ::run [ RunTime:0.000376s ]
INFO: ShowRuntime Behavior ::run [ RunTime:0.000637s ]
INFO: [ view_filter ] --END-- [ RunTime:0.002840s ]
INFO: [ view_end ] --START--
INFO: ShowPageTrace Behavior ::run [ RunTime:0.000641s ]
INFO: [ view_end ] --END-- [ RunTime:0.000765s ]

[ 2013-09-23T11:41:25+08:00 ] 0.0.0.0 /robot/
INFO: [ app_begin ] --START--
INFO: ReadHtmlCache Behavior ::run [ RunTime:0.000618s ]
INFO: [ app_begin ] --END-- [ RunTime:0.000756s ]
INFO: [ view_parse ] --START--
NOTIC: [8] Use of undefined constant input - assumed 'input' D:\wamp\www\robot\app\Runtime\Cache\3f6448edb80585dfae75998878cf29ba.php 第 5 行.
NOTIC: [8] Undefined index: out D:\wamp\www\robot\app\Lib\Widget\LesscWidget.class.php 第 10 行.
INFO: ParseTemplate Behavior ::run [ RunTime:0.782791s ]
INFO: [ view_parse ] --END-- [ RunTime:0.782943s ]
INFO: [ view_filter ] --START--
INFO: ContentReplace Behavior ::run [ RunTime:0.000940s ]
INFO: TokenBuild Behavior ::run [ RunTime:0.000513s ]
INFO: WriteHtmlCache Behavior ::run [ RunTime:0.000360s ]
INFO: ShowRuntime Behavior ::run [ RunTime:0.000625s ]
INFO: [ view_filter ] --END-- [ RunTime:0.002773s ]
INFO: [ view_end ] --START--
INFO: ShowPageTrace Behavior ::run [ RunTime:0.000634s ]
INFO: [ view_end ] --END-- [ RunTime:0.000756s ]

[ 2013-09-23T11:42:04+08:00 ] 0.0.0.0 /robot/
INFO: [ app_begin ] --START--
INFO: ReadHtmlCache Behavior ::run [ RunTime:0.000615s ]
INFO: [ app_begin ] --END-- [ RunTime:0.000755s ]
INFO: [ view_parse ] --START--
NOTIC: [8] Use of undefined constant input - assumed 'input' D:\wamp\www\robot\app\Runtime\Cache\3f6448edb80585dfae75998878cf29ba.php 第 5 行.
NOTIC: [8] Undefined index: out D:\wamp\www\robot\app\Lib\Widget\LesscWidget.class.php 第 10 行.
INFO: ParseTemplate Behavior ::run [ RunTime:0.798015s ]
INFO: [ view_parse ] --END-- [ RunTime:0.798167s ]
INFO: [ view_filter ] --START--
INFO: ContentReplace Behavior ::run [ RunTime:0.000753s ]
INFO: TokenBuild Behavior ::run [ RunTime:0.000529s ]
INFO: WriteHtmlCache Behavior ::run [ RunTime:0.000363s ]
INFO: ShowRuntime Behavior ::run [ RunTime:0.000635s ]
INFO: [ view_filter ] --END-- [ RunTime:0.002616s ]
INFO: [ view_end ] --START--
INFO: ShowPageTrace Behavior ::run [ RunTime:0.000758s ]
INFO: [ view_end ] --END-- [ RunTime:0.000881s ]

[ 2013-09-23T12:06:08+08:00 ] 0.0.0.0 /robot/
INFO: [ app_begin ] --START--
INFO: ReadHtmlCache Behavior ::run [ RunTime:0.000737s ]
INFO: [ app_begin ] --END-- [ RunTime:0.000894s ]
INFO: [ view_parse ] --START--
NOTIC: [8] Use of undefined constant input - assumed 'input' D:\wamp\www\robot\app\Runtime\Cache\3f6448edb80585dfae75998878cf29ba.php 第 5 行.
NOTIC: [8] Undefined index: out D:\wamp\www\robot\app\Lib\Widget\LesscWidget.class.php 第 10 行.
INFO: ParseTemplate Behavior ::run [ RunTime:0.789804s ]
INFO: [ view_parse ] --END-- [ RunTime:0.789960s ]
INFO: [ view_filter ] --START--
INFO: ContentReplace Behavior ::run [ RunTime:0.000773s ]
INFO: TokenBuild Behavior ::run [ RunTime:0.000515s ]
INFO: WriteHtmlCache Behavior ::run [ RunTime:0.000362s ]
INFO: ShowRuntime Behavior ::run [ RunTime:0.000623s ]
INFO: [ view_filter ] --END-- [ RunTime:0.002610s ]
INFO: [ view_end ] --START--
INFO: ShowPageTrace Behavior ::run [ RunTime:0.000653s ]
INFO: [ view_end ] --END-- [ RunTime:0.000775s ]

[ 2013-09-23T12:06:10+08:00 ] 0.0.0.0 /robot/
INFO: [ app_begin ] --START--
INFO: ReadHtmlCache Behavior ::run [ RunTime:0.000836s ]
INFO: [ app_begin ] --END-- [ RunTime:0.000983s ]
INFO: [ view_parse ] --START--
NOTIC: [8] Use of undefined constant input - assumed 'input' D:\wamp\www\robot\app\Runtime\Cache\3f6448edb80585dfae75998878cf29ba.php 第 5 行.
NOTIC: [8] Undefined index: out D:\wamp\www\robot\app\Lib\Widget\LesscWidget.class.php 第 10 行.
INFO: ParseTemplate Behavior ::run [ RunTime:0.805923s ]
INFO: [ view_parse ] --END-- [ RunTime:0.806078s ]
INFO: [ view_filter ] --START--
INFO: ContentReplace Behavior ::run [ RunTime:0.000758s ]
INFO: TokenBuild Behavior ::run [ RunTime:0.000509s ]
INFO: WriteHtmlCache Behavior ::run [ RunTime:0.000358s ]
INFO: ShowRuntime Behavior ::run [ RunTime:0.000629s ]
INFO: [ view_filter ] --END-- [ RunTime:0.002590s ]
INFO: [ view_end ] --START--
INFO: ShowPageTrace Behavior ::run [ RunTime:0.000650s ]
INFO: [ view_end ] --END-- [ RunTime:0.000772s ]

[ 2013-09-23T12:06:12+08:00 ] 0.0.0.0 /robot/
INFO: [ app_begin ] --START--
INFO: ReadHtmlCache Behavior ::run [ RunTime:0.000622s ]
INFO: [ app_begin ] --END-- [ RunTime:0.000771s ]
INFO: [ view_parse ] --START--
NOTIC: [8] Use of undefined constant input - assumed 'input' D:\wamp\www\robot\app\Runtime\Cache\3f6448edb80585dfae75998878cf29ba.php 第 5 行.
NOTIC: [8] Undefined index: out D:\wamp\www\robot\app\Lib\Widget\LesscWidget.class.php 第 10 行.
INFO: ParseTemplate Behavior ::run [ RunTime:0.795519s ]
INFO: [ view_parse ] --END-- [ RunTime:0.795672s ]
INFO: [ view_filter ] --START--
INFO: ContentReplace Behavior ::run [ RunTime:0.000802s ]
INFO: TokenBuild Behavior ::run [ RunTime:0.000663s ]
INFO: WriteHtmlCache Behavior ::run [ RunTime:0.000373s ]
INFO: ShowRuntime Behavior ::run [ RunTime:0.000627s ]
INFO: [ view_filter ] --END-- [ RunTime:0.002818s ]
INFO: [ view_end ] --START--
INFO: ShowPageTrace Behavior ::run [ RunTime:0.000641s ]
INFO: [ view_end ] --END-- [ RunTime:0.000767s ]

[ 2013-09-23T12:40:23+08:00 ] 0.0.0.0 /robot/
INFO: [ app_begin ] --START--
INFO: ReadHtmlCache Behavior ::run [ RunTime:0.000715s ]
INFO: [ app_begin ] --END-- [ RunTime:0.000855s ]
INFO: [ view_parse ] --START--
NOTIC: [8] Use of undefined constant input - assumed 'input' D:\wamp\www\robot\app\Runtime\Cache\3f6448edb80585dfae75998878cf29ba.php 第 5 行.
NOTIC: [8] Undefined index: out D:\wamp\www\robot\app\Lib\Widget\LesscWidget.class.php 第 10 行.
INFO: ParseTemplate Behavior ::run [ RunTime:0.781797s ]
INFO: [ view_parse ] --END-- [ RunTime:0.781948s ]
INFO: [ view_filter ] --START--
INFO: ContentReplace Behavior ::run [ RunTime:0.001999s ]
INFO: TokenBuild Behavior ::run [ RunTime:0.000552s ]
INFO: WriteHtmlCache Behavior ::run [ RunTime:0.000365s ]
INFO: ShowRuntime Behavior ::run [ RunTime:0.000616s ]
INFO: [ view_filter ] --END-- [ RunTime:0.003911s ]
INFO: [ view_end ] --START--
INFO: ShowPageTrace Behavior ::run [ RunTime:0.000631s ]
INFO: [ view_end ] --END-- [ RunTime:0.000760s ]

[ 2013-09-23T12:40:25+08:00 ] 0.0.0.0 /robot/
INFO: [ app_begin ] --START--
INFO: ReadHtmlCache Behavior ::run [ RunTime:0.000610s ]
INFO: [ app_begin ] --END-- [ RunTime:0.000748s ]
INFO: [ view_parse ] --START--
NOTIC: [8] Use of undefined constant input - assumed 'input' D:\wamp\www\robot\app\Runtime\Cache\3f6448edb80585dfae75998878cf29ba.php 第 5 行.
NOTIC: [8] Undefined index: out D:\wamp\www\robot\app\Lib\Widget\LesscWidget.class.php 第 10 行.
INFO: ParseTemplate Behavior ::run [ RunTime:0.786757s ]
INFO: [ view_parse ] --END-- [ RunTime:0.786920s ]
INFO: [ view_filter ] --START--
INFO: ContentReplace Behavior ::run [ RunTime:0.000755s ]
INFO: TokenBuild Behavior ::run [ RunTime:0.000509s ]
INFO: WriteHtmlCache Behavior ::run [ RunTime:0.000359s ]
INFO: ShowRuntime Behavior ::run [ RunTime:0.000708s ]
INFO: [ view_filter ] --END-- [ RunTime:0.002679s ]
INFO: [ view_end ] --START--
INFO: ShowPageTrace Behavior ::run [ RunTime:0.001095s ]
INFO: [ view_end ] --END-- [ RunTime:0.001227s ]

[ 2013-09-23T12:40:35+08:00 ] 0.0.0.0 /robot/
INFO: [ app_begin ] --START--
INFO: ReadHtmlCache Behavior ::run [ RunTime:0.000614s ]
INFO: [ app_begin ] --END-- [ RunTime:0.000754s ]
INFO: [ view_parse ] --START--
NOTIC: [8] Use of undefined constant input - assumed 'input' D:\wamp\www\robot\app\Runtime\Cache\3f6448edb80585dfae75998878cf29ba.php 第 5 行.
NOTIC: [8] Undefined index: out D:\wamp\www\robot\app\Lib\Widget\LesscWidget.class.php 第 10 行.
INFO: ParseTemplate Behavior ::run [ RunTime:0.780662s ]
INFO: [ view_parse ] --END-- [ RunTime:0.780849s ]
INFO: [ view_filter ] --START--
INFO: ContentReplace Behavior ::run [ RunTime:0.000789s ]
INFO: TokenBuild Behavior ::run [ RunTime:0.000517s ]
INFO: WriteHtmlCache Behavior ::run [ RunTime:0.000364s ]
INFO: ShowRuntime Behavior ::run [ RunTime:0.000617s ]
INFO: [ view_filter ] --END-- [ RunTime:0.002628s ]
INFO: [ view_end ] --START--
INFO: ShowPageTrace Behavior ::run [ RunTime:0.000633s ]
INFO: [ view_end ] --END-- [ RunTime:0.000762s ]

[ 2013-09-23T12:41:50+08:00 ] 0.0.0.0 /robot/?
INFO: [ app_begin ] --START--
INFO: ReadHtmlCache Behavior ::run [ RunTime:0.000618s ]
INFO: [ app_begin ] --END-- [ RunTime:0.000754s ]
INFO: [ view_parse ] --START--
NOTIC: [8] Use of undefined constant input - assumed 'input' D:\wamp\www\robot\app\Runtime\Cache\3f6448edb80585dfae75998878cf29ba.php 第 5 行.
NOTIC: [8] Undefined index: out D:\wamp\www\robot\app\Lib\Widget\LesscWidget.class.php 第 10 行.
INFO: ParseTemplate Behavior ::run [ RunTime:0.785345s ]
INFO: [ view_parse ] --END-- [ RunTime:0.785495s ]
INFO: [ view_filter ] --START--
INFO: ContentReplace Behavior ::run [ RunTime:0.000745s ]
INFO: TokenBuild Behavior ::run [ RunTime:0.000507s ]
INFO: WriteHtmlCache Behavior ::run [ RunTime:0.000374s ]
INFO: ShowRuntime Behavior ::run [ RunTime:0.000622s ]
INFO: [ view_filter ] --END-- [ RunTime:0.002583s ]
INFO: [ view_end ] --START--
INFO: ShowPageTrace Behavior ::run [ RunTime:0.000630s ]
INFO: [ view_end ] --END-- [ RunTime:0.000755s ]

[ 2013-09-23T12:41:53+08:00 ] 0.0.0.0 /robot/?
INFO: [ app_begin ] --START--
INFO: ReadHtmlCache Behavior ::run [ RunTime:0.000618s ]
INFO: [ app_begin ] --END-- [ RunTime:0.000765s ]
INFO: [ view_parse ] --START--
NOTIC: [8] Use of undefined constant input - assumed 'input' D:\wamp\www\robot\app\Runtime\Cache\3f6448edb80585dfae75998878cf29ba.php 第 5 行.
NOTIC: [8] Undefined index: out D:\wamp\www\robot\app\Lib\Widget\LesscWidget.class.php 第 10 行.
INFO: ParseTemplate Behavior ::run [ RunTime:0.788325s ]
INFO: [ view_parse ] --END-- [ RunTime:0.788477s ]
INFO: [ view_filter ] --START--
INFO: ContentReplace Behavior ::run [ RunTime:0.000785s ]
INFO: TokenBuild Behavior ::run [ RunTime:0.000512s ]
INFO: WriteHtmlCache Behavior ::run [ RunTime:0.000358s ]
INFO: ShowRuntime Behavior ::run [ RunTime:0.000618s ]
INFO: [ view_filter ] --END-- [ RunTime:0.002677s ]
INFO: [ view_end ] --START--
INFO: ShowPageTrace Behavior ::run [ RunTime:0.000655s ]
INFO: [ view_end ] --END-- [ RunTime:0.000787s ]

[ 2013-09-23T12:45:11+08:00 ] 0.0.0.0 /robot/?
INFO: [ app_begin ] --START--
INFO: ReadHtmlCache Behavior ::run [ RunTime:0.000710s ]
INFO: [ app_begin ] --END-- [ RunTime:0.000850s ]
INFO: [ view_parse ] --START--
NOTIC: [8] Use of undefined constant input - assumed 'input' D:\wamp\www\robot\app\Runtime\Cache\3f6448edb80585dfae75998878cf29ba.php 第 5 行.
NOTIC: [8] Undefined index: out D:\wamp\www\robot\app\Lib\Widget\LesscWidget.class.php 第 10 行.
INFO: ParseTemplate Behavior ::run [ RunTime:0.773154s ]
INFO: [ view_parse ] --END-- [ RunTime:0.773306s ]
INFO: [ view_filter ] --START--
INFO: ContentReplace Behavior ::run [ RunTime:0.000751s ]
INFO: TokenBuild Behavior ::run [ RunTime:0.000515s ]
INFO: WriteHtmlCache Behavior ::run [ RunTime:0.000368s ]
INFO: ShowRuntime Behavior ::run [ RunTime:0.000620s ]
INFO: [ view_filter ] --END-- [ RunTime:0.002590s ]
INFO: [ view_end ] --START--
INFO: ShowPageTrace Behavior ::run [ RunTime:0.000636s ]
INFO: [ view_end ] --END-- [ RunTime:0.000758s ]

[ 2013-09-23T12:54:08+08:00 ] 0.0.0.0 /robot/?
INFO: [ app_begin ] --START--
INFO: ReadHtmlCache Behavior ::run [ RunTime:0.000843s ]
INFO: [ app_begin ] --END-- [ RunTime:0.000989s ]
INFO: [ view_parse ] --START--
NOTIC: [8] Use of undefined constant input - assumed 'input' D:\wamp\www\robot\app\Runtime\Cache\3f6448edb80585dfae75998878cf29ba.php 第 5 行.
NOTIC: [8] Undefined index: out D:\wamp\www\robot\app\Lib\Widget\LesscWidget.class.php 第 10 行.
INFO: ParseTemplate Behavior ::run [ RunTime:0.790910s ]
INFO: [ view_parse ] --END-- [ RunTime:0.791062s ]
INFO: [ view_filter ] --START--
INFO: ContentReplace Behavior ::run [ RunTime:0.000770s ]
INFO: TokenBuild Behavior ::run [ RunTime:0.000513s ]
INFO: WriteHtmlCache Behavior ::run [ RunTime:0.000371s ]
INFO: ShowRuntime Behavior ::run [ RunTime:0.000635s ]
INFO: [ view_filter ] --END-- [ RunTime:0.002629s ]
INFO: [ view_end ] --START--
INFO: ShowPageTrace Behavior ::run [ RunTime:0.000656s ]
INFO: [ view_end ] --END-- [ RunTime:0.000779s ]

[ 2013-09-23T12:55:02+08:00 ] 0.0.0.0 /robot/?
INFO: [ app_begin ] --START--
INFO: ReadHtmlCache Behavior ::run [ RunTime:0.000612s ]
INFO: [ app_begin ] --END-- [ RunTime:0.000749s ]
INFO: [ view_parse ] --START--
NOTIC: [8] Use of undefined constant input - assumed 'input' D:\wamp\www\robot\app\Runtime\Cache\3f6448edb80585dfae75998878cf29ba.php 第 5 行.
NOTIC: [8] Undefined index: out D:\wamp\www\robot\app\Lib\Widget\LesscWidget.class.php 第 10 行.
INFO: ParseTemplate Behavior ::run [ RunTime:0.794297s ]
INFO: [ view_parse ] --END-- [ RunTime:0.794462s ]
INFO: [ view_filter ] --START--
INFO: ContentReplace Behavior ::run [ RunTime:0.000763s ]
INFO: TokenBuild Behavior ::run [ RunTime:0.000507s ]
INFO: WriteHtmlCache Behavior ::run [ RunTime:0.000737s ]
INFO: ShowRuntime Behavior ::run [ RunTime:0.000636s ]
INFO: [ view_filter ] --END-- [ RunTime:0.002988s ]
INFO: [ view_end ] --START--
INFO: ShowPageTrace Behavior ::run [ RunTime:0.000638s ]
INFO: [ view_end ] --END-- [ RunTime:0.000763s ]

[ 2013-09-23T12:55:22+08:00 ] 0.0.0.0 /robot/?
INFO: [ app_begin ] --START--
INFO: ReadHtmlCache Behavior ::run [ RunTime:0.000768s ]
INFO: [ app_begin ] --END-- [ RunTime:0.000919s ]
INFO: [ view_parse ] --START--
NOTIC: [8] Use of undefined constant input - assumed 'input' D:\wamp\www\robot\app\Runtime\Cache\3f6448edb80585dfae75998878cf29ba.php 第 5 行.
NOTIC: [8] Undefined index: out D:\wamp\www\robot\app\Lib\Widget\LesscWidget.class.php 第 10 行.
INFO: ParseTemplate Behavior ::run [ RunTime:0.797230s ]
INFO: [ view_parse ] --END-- [ RunTime:0.797438s ]
INFO: [ view_filter ] --START--
INFO: ContentReplace Behavior ::run [ RunTime:0.000767s ]
INFO: TokenBuild Behavior ::run [ RunTime:0.000520s ]
INFO: WriteHtmlCache Behavior ::run [ RunTime:0.000358s ]
INFO: ShowRuntime Behavior ::run [ RunTime:0.000619s ]
INFO: [ view_filter ] --END-- [ RunTime:0.002599s ]
INFO: [ view_end ] --START--
INFO: ShowPageTrace Behavior ::run [ RunTime:0.000685s ]
INFO: [ view_end ] --END-- [ RunTime:0.000811s ]

[ 2013-09-23T12:56:02+08:00 ] 0.0.0.0 /robot/?
INFO: [ app_begin ] --START--
INFO: ReadHtmlCache Behavior ::run [ RunTime:0.000706s ]
INFO: [ app_begin ] --END-- [ RunTime:0.000846s ]
INFO: [ view_parse ] --START--
NOTIC: [8] Use of undefined constant input - assumed 'input' D:\wamp\www\robot\app\Runtime\Cache\3f6448edb80585dfae75998878cf29ba.php 第 5 行.
NOTIC: [8] Undefined index: out D:\wamp\www\robot\app\Lib\Widget\LesscWidget.class.php 第 10 行.
INFO: ParseTemplate Behavior ::run [ RunTime:0.802664s ]
INFO: [ view_parse ] --END-- [ RunTime:0.802820s ]
INFO: [ view_filter ] --START--
INFO: ContentReplace Behavior ::run [ RunTime:0.000774s ]
INFO: TokenBuild Behavior ::run [ RunTime:0.000510s ]
INFO: WriteHtmlCache Behavior ::run [ RunTime:0.000359s ]
INFO: ShowRuntime Behavior ::run [ RunTime:0.000663s ]
INFO: [ view_filter ] --END-- [ RunTime:0.002641s ]
INFO: [ view_end ] --START--
INFO: ShowPageTrace Behavior ::run [ RunTime:0.000723s ]
INFO: [ view_end ] --END-- [ RunTime:0.000850s ]

