[ 2013-10-10T14:29:22+08:00 ] 0.0.0.0 /robot/
INFO: [ app_begin ] --START--
INFO: ReadHtmlCache Behavior ::run [ RunTime:0.010243s ]
INFO: [ app_begin ] --END-- [ RunTime:0.010402s ]
INFO: [ view_parse ] --START--
NOTIC: [8] Use of undefined constant input - assumed 'input' D:\wamp\www\robot\app\Runtime\Cache\3f6448edb80585dfae75998878cf29ba.php 第 5 行.
NOTIC: [8] Undefined index: out D:\wamp\www\robot\app\Lib\Widget\LesscWidget.class.php 第 10 行.
NOTIC: [8] Use of undefined constant id - assumed 'id' D:\wamp\www\robot\app\Runtime\Cache\3f6448edb80585dfae75998878cf29ba.php 第 61 行.
NOTIC: [8] Use of undefined constant id - assumed 'id' D:\wamp\www\robot\app\Runtime\Cache\3f6448edb80585dfae75998878cf29ba.php 第 62 行.
NOTIC: [8] Use of undefined constant id - assumed 'id' D:\wamp\www\robot\app\Runtime\Cache\3f6448edb80585dfae75998878cf29ba.php 第 63 行.
NOTIC: [8] Use of undefined constant id - assumed 'id' D:\wamp\www\robot\app\Runtime\Cache\3f6448edb80585dfae75998878cf29ba.php 第 64 行.
NOTIC: [8] Use of undefined constant id - assumed 'id' D:\wamp\www\robot\app\Runtime\Cache\3f6448edb80585dfae75998878cf29ba.php 第 65 行.
NOTIC: [8] Use of undefined constant id - assumed 'id' D:\wamp\www\robot\app\Runtime\Cache\3f6448edb80585dfae75998878cf29ba.php 第 193 行.
NOTIC: [8] Use of undefined constant id - assumed 'id' D:\wamp\www\robot\app\Runtime\Cache\3f6448edb80585dfae75998878cf29ba.php 第 194 行.
NOTIC: [8] Use of undefined constant id - assumed 'id' D:\wamp\www\robot\app\Runtime\Cache\3f6448edb80585dfae75998878cf29ba.php 第 195 行.
NOTIC: [8] Use of undefined constant id - assumed 'id' D:\wamp\www\robot\app\Runtime\Cache\3f6448edb80585dfae75998878cf29ba.php 第 196 行.
NOTIC: [8] Use of undefined constant id - assumed 'id' D:\wamp\www\robot\app\Runtime\Cache\3f6448edb80585dfae75998878cf29ba.php 第 197 行.
INFO: ParseTemplate Behavior ::run [ RunTime:1.720573s ]
INFO: [ view_parse ] --END-- [ RunTime:1.720721s ]
INFO: [ view_filter ] --START--
INFO: ContentReplace Behavior ::run [ RunTime:0.014310s ]
INFO: TokenBuild Behavior ::run [ RunTime:0.005952s ]
INFO: WriteHtmlCache Behavior ::run [ RunTime:0.000666s ]
INFO: ShowRuntime Behavior ::run [ RunTime:0.000887s ]
INFO: [ view_filter ] --END-- [ RunTime:0.022170s ]
INFO: [ view_end ] --START--
INFO: ShowPageTrace Behavior ::run [ RunTime:0.009680s ]
INFO: [ view_end ] --END-- [ RunTime:0.009932s ]

[ 2013-10-10T14:33:14+08:00 ] 0.0.0.0 /robot/index.php/Index/about.html
INFO: [ route_check ] --START--
INFO: CheckRoute Behavior ::run [ RunTime:0.016942s ]
INFO: [ route_check ] --END-- [ RunTime:0.017096s ]
INFO: [ app_begin ] --START--
INFO: ReadHtmlCache Behavior ::run [ RunTime:0.000630s ]
INFO: [ app_begin ] --END-- [ RunTime:0.000756s ]
INFO: [ view_parse ] --START--
NOTIC: [8] Use of undefined constant input - assumed 'input' D:\wamp\www\robot\app\Runtime\Cache\2e02511801faa7a8371babbb4a3920f0.php 第 5 行.
NOTIC: [8] Undefined index: out D:\wamp\www\robot\app\Lib\Widget\LesscWidget.class.php 第 10 行.
NOTIC: [8] Use of undefined constant id - assumed 'id' D:\wamp\www\robot\app\Runtime\Cache\2e02511801faa7a8371babbb4a3920f0.php 第 61 行.
NOTIC: [8] Use of undefined constant id - assumed 'id' D:\wamp\www\robot\app\Runtime\Cache\2e02511801faa7a8371babbb4a3920f0.php 第 62 行.
NOTIC: [8] Use of undefined constant id - assumed 'id' D:\wamp\www\robot\app\Runtime\Cache\2e02511801faa7a8371babbb4a3920f0.php 第 63 行.
NOTIC: [8] Use of undefined constant id - assumed 'id' D:\wamp\www\robot\app\Runtime\Cache\2e02511801faa7a8371babbb4a3920f0.php 第 64 行.
NOTIC: [8] Use of undefined constant id - assumed 'id' D:\wamp\www\robot\app\Runtime\Cache\2e02511801faa7a8371babbb4a3920f0.php 第 65 行.
NOTIC: [8] Use of undefined constant id - assumed 'id' D:\wamp\www\robot\app\Runtime\Cache\2e02511801faa7a8371babbb4a3920f0.php 第 192 行.
NOTIC: [8] Use of undefined constant id - assumed 'id' D:\wamp\www\robot\app\Runtime\Cache\2e02511801faa7a8371babbb4a3920f0.php 第 193 行.
NOTIC: [8] Use of undefined constant id - assumed 'id' D:\wamp\www\robot\app\Runtime\Cache\2e02511801faa7a8371babbb4a3920f0.php 第 194 行.
NOTIC: [8] Use of undefined constant id - assumed 'id' D:\wamp\www\robot\app\Runtime\Cache\2e02511801faa7a8371babbb4a3920f0.php 第 195 行.
NOTIC: [8] Use of undefined constant id - assumed 'id' D:\wamp\www\robot\app\Runtime\Cache\2e02511801faa7a8371babbb4a3920f0.php 第 196 行.
INFO: ParseTemplate Behavior ::run [ RunTime:1.323525s ]
INFO: [ view_parse ] --END-- [ RunTime:1.323680s ]
INFO: [ view_filter ] --START--
INFO: ContentReplace Behavior ::run [ RunTime:0.000893s ]
INFO: TokenBuild Behavior ::run [ RunTime:0.000525s ]
INFO: WriteHtmlCache Behavior ::run [ RunTime:0.000366s ]
INFO: ShowRuntime Behavior ::run [ RunTime:0.000621s ]
INFO: [ view_filter ] --END-- [ RunTime:0.002745s ]
INFO: [ view_end ] --START--
INFO: ShowPageTrace Behavior ::run [ RunTime:0.000624s ]
INFO: [ view_end ] --END-- [ RunTime:0.000751s ]

